<?xml version="1.0" encoding="UTF-8"?>
<!-- Generated by org.testng.reporters.JUnitXMLReporter -->
<testsuite ignored="0" hostname="Hemendra" failures="0" tests="20" name="Test" time="67.252" errors="0" timestamp="2023-04-18T00:50:22 IST">
  <testcase classname="test.Login_test" name="@BeforeTest getLaunchgithub" time="66.196">
    <failure type="org.openqa.selenium.WebDriverException" message="chrome not reachable
Build info: version: &amp;apos;3.141.59&amp;apos;, revision: &amp;apos;e82be7d358&amp;apos;, time: &amp;apos;2018-11-14T08:17:03&amp;apos;
System info: host: &amp;apos;HEMENDRA&amp;apos;, ip: &amp;apos;192.168.0.103&amp;apos;, os.name: &amp;apos;Windows 11&amp;apos;, os.arch: &amp;apos;amd64&amp;apos;, os.version: &amp;apos;10.0&amp;apos;, java.version: &amp;apos;18.0.1.1&amp;apos;
Driver info: driver.version: EdgeDriver
remote stacktrace: Backtrace:
	GetHandleVerifier [0x00007FF6BBB6DF52+60274]
	Microsoft::Applications::Events::EventProperty::~EventProperty [0x00007FF6BBAFEBB2+818866]
	(No symbol) [0x00007FF6BB78DE16]
	(No symbol) [0x00007FF6BB77DA71]
	(No symbol) [0x00007FF6BB7BDDB5]
	(No symbol) [0x00007FF6BB7B8D24]
	(No symbol) [0x00007FF6BB7B440A]
	(No symbol) [0x00007FF6BB7F7341]
	(No symbol) [0x00007FF6BB7EF343]
	(No symbol) [0x00007FF6BB7C1796]
	(No symbol) [0x00007FF6BB7C0975]
	(No symbol) [0x00007FF6BB7C1F04]
	Microsoft::Applications::Events::EventProperties::SetLevel [0x00007FF6BBA027E7+1593703]
	Microsoft::Applications::Events::EventProperties::SetLevel [0x00007FF6BB8AAC6D+185837]
	Microsoft::Applications::Events::EventProperty::~EventProperty [0x00007FF6BBA3FD57+36951]
	Microsoft::Applications::Events::EventProperty::~EventProperty [0x00007FF6BBA37E65+4453]
	Microsoft::Applications::Events::ILogManager::DispatchEventBroadcast [0x00007FF6BBD3FD73+1319011]
	Microsoft::Applications::Events::EventProperty::~EventProperty [0x00007FF6BBB06C6C+851820]
	Microsoft::Applications::Events::EventProperty::~EventProperty [0x00007FF6BBB02CD4+835540]
	Microsoft::Applications::Events::EventProperty::~EventProperty [0x00007FF6BBB02E2C+835884]
	Microsoft::Applications::Events::EventProperty::~EventProperty [0x00007FF6BBAF8A01+793857]
	BaseThreadInitThunk [0x00007FFB5618269D+29]
	RtlUserThreadStart [0x00007FFB56C6A9F8+40]
">
      <![CDATA[org.openqa.selenium.WebDriverException: chrome not reachable
Build info: version: '3.141.59', revision: 'e82be7d358', time: '2018-11-14T08:17:03'
System info: host: 'HEMENDRA', ip: '192.168.0.103', os.name: 'Windows 11', os.arch: 'amd64', os.version: '10.0', java.version: '18.0.1.1'
Driver info: driver.version: EdgeDriver
remote stacktrace: Backtrace:
GetHandleVerifier [0x00007FF6BBB6DF52+60274]
Microsoft::Applications::Events::EventProperty::~EventProperty [0x00007FF6BBAFEBB2+818866]
(No symbol) [0x00007FF6BB78DE16]
(No symbol) [0x00007FF6BB77DA71]
(No symbol) [0x00007FF6BB7BDDB5]
(No symbol) [0x00007FF6BB7B8D24]
(No symbol) [0x00007FF6BB7B440A]
(No symbol) [0x00007FF6BB7F7341]
(No symbol) [0x00007FF6BB7EF343]
(No symbol) [0x00007FF6BB7C1796]
(No symbol) [0x00007FF6BB7C0975]
(No symbol) [0x00007FF6BB7C1F04]
Microsoft::Applications::Events::EventProperties::SetLevel [0x00007FF6BBA027E7+1593703]
Microsoft::Applications::Events::EventProperties::SetLevel [0x00007FF6BB8AAC6D+185837]
Microsoft::Applications::Events::EventProperty::~EventProperty [0x00007FF6BBA3FD57+36951]
Microsoft::Applications::Events::EventProperty::~EventProperty [0x00007FF6BBA37E65+4453]
Microsoft::Applications::Events::ILogManager::DispatchEventBroadcast [0x00007FF6BBD3FD73+1319011]
Microsoft::Applications::Events::EventProperty::~EventProperty [0x00007FF6BBB06C6C+851820]
Microsoft::Applications::Events::EventProperty::~EventProperty [0x00007FF6BBB02CD4+835540]
Microsoft::Applications::Events::EventProperty::~EventProperty [0x00007FF6BBB02E2C+835884]
Microsoft::Applications::Events::EventProperty::~EventProperty [0x00007FF6BBAF8A01+793857]
BaseThreadInitThunk [0x00007FFB5618269D+29]
RtlUserThreadStart [0x00007FFB56C6A9F8+40]

at org.openqa.selenium.remote.W3CHandshakeResponse.lambda$errorHandler$0(W3CHandshakeResponse.java:62)
at org.openqa.selenium.remote.HandshakeResponse.lambda$getResponseFunction$0(HandshakeResponse.java:30)
at org.openqa.selenium.remote.ProtocolHandshake.lambda$createSession$0(ProtocolHandshake.java:126)
at java.base/java.util.stream.ReferencePipeline$3$1.accept(ReferencePipeline.java:197)
at java.base/java.util.Spliterators$ArraySpliterator.tryAdvance(Spliterators.java:1002)
at java.base/java.util.stream.ReferencePipeline.forEachWithCancel(ReferencePipeline.java:129)
at java.base/java.util.stream.AbstractPipeline.copyIntoWithCancel(AbstractPipeline.java:527)
at java.base/java.util.stream.AbstractPipeline.copyInto(AbstractPipeline.java:513)
at java.base/java.util.stream.AbstractPipeline.wrapAndCopyInto(AbstractPipeline.java:499)
at java.base/java.util.stream.FindOps$FindOp.evaluateSequential(FindOps.java:150)
at java.base/java.util.stream.AbstractPipeline.evaluate(AbstractPipeline.java:234)
at java.base/java.util.stream.ReferencePipeline.findFirst(ReferencePipeline.java:647)
at org.openqa.selenium.remote.ProtocolHandshake.createSession(ProtocolHandshake.java:128)
at org.openqa.selenium.remote.ProtocolHandshake.createSession(ProtocolHandshake.java:74)
at org.openqa.selenium.remote.HttpCommandExecutor.execute(HttpCommandExecutor.java:136)
at org.openqa.selenium.remote.service.DriverCommandExecutor.execute(DriverCommandExecutor.java:83)
at org.openqa.selenium.remote.RemoteWebDriver.execute(RemoteWebDriver.java:552)
at org.openqa.selenium.remote.RemoteWebDriver.startSession(RemoteWebDriver.java:213)
at org.openqa.selenium.remote.RemoteWebDriver.<init>(RemoteWebDriver.java:131)
at org.openqa.selenium.edge.EdgeDriver.<init>(EdgeDriver.java:141)
at org.openqa.selenium.edge.EdgeDriver.<init>(EdgeDriver.java:96)
at baselibrary.Baselibrary11.getLaunchUrl(Baselibrary11.java:13)
at test.Login_test.getLaunchgithub(Login_test.java:16)
... Removed 25 stack frames]]>
    </failure>
  </testcase> <!-- @BeforeTest getLaunchgithub -->
  <testcase classname="test.Login_test" name="@AfterTest teardown" time="0.0">
    <skipped/>
  </testcase> <!-- @AfterTest teardown -->
  <testcase classname="test.Login_test" name="getVerifyTitle" time="0.0">
    <skipped/>
  </testcase> <!-- getVerifyTitle -->
  <testcase classname="test.Login_test" name="clickonsign" time="0.001">
    <skipped/>
  </testcase> <!-- clickonsign -->
  <testcase classname="test.Login_test" name="sendusername" time="0.001">
    <skipped/>
  </testcase> <!-- sendusername -->
  <testcase classname="test.Login_test" name="sendpassword" time="0.001">
    <skipped/>
  </testcase> <!-- sendpassword -->
  <testcase classname="test.Login_test" name="clickonsigninbutton" time="0.005">
    <skipped/>
  </testcase> <!-- clickonsigninbutton -->
  <testcase classname="test.Login_test" name="clickonnewbutton" time="0.0">
    <skipped/>
  </testcase> <!-- clickonnewbutton -->
  <testcase classname="test.Login_test" name="Createrepo" time="0.001">
    <skipped/>
  </testcase> <!-- Createrepo -->
  <testcase classname="test.Login_test" name="clickonissue" time="0.0">
    <skipped/>
  </testcase> <!-- clickonissue -->
  <testcase classname="test.Login_test" name="clickonnewissue" time="0.002">
    <skipped/>
  </testcase> <!-- clickonnewissue -->
  <testcase classname="test.Login_test" name="createnewissue" time="0.0">
    <skipped/>
  </testcase> <!-- createnewissue -->
  <testcase classname="test.Login_test" name="clickonnewissue1" time="0.0">
    <skipped/>
  </testcase> <!-- clickonnewissue1 -->
  <testcase classname="test.Login_test" name="createnewissue1" time="0.0">
    <skipped/>
  </testcase> <!-- createnewissue1 -->
  <testcase classname="test.Login_test" name="Addcomments" time="0.0">
    <skipped/>
  </testcase> <!-- Addcomments -->
  <testcase classname="test.Login_test" name="verifynewlink" time="0.001">
    <skipped/>
  </testcase> <!-- verifynewlink -->
  <testcase classname="test.Login_test" name="clickonsetting" time="0.0">
    <skipped/>
  </testcase> <!-- clickonsetting -->
  <testcase classname="test.Login_test" name="clickondeleterepo" time="0.0">
    <skipped/>
  </testcase> <!-- clickondeleterepo -->
  <testcase classname="test.Login_test" name="clickondeleterepobutton" time="0.0">
    <skipped/>
  </testcase> <!-- clickondeleterepobutton -->
  <testcase classname="test.Login_test" name="getsuccesfullmsg" time="0.0">
    <skipped/>
  </testcase> <!-- getsuccesfullmsg -->
  <testcase classname="test.Login_test" name="clickonHomebutton" time="0.0">
    <skipped/>
  </testcase> <!-- clickonHomebutton -->
  <testcase classname="test.Login_test" name="GetverifyRepo" time="0.0">
    <skipped/>
  </testcase> <!-- GetverifyRepo -->
</testsuite> <!-- Test -->
