<html>
<head>
<title>TestNG:  Test</title>
<link href="../testng.css" rel="stylesheet" type="text/css" />
<link href="../my-testng.css" rel="stylesheet" type="text/css" />

<style type="text/css">
.log { display: none;} 
.stack-trace { display: none;} 
</style>
<script type="text/javascript">
<!--
function flip(e) {
  current = e.style.display;
  if (current == 'block') {
    e.style.display = 'none';
    return 0;
  }
  else {
    e.style.display = 'block';
    return 1;
  }
}

function toggleBox(szDivId, elem, msg1, msg2)
{
  var res = -1;  if (document.getElementById) {
    res = flip(document.getElementById(szDivId));
  }
  else if (document.all) {
    // this is the way old msie versions work
    res = flip(document.all[szDivId]);
  }
  if(elem) {
    if(res == 0) elem.innerHTML = msg1; else elem.innerHTML = msg2;
  }

}

function toggleAllBoxes() {
  if (document.getElementsByTagName) {
    d = document.getElementsByTagName('div');
    for (i = 0; i < d.length; i++) {
      if (d[i].className == 'log') {
        flip(d[i]);
      }
    }
  }
}

// -->
</script>

</head>
<body>
<h2 align='center'>Test</h2><table border='1' align="center">
<tr>
<td>Tests passed/Failed/Skipped:</td><td>0/0/20</td>
</tr><tr>
<td>Started on:</td><td>Tue Apr 18 00:49:15 IST 2023</td>
</tr>
<tr><td>Total time:</td><td>67 seconds (67252 ms)</td>
</tr><tr>
<td>Included groups:</td><td></td>
</tr><tr>
<td>Excluded groups:</td><td></td>
</tr>
</table><p/>
<small><i>(Hover the method name to see the test class name)</i></small><p/>
<table width='100%' border='1' class='invocation-failed'>
<tr><td colspan='4' align='center'><b>FAILED CONFIGURATIONS</b></td></tr>
<tr><td><b>Test method</b></td>
<td><b>Attribute(s)</b></td>
<td width="30%"><b>Exception</b></td>
<td width="10%"><b>Time (seconds)</b></td>
<td><b>Instance</b></td>
</tr>
<tr>
<td title='test.Login_test.getLaunchgithub()'><b>getLaunchgithub</b><br>Test class: test.Login_test</td>
<td><div><pre>org.openqa.selenium.WebDriverException: chrome not reachable
Build info: version: &apos;3.141.59&apos;, revision: &apos;e82be7d358&apos;, time: &apos;2018-11-14T08:17:03&apos;
System info: host: &apos;HEMENDRA&apos;, ip: &apos;192.168.0.103&apos;, os.name: &apos;Windows 11&apos;, os.arch: &apos;amd64&apos;, os.version: &apos;10.0&apos;, java.version: &apos;18.0.1.1&apos;
Driver info: driver.version: EdgeDriver
remote stacktrace: Backtrace:
	GetHandleVerifier [0x00007FF6BBB6DF52+60274]
	Microsoft::Applications::Events::EventProperty::~EventProperty [0x00007FF6BBAFEBB2+818866]
	(No symbol) [0x00007FF6BB78DE16]
	(No symbol) [0x00007FF6BB77DA71]
	(No symbol) [0x00007FF6BB7BDDB5]
	(No symbol) [0x00007FF6BB7B8D24]
	(No symbol) [0x00007FF6BB7B440A]
	(No symbol) [0x00007FF6BB7F7341]
	(No symbol) [0x00007FF6BB7EF343]
	(No symbol) [0x00007FF6BB7C1796]
	(No symbol) [0x00007FF6BB7C0975]
	(No symbol) [0x00007FF6BB7C1F04]
	Microsoft::Applications::Events::EventProperties::SetLevel [0x00007FF6BBA027E7+1593703]
	Microsoft::Applications::Events::EventProperties::SetLevel [0x00007FF6BB8AAC6D+185837]
	Microsoft::Applications::Events::EventProperty::~EventProperty [0x00007FF6BBA3FD57+36951]
	Microsoft::Applications::Events::EventProperty::~EventProperty [0x00007FF6BBA37E65+4453]
	Microsoft::Applications::Events::ILogManager::DispatchEventBroadcast [0x00007FF6BBD3FD73+1319011]
	Microsoft::Applications::Events::EventProperty::~EventProperty [0x00007FF6BBB06C6C+851820]
	Microsoft::Applications::Events::EventProperty::~EventProperty [0x00007FF6BBB02CD4+835540]
	Microsoft::Applications::Events::EventProperty::~EventProperty [0x00007FF6BBB02E2C+835884]
	Microsoft::Applications::Events::EventProperty::~EventProperty [0x00007FF6BBAF8A01+793857]
	BaseThreadInitThunk [0x00007FFB5618269D+29]
	RtlUserThreadStart [0x00007FFB56C6A9F8+40]

	at org.openqa.selenium.remote.W3CHandshakeResponse.lambda$errorHandler$0(W3CHandshakeResponse.java:62)
	at org.openqa.selenium.remote.HandshakeResponse.lambda$getResponseFunction$0(HandshakeResponse.java:30)
	at org.openqa.selenium.remote.ProtocolHandshake.lambda$createSession$0(ProtocolHandshake.java:126)
	at java.base/java.util.stream.ReferencePipeline$3$1.accept(ReferencePipeline.java:197)
	at java.base/java.util.Spliterators$ArraySpliterator.tryAdvance(Spliterators.java:1002)
	at java.base/java.util.stream.ReferencePipeline.forEachWithCancel(ReferencePipeline.java:129)
	at java.base/java.util.stream.AbstractPipeline.copyIntoWithCancel(AbstractPipeline.java:527)
	at java.base/java.util.stream.AbstractPipeline.copyInto(AbstractPipeline.java:513)
	at java.base/java.util.stream.AbstractPipeline.wrapAndCopyInto(AbstractPipeline.java:499)
	at java.base/java.util.stream.FindOps$FindOp.evaluateSequential(FindOps.java:150)
	at java.base/java.util.stream.AbstractPipeline.evaluate(AbstractPipeline.java:234)
	at java.base/java.util.stream.ReferencePipeline.findFirst(ReferencePipeline.java:647)
	at org.openqa.selenium.remote.ProtocolHandshake.createSession(ProtocolHandshake.java:128)
	at org.openqa.selenium.remote.ProtocolHandshake.createSession(ProtocolHandshake.java:74)
	at org.openqa.selenium.remote.HttpCommandExecutor.execute(HttpCommandExecutor.java:136)
	at org.openqa.selenium.remote.service.DriverCommandExecutor.execute(DriverCommandExecutor.java:83)
	at org.openqa.selenium.remote.RemoteWebDriver.execute(RemoteWebDriver.java:552)
	at org.openqa.selenium.remote.RemoteWebDriver.startSession(RemoteWebDriver.java:213)
	at org.openqa.selenium.remote.RemoteWebDriver.&lt;init&gt;(RemoteWebDriver.java:131)
	at org.openqa.selenium.edge.EdgeDriver.&lt;init&gt;(EdgeDriver.java:141)
	at org.openqa.selenium.edge.EdgeDriver.&lt;init&gt;(EdgeDriver.java:96)
	at baselibrary.Baselibrary11.getLaunchUrl(Baselibrary11.java:13)
	at test.Login_test.getLaunchgithub(Login_test.java:16)
... Removed 25 stack frames</pre></div><a href='#' onClick='toggleBox("stack-trace989892772", this, "Click to show all stack frames", "Click to hide stack frames")'>Click to show all stack frames</a>
<div class='stack-trace' id='stack-trace989892772'><pre>org.openqa.selenium.WebDriverException: chrome not reachable
Build info: version: &apos;3.141.59&apos;, revision: &apos;e82be7d358&apos;, time: &apos;2018-11-14T08:17:03&apos;
System info: host: &apos;HEMENDRA&apos;, ip: &apos;192.168.0.103&apos;, os.name: &apos;Windows 11&apos;, os.arch: &apos;amd64&apos;, os.version: &apos;10.0&apos;, java.version: &apos;18.0.1.1&apos;
Driver info: driver.version: EdgeDriver
remote stacktrace: Backtrace:
	GetHandleVerifier [0x00007FF6BBB6DF52+60274]
	Microsoft::Applications::Events::EventProperty::~EventProperty [0x00007FF6BBAFEBB2+818866]
	(No symbol) [0x00007FF6BB78DE16]
	(No symbol) [0x00007FF6BB77DA71]
	(No symbol) [0x00007FF6BB7BDDB5]
	(No symbol) [0x00007FF6BB7B8D24]
	(No symbol) [0x00007FF6BB7B440A]
	(No symbol) [0x00007FF6BB7F7341]
	(No symbol) [0x00007FF6BB7EF343]
	(No symbol) [0x00007FF6BB7C1796]
	(No symbol) [0x00007FF6BB7C0975]
	(No symbol) [0x00007FF6BB7C1F04]
	Microsoft::Applications::Events::EventProperties::SetLevel [0x00007FF6BBA027E7+1593703]
	Microsoft::Applications::Events::EventProperties::SetLevel [0x00007FF6BB8AAC6D+185837]
	Microsoft::Applications::Events::EventProperty::~EventProperty [0x00007FF6BBA3FD57+36951]
	Microsoft::Applications::Events::EventProperty::~EventProperty [0x00007FF6BBA37E65+4453]
	Microsoft::Applications::Events::ILogManager::DispatchEventBroadcast [0x00007FF6BBD3FD73+1319011]
	Microsoft::Applications::Events::EventProperty::~EventProperty [0x00007FF6BBB06C6C+851820]
	Microsoft::Applications::Events::EventProperty::~EventProperty [0x00007FF6BBB02CD4+835540]
	Microsoft::Applications::Events::EventProperty::~EventProperty [0x00007FF6BBB02E2C+835884]
	Microsoft::Applications::Events::EventProperty::~EventProperty [0x00007FF6BBAF8A01+793857]
	BaseThreadInitThunk [0x00007FFB5618269D+29]
	RtlUserThreadStart [0x00007FFB56C6A9F8+40]

	at java.base/jdk.internal.reflect.DirectConstructorHandleAccessor.newInstance(DirectConstructorHandleAccessor.java:67)
	at java.base/java.lang.reflect.Constructor.newInstanceWithCaller(Constructor.java:499)
	at java.base/java.lang.reflect.Constructor.newInstance(Constructor.java:483)
	at org.openqa.selenium.remote.W3CHandshakeResponse.lambda$errorHandler$0(W3CHandshakeResponse.java:62)
	at org.openqa.selenium.remote.HandshakeResponse.lambda$getResponseFunction$0(HandshakeResponse.java:30)
	at org.openqa.selenium.remote.ProtocolHandshake.lambda$createSession$0(ProtocolHandshake.java:126)
	at java.base/java.util.stream.ReferencePipeline$3$1.accept(ReferencePipeline.java:197)
	at java.base/java.util.Spliterators$ArraySpliterator.tryAdvance(Spliterators.java:1002)
	at java.base/java.util.stream.ReferencePipeline.forEachWithCancel(ReferencePipeline.java:129)
	at java.base/java.util.stream.AbstractPipeline.copyIntoWithCancel(AbstractPipeline.java:527)
	at java.base/java.util.stream.AbstractPipeline.copyInto(AbstractPipeline.java:513)
	at java.base/java.util.stream.AbstractPipeline.wrapAndCopyInto(AbstractPipeline.java:499)
	at java.base/java.util.stream.FindOps$FindOp.evaluateSequential(FindOps.java:150)
	at java.base/java.util.stream.AbstractPipeline.evaluate(AbstractPipeline.java:234)
	at java.base/java.util.stream.ReferencePipeline.findFirst(ReferencePipeline.java:647)
	at org.openqa.selenium.remote.ProtocolHandshake.createSession(ProtocolHandshake.java:128)
	at org.openqa.selenium.remote.ProtocolHandshake.createSession(ProtocolHandshake.java:74)
	at org.openqa.selenium.remote.HttpCommandExecutor.execute(HttpCommandExecutor.java:136)
	at org.openqa.selenium.remote.service.DriverCommandExecutor.execute(DriverCommandExecutor.java:83)
	at org.openqa.selenium.remote.RemoteWebDriver.execute(RemoteWebDriver.java:552)
	at org.openqa.selenium.remote.RemoteWebDriver.startSession(RemoteWebDriver.java:213)
	at org.openqa.selenium.remote.RemoteWebDriver.&lt;init&gt;(RemoteWebDriver.java:131)
	at org.openqa.selenium.edge.EdgeDriver.&lt;init&gt;(EdgeDriver.java:141)
	at org.openqa.selenium.edge.EdgeDriver.&lt;init&gt;(EdgeDriver.java:96)
	at baselibrary.Baselibrary11.getLaunchUrl(Baselibrary11.java:13)
	at test.Login_test.getLaunchgithub(Login_test.java:16)
	at java.base/jdk.internal.reflect.DirectMethodHandleAccessor.invoke(DirectMethodHandleAccessor.java:104)
	at java.base/java.lang.reflect.Method.invoke(Method.java:577)
	at org.testng.internal.invokers.MethodInvocationHelper.invokeMethod(MethodInvocationHelper.java:139)
	at org.testng.internal.invokers.MethodInvocationHelper.invokeMethodConsideringTimeout(MethodInvocationHelper.java:69)
	at org.testng.internal.invokers.ConfigInvoker.invokeConfigurationMethod(ConfigInvoker.java:361)
	at org.testng.internal.invokers.ConfigInvoker.invokeConfigurations(ConfigInvoker.java:296)
	at org.testng.TestRunner.invokeTestConfigurations(TestRunner.java:643)
	at org.testng.TestRunner.beforeRun(TestRunner.java:632)
	at org.testng.TestRunner.run(TestRunner.java:594)
	at org.testng.SuiteRunner.runTest(SuiteRunner.java:433)
	at org.testng.SuiteRunner.runSequentially(SuiteRunner.java:427)
	at org.testng.SuiteRunner.privateRun(SuiteRunner.java:387)
	at org.testng.SuiteRunner.run(SuiteRunner.java:330)
	at org.testng.SuiteRunnerWorker.runSuite(SuiteRunnerWorker.java:52)
	at org.testng.SuiteRunnerWorker.run(SuiteRunnerWorker.java:95)
	at org.testng.TestNG.runSuitesSequentially(TestNG.java:1256)
	at org.testng.TestNG.runSuitesLocally(TestNG.java:1176)
	at org.testng.TestNG.runSuites(TestNG.java:1099)
	at org.testng.TestNG.run(TestNG.java:1067)
	at org.testng.remote.AbstractRemoteTestNG.run(AbstractRemoteTestNG.java:115)
	at org.testng.remote.RemoteTestNG.initAndRun(RemoteTestNG.java:251)
	at org.testng.remote.RemoteTestNG.main(RemoteTestNG.java:77)
</pre></div></td>
<td>66</td>
<td>test.Login_test@436813f3</td></tr>
</table><p>
<table width='100%' border='1' class='invocation-skipped'>
<tr><td colspan='4' align='center'><b>SKIPPED CONFIGURATIONS</b></td></tr>
<tr><td><b>Test method</b></td>
<td><b>Attribute(s)</b></td>
<td width="30%"><b>Exception</b></td>
<td width="10%"><b>Time (seconds)</b></td>
<td><b>Instance</b></td>
</tr>
<tr>
<td title='test.Login_test.teardown()'><b>teardown</b><br>Test class: test.Login_test</td>
<td></td>
<td>0</td>
<td>test.Login_test@436813f3</td></tr>
</table><p>
<table width='100%' border='1' class='invocation-skipped'>
<tr><td colspan='4' align='center'><b>SKIPPED TESTS</b></td></tr>
<tr><td><b>Test method</b></td>
<td><b>Attribute(s)</b></td>
<td width="30%"><b>Exception</b></td>
<td width="10%"><b>Time (seconds)</b></td>
<td><b>Instance</b></td>
</tr>
<tr>
<td title='test.Login_test.clickonsigninbutton()'><b>clickonsigninbutton</b><br>Test class: test.Login_test</td>
<td><div><pre>org.openqa.selenium.WebDriverException: chrome not reachable
Build info: version: &apos;3.141.59&apos;, revision: &apos;e82be7d358&apos;, time: &apos;2018-11-14T08:17:03&apos;
System info: host: &apos;HEMENDRA&apos;, ip: &apos;192.168.0.103&apos;, os.name: &apos;Windows 11&apos;, os.arch: &apos;amd64&apos;, os.version: &apos;10.0&apos;, java.version: &apos;18.0.1.1&apos;
Driver info: driver.version: EdgeDriver
remote stacktrace: Backtrace:
	GetHandleVerifier [0x00007FF6BBB6DF52+60274]
	Microsoft::Applications::Events::EventProperty::~EventProperty [0x00007FF6BBAFEBB2+818866]
	(No symbol) [0x00007FF6BB78DE16]
	(No symbol) [0x00007FF6BB77DA71]
	(No symbol) [0x00007FF6BB7BDDB5]
	(No symbol) [0x00007FF6BB7B8D24]
	(No symbol) [0x00007FF6BB7B440A]
	(No symbol) [0x00007FF6BB7F7341]
	(No symbol) [0x00007FF6BB7EF343]
	(No symbol) [0x00007FF6BB7C1796]
	(No symbol) [0x00007FF6BB7C0975]
	(No symbol) [0x00007FF6BB7C1F04]
	Microsoft::Applications::Events::EventProperties::SetLevel [0x00007FF6BBA027E7+1593703]
	Microsoft::Applications::Events::EventProperties::SetLevel [0x00007FF6BB8AAC6D+185837]
	Microsoft::Applications::Events::EventProperty::~EventProperty [0x00007FF6BBA3FD57+36951]
	Microsoft::Applications::Events::EventProperty::~EventProperty [0x00007FF6BBA37E65+4453]
	Microsoft::Applications::Events::ILogManager::DispatchEventBroadcast [0x00007FF6BBD3FD73+1319011]
	Microsoft::Applications::Events::EventProperty::~EventProperty [0x00007FF6BBB06C6C+851820]
	Microsoft::Applications::Events::EventProperty::~EventProperty [0x00007FF6BBB02CD4+835540]
	Microsoft::Applications::Events::EventProperty::~EventProperty [0x00007FF6BBB02E2C+835884]
	Microsoft::Applications::Events::EventProperty::~EventProperty [0x00007FF6BBAF8A01+793857]
	BaseThreadInitThunk [0x00007FFB5618269D+29]
	RtlUserThreadStart [0x00007FFB56C6A9F8+40]

	at org.openqa.selenium.remote.W3CHandshakeResponse.lambda$errorHandler$0(W3CHandshakeResponse.java:62)
	at org.openqa.selenium.remote.HandshakeResponse.lambda$getResponseFunction$0(HandshakeResponse.java:30)
	at org.openqa.selenium.remote.ProtocolHandshake.lambda$createSession$0(ProtocolHandshake.java:126)
	at java.base/java.util.stream.ReferencePipeline$3$1.accept(ReferencePipeline.java:197)
	at java.base/java.util.Spliterators$ArraySpliterator.tryAdvance(Spliterators.java:1002)
	at java.base/java.util.stream.ReferencePipeline.forEachWithCancel(ReferencePipeline.java:129)
	at java.base/java.util.stream.AbstractPipeline.copyIntoWithCancel(AbstractPipeline.java:527)
	at java.base/java.util.stream.AbstractPipeline.copyInto(AbstractPipeline.java:513)
	at java.base/java.util.stream.AbstractPipeline.wrapAndCopyInto(AbstractPipeline.java:499)
	at java.base/java.util.stream.FindOps$FindOp.evaluateSequential(FindOps.java:150)
	at java.base/java.util.stream.AbstractPipeline.evaluate(AbstractPipeline.java:234)
	at java.base/java.util.stream.ReferencePipeline.findFirst(ReferencePipeline.java:647)
	at org.openqa.selenium.remote.ProtocolHandshake.createSession(ProtocolHandshake.java:128)
	at org.openqa.selenium.remote.ProtocolHandshake.createSession(ProtocolHandshake.java:74)
	at org.openqa.selenium.remote.HttpCommandExecutor.execute(HttpCommandExecutor.java:136)
	at org.openqa.selenium.remote.service.DriverCommandExecutor.execute(DriverCommandExecutor.java:83)
	at org.openqa.selenium.remote.RemoteWebDriver.execute(RemoteWebDriver.java:552)
	at org.openqa.selenium.remote.RemoteWebDriver.startSession(RemoteWebDriver.java:213)
	at org.openqa.selenium.remote.RemoteWebDriver.&lt;init&gt;(RemoteWebDriver.java:131)
	at org.openqa.selenium.edge.EdgeDriver.&lt;init&gt;(EdgeDriver.java:141)
	at org.openqa.selenium.edge.EdgeDriver.&lt;init&gt;(EdgeDriver.java:96)
	at baselibrary.Baselibrary11.getLaunchUrl(Baselibrary11.java:13)
	at test.Login_test.getLaunchgithub(Login_test.java:16)
... Removed 25 stack frames</pre></div><a href='#' onClick='toggleBox("stack-trace366916060", this, "Click to show all stack frames", "Click to hide stack frames")'>Click to show all stack frames</a>
<div class='stack-trace' id='stack-trace366916060'><pre>org.openqa.selenium.WebDriverException: chrome not reachable
Build info: version: &apos;3.141.59&apos;, revision: &apos;e82be7d358&apos;, time: &apos;2018-11-14T08:17:03&apos;
System info: host: &apos;HEMENDRA&apos;, ip: &apos;192.168.0.103&apos;, os.name: &apos;Windows 11&apos;, os.arch: &apos;amd64&apos;, os.version: &apos;10.0&apos;, java.version: &apos;18.0.1.1&apos;
Driver info: driver.version: EdgeDriver
remote stacktrace: Backtrace:
	GetHandleVerifier [0x00007FF6BBB6DF52+60274]
	Microsoft::Applications::Events::EventProperty::~EventProperty [0x00007FF6BBAFEBB2+818866]
	(No symbol) [0x00007FF6BB78DE16]
	(No symbol) [0x00007FF6BB77DA71]
	(No symbol) [0x00007FF6BB7BDDB5]
	(No symbol) [0x00007FF6BB7B8D24]
	(No symbol) [0x00007FF6BB7B440A]
	(No symbol) [0x00007FF6BB7F7341]
	(No symbol) [0x00007FF6BB7EF343]
	(No symbol) [0x00007FF6BB7C1796]
	(No symbol) [0x00007FF6BB7C0975]
	(No symbol) [0x00007FF6BB7C1F04]
	Microsoft::Applications::Events::EventProperties::SetLevel [0x00007FF6BBA027E7+1593703]
	Microsoft::Applications::Events::EventProperties::SetLevel [0x00007FF6BB8AAC6D+185837]
	Microsoft::Applications::Events::EventProperty::~EventProperty [0x00007FF6BBA3FD57+36951]
	Microsoft::Applications::Events::EventProperty::~EventProperty [0x00007FF6BBA37E65+4453]
	Microsoft::Applications::Events::ILogManager::DispatchEventBroadcast [0x00007FF6BBD3FD73+1319011]
	Microsoft::Applications::Events::EventProperty::~EventProperty [0x00007FF6BBB06C6C+851820]
	Microsoft::Applications::Events::EventProperty::~EventProperty [0x00007FF6BBB02CD4+835540]
	Microsoft::Applications::Events::EventProperty::~EventProperty [0x00007FF6BBB02E2C+835884]
	Microsoft::Applications::Events::EventProperty::~EventProperty [0x00007FF6BBAF8A01+793857]
	BaseThreadInitThunk [0x00007FFB5618269D+29]
	RtlUserThreadStart [0x00007FFB56C6A9F8+40]

	at java.base/jdk.internal.reflect.DirectConstructorHandleAccessor.newInstance(DirectConstructorHandleAccessor.java:67)
	at java.base/java.lang.reflect.Constructor.newInstanceWithCaller(Constructor.java:499)
	at java.base/java.lang.reflect.Constructor.newInstance(Constructor.java:483)
	at org.openqa.selenium.remote.W3CHandshakeResponse.lambda$errorHandler$0(W3CHandshakeResponse.java:62)
	at org.openqa.selenium.remote.HandshakeResponse.lambda$getResponseFunction$0(HandshakeResponse.java:30)
	at org.openqa.selenium.remote.ProtocolHandshake.lambda$createSession$0(ProtocolHandshake.java:126)
	at java.base/java.util.stream.ReferencePipeline$3$1.accept(ReferencePipeline.java:197)
	at java.base/java.util.Spliterators$ArraySpliterator.tryAdvance(Spliterators.java:1002)
	at java.base/java.util.stream.ReferencePipeline.forEachWithCancel(ReferencePipeline.java:129)
	at java.base/java.util.stream.AbstractPipeline.copyIntoWithCancel(AbstractPipeline.java:527)
	at java.base/java.util.stream.AbstractPipeline.copyInto(AbstractPipeline.java:513)
	at java.base/java.util.stream.AbstractPipeline.wrapAndCopyInto(AbstractPipeline.java:499)
	at java.base/java.util.stream.FindOps$FindOp.evaluateSequential(FindOps.java:150)
	at java.base/java.util.stream.AbstractPipeline.evaluate(AbstractPipeline.java:234)
	at java.base/java.util.stream.ReferencePipeline.findFirst(ReferencePipeline.java:647)
	at org.openqa.selenium.remote.ProtocolHandshake.createSession(ProtocolHandshake.java:128)
	at org.openqa.selenium.remote.ProtocolHandshake.createSession(ProtocolHandshake.java:74)
	at org.openqa.selenium.remote.HttpCommandExecutor.execute(HttpCommandExecutor.java:136)
	at org.openqa.selenium.remote.service.DriverCommandExecutor.execute(DriverCommandExecutor.java:83)
	at org.openqa.selenium.remote.RemoteWebDriver.execute(RemoteWebDriver.java:552)
	at org.openqa.selenium.remote.RemoteWebDriver.startSession(RemoteWebDriver.java:213)
	at org.openqa.selenium.remote.RemoteWebDriver.&lt;init&gt;(RemoteWebDriver.java:131)
	at org.openqa.selenium.edge.EdgeDriver.&lt;init&gt;(EdgeDriver.java:141)
	at org.openqa.selenium.edge.EdgeDriver.&lt;init&gt;(EdgeDriver.java:96)
	at baselibrary.Baselibrary11.getLaunchUrl(Baselibrary11.java:13)
	at test.Login_test.getLaunchgithub(Login_test.java:16)
	at java.base/jdk.internal.reflect.DirectMethodHandleAccessor.invoke(DirectMethodHandleAccessor.java:104)
	at java.base/java.lang.reflect.Method.invoke(Method.java:577)
	at org.testng.internal.invokers.MethodInvocationHelper.invokeMethod(MethodInvocationHelper.java:139)
	at org.testng.internal.invokers.MethodInvocationHelper.invokeMethodConsideringTimeout(MethodInvocationHelper.java:69)
	at org.testng.internal.invokers.ConfigInvoker.invokeConfigurationMethod(ConfigInvoker.java:361)
	at org.testng.internal.invokers.ConfigInvoker.invokeConfigurations(ConfigInvoker.java:296)
	at org.testng.TestRunner.invokeTestConfigurations(TestRunner.java:643)
	at org.testng.TestRunner.beforeRun(TestRunner.java:632)
	at org.testng.TestRunner.run(TestRunner.java:594)
	at org.testng.SuiteRunner.runTest(SuiteRunner.java:433)
	at org.testng.SuiteRunner.runSequentially(SuiteRunner.java:427)
	at org.testng.SuiteRunner.privateRun(SuiteRunner.java:387)
	at org.testng.SuiteRunner.run(SuiteRunner.java:330)
	at org.testng.SuiteRunnerWorker.runSuite(SuiteRunnerWorker.java:52)
	at org.testng.SuiteRunnerWorker.run(SuiteRunnerWorker.java:95)
	at org.testng.TestNG.runSuitesSequentially(TestNG.java:1256)
	at org.testng.TestNG.runSuitesLocally(TestNG.java:1176)
	at org.testng.TestNG.runSuites(TestNG.java:1099)
	at org.testng.TestNG.run(TestNG.java:1067)
	at org.testng.remote.AbstractRemoteTestNG.run(AbstractRemoteTestNG.java:115)
	at org.testng.remote.RemoteTestNG.initAndRun(RemoteTestNG.java:251)
	at org.testng.remote.RemoteTestNG.main(RemoteTestNG.java:77)
</pre></div></td>
<td>0</td>
<td>test.Login_test@436813f3</td></tr>
<tr>
<td title='test.Login_test.clickonnewbutton()'><b>clickonnewbutton</b><br>Test class: test.Login_test</td>
<td><div><pre>org.openqa.selenium.WebDriverException: chrome not reachable
Build info: version: &apos;3.141.59&apos;, revision: &apos;e82be7d358&apos;, time: &apos;2018-11-14T08:17:03&apos;
System info: host: &apos;HEMENDRA&apos;, ip: &apos;192.168.0.103&apos;, os.name: &apos;Windows 11&apos;, os.arch: &apos;amd64&apos;, os.version: &apos;10.0&apos;, java.version: &apos;18.0.1.1&apos;
Driver info: driver.version: EdgeDriver
remote stacktrace: Backtrace:
	GetHandleVerifier [0x00007FF6BBB6DF52+60274]
	Microsoft::Applications::Events::EventProperty::~EventProperty [0x00007FF6BBAFEBB2+818866]
	(No symbol) [0x00007FF6BB78DE16]
	(No symbol) [0x00007FF6BB77DA71]
	(No symbol) [0x00007FF6BB7BDDB5]
	(No symbol) [0x00007FF6BB7B8D24]
	(No symbol) [0x00007FF6BB7B440A]
	(No symbol) [0x00007FF6BB7F7341]
	(No symbol) [0x00007FF6BB7EF343]
	(No symbol) [0x00007FF6BB7C1796]
	(No symbol) [0x00007FF6BB7C0975]
	(No symbol) [0x00007FF6BB7C1F04]
	Microsoft::Applications::Events::EventProperties::SetLevel [0x00007FF6BBA027E7+1593703]
	Microsoft::Applications::Events::EventProperties::SetLevel [0x00007FF6BB8AAC6D+185837]
	Microsoft::Applications::Events::EventProperty::~EventProperty [0x00007FF6BBA3FD57+36951]
	Microsoft::Applications::Events::EventProperty::~EventProperty [0x00007FF6BBA37E65+4453]
	Microsoft::Applications::Events::ILogManager::DispatchEventBroadcast [0x00007FF6BBD3FD73+1319011]
	Microsoft::Applications::Events::EventProperty::~EventProperty [0x00007FF6BBB06C6C+851820]
	Microsoft::Applications::Events::EventProperty::~EventProperty [0x00007FF6BBB02CD4+835540]
	Microsoft::Applications::Events::EventProperty::~EventProperty [0x00007FF6BBB02E2C+835884]
	Microsoft::Applications::Events::EventProperty::~EventProperty [0x00007FF6BBAF8A01+793857]
	BaseThreadInitThunk [0x00007FFB5618269D+29]
	RtlUserThreadStart [0x00007FFB56C6A9F8+40]

	at org.openqa.selenium.remote.W3CHandshakeResponse.lambda$errorHandler$0(W3CHandshakeResponse.java:62)
	at org.openqa.selenium.remote.HandshakeResponse.lambda$getResponseFunction$0(HandshakeResponse.java:30)
	at org.openqa.selenium.remote.ProtocolHandshake.lambda$createSession$0(ProtocolHandshake.java:126)
	at java.base/java.util.stream.ReferencePipeline$3$1.accept(ReferencePipeline.java:197)
	at java.base/java.util.Spliterators$ArraySpliterator.tryAdvance(Spliterators.java:1002)
	at java.base/java.util.stream.ReferencePipeline.forEachWithCancel(ReferencePipeline.java:129)
	at java.base/java.util.stream.AbstractPipeline.copyIntoWithCancel(AbstractPipeline.java:527)
	at java.base/java.util.stream.AbstractPipeline.copyInto(AbstractPipeline.java:513)
	at java.base/java.util.stream.AbstractPipeline.wrapAndCopyInto(AbstractPipeline.java:499)
	at java.base/java.util.stream.FindOps$FindOp.evaluateSequential(FindOps.java:150)
	at java.base/java.util.stream.AbstractPipeline.evaluate(AbstractPipeline.java:234)
	at java.base/java.util.stream.ReferencePipeline.findFirst(ReferencePipeline.java:647)
	at org.openqa.selenium.remote.ProtocolHandshake.createSession(ProtocolHandshake.java:128)
	at org.openqa.selenium.remote.ProtocolHandshake.createSession(ProtocolHandshake.java:74)
	at org.openqa.selenium.remote.HttpCommandExecutor.execute(HttpCommandExecutor.java:136)
	at org.openqa.selenium.remote.service.DriverCommandExecutor.execute(DriverCommandExecutor.java:83)
	at org.openqa.selenium.remote.RemoteWebDriver.execute(RemoteWebDriver.java:552)
	at org.openqa.selenium.remote.RemoteWebDriver.startSession(RemoteWebDriver.java:213)
	at org.openqa.selenium.remote.RemoteWebDriver.&lt;init&gt;(RemoteWebDriver.java:131)
	at org.openqa.selenium.edge.EdgeDriver.&lt;init&gt;(EdgeDriver.java:141)
	at org.openqa.selenium.edge.EdgeDriver.&lt;init&gt;(EdgeDriver.java:96)
	at baselibrary.Baselibrary11.getLaunchUrl(Baselibrary11.java:13)
	at test.Login_test.getLaunchgithub(Login_test.java:16)
... Removed 25 stack frames</pre></div><a href='#' onClick='toggleBox("stack-trace1855734078", this, "Click to show all stack frames", "Click to hide stack frames")'>Click to show all stack frames</a>
<div class='stack-trace' id='stack-trace1855734078'><pre>org.openqa.selenium.WebDriverException: chrome not reachable
Build info: version: &apos;3.141.59&apos;, revision: &apos;e82be7d358&apos;, time: &apos;2018-11-14T08:17:03&apos;
System info: host: &apos;HEMENDRA&apos;, ip: &apos;192.168.0.103&apos;, os.name: &apos;Windows 11&apos;, os.arch: &apos;amd64&apos;, os.version: &apos;10.0&apos;, java.version: &apos;18.0.1.1&apos;
Driver info: driver.version: EdgeDriver
remote stacktrace: Backtrace:
	GetHandleVerifier [0x00007FF6BBB6DF52+60274]
	Microsoft::Applications::Events::EventProperty::~EventProperty [0x00007FF6BBAFEBB2+818866]
	(No symbol) [0x00007FF6BB78DE16]
	(No symbol) [0x00007FF6BB77DA71]
	(No symbol) [0x00007FF6BB7BDDB5]
	(No symbol) [0x00007FF6BB7B8D24]
	(No symbol) [0x00007FF6BB7B440A]
	(No symbol) [0x00007FF6BB7F7341]
	(No symbol) [0x00007FF6BB7EF343]
	(No symbol) [0x00007FF6BB7C1796]
	(No symbol) [0x00007FF6BB7C0975]
	(No symbol) [0x00007FF6BB7C1F04]
	Microsoft::Applications::Events::EventProperties::SetLevel [0x00007FF6BBA027E7+1593703]
	Microsoft::Applications::Events::EventProperties::SetLevel [0x00007FF6BB8AAC6D+185837]
	Microsoft::Applications::Events::EventProperty::~EventProperty [0x00007FF6BBA3FD57+36951]
	Microsoft::Applications::Events::EventProperty::~EventProperty [0x00007FF6BBA37E65+4453]
	Microsoft::Applications::Events::ILogManager::DispatchEventBroadcast [0x00007FF6BBD3FD73+1319011]
	Microsoft::Applications::Events::EventProperty::~EventProperty [0x00007FF6BBB06C6C+851820]
	Microsoft::Applications::Events::EventProperty::~EventProperty [0x00007FF6BBB02CD4+835540]
	Microsoft::Applications::Events::EventProperty::~EventProperty [0x00007FF6BBB02E2C+835884]
	Microsoft::Applications::Events::EventProperty::~EventProperty [0x00007FF6BBAF8A01+793857]
	BaseThreadInitThunk [0x00007FFB5618269D+29]
	RtlUserThreadStart [0x00007FFB56C6A9F8+40]

	at java.base/jdk.internal.reflect.DirectConstructorHandleAccessor.newInstance(DirectConstructorHandleAccessor.java:67)
	at java.base/java.lang.reflect.Constructor.newInstanceWithCaller(Constructor.java:499)
	at java.base/java.lang.reflect.Constructor.newInstance(Constructor.java:483)
	at org.openqa.selenium.remote.W3CHandshakeResponse.lambda$errorHandler$0(W3CHandshakeResponse.java:62)
	at org.openqa.selenium.remote.HandshakeResponse.lambda$getResponseFunction$0(HandshakeResponse.java:30)
	at org.openqa.selenium.remote.ProtocolHandshake.lambda$createSession$0(ProtocolHandshake.java:126)
	at java.base/java.util.stream.ReferencePipeline$3$1.accept(ReferencePipeline.java:197)
	at java.base/java.util.Spliterators$ArraySpliterator.tryAdvance(Spliterators.java:1002)
	at java.base/java.util.stream.ReferencePipeline.forEachWithCancel(ReferencePipeline.java:129)
	at java.base/java.util.stream.AbstractPipeline.copyIntoWithCancel(AbstractPipeline.java:527)
	at java.base/java.util.stream.AbstractPipeline.copyInto(AbstractPipeline.java:513)
	at java.base/java.util.stream.AbstractPipeline.wrapAndCopyInto(AbstractPipeline.java:499)
	at java.base/java.util.stream.FindOps$FindOp.evaluateSequential(FindOps.java:150)
	at java.base/java.util.stream.AbstractPipeline.evaluate(AbstractPipeline.java:234)
	at java.base/java.util.stream.ReferencePipeline.findFirst(ReferencePipeline.java:647)
	at org.openqa.selenium.remote.ProtocolHandshake.createSession(ProtocolHandshake.java:128)
	at org.openqa.selenium.remote.ProtocolHandshake.createSession(ProtocolHandshake.java:74)
	at org.openqa.selenium.remote.HttpCommandExecutor.execute(HttpCommandExecutor.java:136)
	at org.openqa.selenium.remote.service.DriverCommandExecutor.execute(DriverCommandExecutor.java:83)
	at org.openqa.selenium.remote.RemoteWebDriver.execute(RemoteWebDriver.java:552)
	at org.openqa.selenium.remote.RemoteWebDriver.startSession(RemoteWebDriver.java:213)
	at org.openqa.selenium.remote.RemoteWebDriver.&lt;init&gt;(RemoteWebDriver.java:131)
	at org.openqa.selenium.edge.EdgeDriver.&lt;init&gt;(EdgeDriver.java:141)
	at org.openqa.selenium.edge.EdgeDriver.&lt;init&gt;(EdgeDriver.java:96)
	at baselibrary.Baselibrary11.getLaunchUrl(Baselibrary11.java:13)
	at test.Login_test.getLaunchgithub(Login_test.java:16)
	at java.base/jdk.internal.reflect.DirectMethodHandleAccessor.invoke(DirectMethodHandleAccessor.java:104)
	at java.base/java.lang.reflect.Method.invoke(Method.java:577)
	at org.testng.internal.invokers.MethodInvocationHelper.invokeMethod(MethodInvocationHelper.java:139)
	at org.testng.internal.invokers.MethodInvocationHelper.invokeMethodConsideringTimeout(MethodInvocationHelper.java:69)
	at org.testng.internal.invokers.ConfigInvoker.invokeConfigurationMethod(ConfigInvoker.java:361)
	at org.testng.internal.invokers.ConfigInvoker.invokeConfigurations(ConfigInvoker.java:296)
	at org.testng.TestRunner.invokeTestConfigurations(TestRunner.java:643)
	at org.testng.TestRunner.beforeRun(TestRunner.java:632)
	at org.testng.TestRunner.run(TestRunner.java:594)
	at org.testng.SuiteRunner.runTest(SuiteRunner.java:433)
	at org.testng.SuiteRunner.runSequentially(SuiteRunner.java:427)
	at org.testng.SuiteRunner.privateRun(SuiteRunner.java:387)
	at org.testng.SuiteRunner.run(SuiteRunner.java:330)
	at org.testng.SuiteRunnerWorker.runSuite(SuiteRunnerWorker.java:52)
	at org.testng.SuiteRunnerWorker.run(SuiteRunnerWorker.java:95)
	at org.testng.TestNG.runSuitesSequentially(TestNG.java:1256)
	at org.testng.TestNG.runSuitesLocally(TestNG.java:1176)
	at org.testng.TestNG.runSuites(TestNG.java:1099)
	at org.testng.TestNG.run(TestNG.java:1067)
	at org.testng.remote.AbstractRemoteTestNG.run(AbstractRemoteTestNG.java:115)
	at org.testng.remote.RemoteTestNG.initAndRun(RemoteTestNG.java:251)
	at org.testng.remote.RemoteTestNG.main(RemoteTestNG.java:77)
</pre></div></td>
<td>0</td>
<td>test.Login_test@436813f3</td></tr>
<tr>
<td title='test.Login_test.Addcomments()'><b>Addcomments</b><br>Test class: test.Login_test</td>
<td><div><pre>org.openqa.selenium.WebDriverException: chrome not reachable
Build info: version: &apos;3.141.59&apos;, revision: &apos;e82be7d358&apos;, time: &apos;2018-11-14T08:17:03&apos;
System info: host: &apos;HEMENDRA&apos;, ip: &apos;192.168.0.103&apos;, os.name: &apos;Windows 11&apos;, os.arch: &apos;amd64&apos;, os.version: &apos;10.0&apos;, java.version: &apos;18.0.1.1&apos;
Driver info: driver.version: EdgeDriver
remote stacktrace: Backtrace:
	GetHandleVerifier [0x00007FF6BBB6DF52+60274]
	Microsoft::Applications::Events::EventProperty::~EventProperty [0x00007FF6BBAFEBB2+818866]
	(No symbol) [0x00007FF6BB78DE16]
	(No symbol) [0x00007FF6BB77DA71]
	(No symbol) [0x00007FF6BB7BDDB5]
	(No symbol) [0x00007FF6BB7B8D24]
	(No symbol) [0x00007FF6BB7B440A]
	(No symbol) [0x00007FF6BB7F7341]
	(No symbol) [0x00007FF6BB7EF343]
	(No symbol) [0x00007FF6BB7C1796]
	(No symbol) [0x00007FF6BB7C0975]
	(No symbol) [0x00007FF6BB7C1F04]
	Microsoft::Applications::Events::EventProperties::SetLevel [0x00007FF6BBA027E7+1593703]
	Microsoft::Applications::Events::EventProperties::SetLevel [0x00007FF6BB8AAC6D+185837]
	Microsoft::Applications::Events::EventProperty::~EventProperty [0x00007FF6BBA3FD57+36951]
	Microsoft::Applications::Events::EventProperty::~EventProperty [0x00007FF6BBA37E65+4453]
	Microsoft::Applications::Events::ILogManager::DispatchEventBroadcast [0x00007FF6BBD3FD73+1319011]
	Microsoft::Applications::Events::EventProperty::~EventProperty [0x00007FF6BBB06C6C+851820]
	Microsoft::Applications::Events::EventProperty::~EventProperty [0x00007FF6BBB02CD4+835540]
	Microsoft::Applications::Events::EventProperty::~EventProperty [0x00007FF6BBB02E2C+835884]
	Microsoft::Applications::Events::EventProperty::~EventProperty [0x00007FF6BBAF8A01+793857]
	BaseThreadInitThunk [0x00007FFB5618269D+29]
	RtlUserThreadStart [0x00007FFB56C6A9F8+40]

	at org.openqa.selenium.remote.W3CHandshakeResponse.lambda$errorHandler$0(W3CHandshakeResponse.java:62)
	at org.openqa.selenium.remote.HandshakeResponse.lambda$getResponseFunction$0(HandshakeResponse.java:30)
	at org.openqa.selenium.remote.ProtocolHandshake.lambda$createSession$0(ProtocolHandshake.java:126)
	at java.base/java.util.stream.ReferencePipeline$3$1.accept(ReferencePipeline.java:197)
	at java.base/java.util.Spliterators$ArraySpliterator.tryAdvance(Spliterators.java:1002)
	at java.base/java.util.stream.ReferencePipeline.forEachWithCancel(ReferencePipeline.java:129)
	at java.base/java.util.stream.AbstractPipeline.copyIntoWithCancel(AbstractPipeline.java:527)
	at java.base/java.util.stream.AbstractPipeline.copyInto(AbstractPipeline.java:513)
	at java.base/java.util.stream.AbstractPipeline.wrapAndCopyInto(AbstractPipeline.java:499)
	at java.base/java.util.stream.FindOps$FindOp.evaluateSequential(FindOps.java:150)
	at java.base/java.util.stream.AbstractPipeline.evaluate(AbstractPipeline.java:234)
	at java.base/java.util.stream.ReferencePipeline.findFirst(ReferencePipeline.java:647)
	at org.openqa.selenium.remote.ProtocolHandshake.createSession(ProtocolHandshake.java:128)
	at org.openqa.selenium.remote.ProtocolHandshake.createSession(ProtocolHandshake.java:74)
	at org.openqa.selenium.remote.HttpCommandExecutor.execute(HttpCommandExecutor.java:136)
	at org.openqa.selenium.remote.service.DriverCommandExecutor.execute(DriverCommandExecutor.java:83)
	at org.openqa.selenium.remote.RemoteWebDriver.execute(RemoteWebDriver.java:552)
	at org.openqa.selenium.remote.RemoteWebDriver.startSession(RemoteWebDriver.java:213)
	at org.openqa.selenium.remote.RemoteWebDriver.&lt;init&gt;(RemoteWebDriver.java:131)
	at org.openqa.selenium.edge.EdgeDriver.&lt;init&gt;(EdgeDriver.java:141)
	at org.openqa.selenium.edge.EdgeDriver.&lt;init&gt;(EdgeDriver.java:96)
	at baselibrary.Baselibrary11.getLaunchUrl(Baselibrary11.java:13)
	at test.Login_test.getLaunchgithub(Login_test.java:16)
... Removed 25 stack frames</pre></div><a href='#' onClick='toggleBox("stack-trace664839586", this, "Click to show all stack frames", "Click to hide stack frames")'>Click to show all stack frames</a>
<div class='stack-trace' id='stack-trace664839586'><pre>org.openqa.selenium.WebDriverException: chrome not reachable
Build info: version: &apos;3.141.59&apos;, revision: &apos;e82be7d358&apos;, time: &apos;2018-11-14T08:17:03&apos;
System info: host: &apos;HEMENDRA&apos;, ip: &apos;192.168.0.103&apos;, os.name: &apos;Windows 11&apos;, os.arch: &apos;amd64&apos;, os.version: &apos;10.0&apos;, java.version: &apos;18.0.1.1&apos;
Driver info: driver.version: EdgeDriver
remote stacktrace: Backtrace:
	GetHandleVerifier [0x00007FF6BBB6DF52+60274]
	Microsoft::Applications::Events::EventProperty::~EventProperty [0x00007FF6BBAFEBB2+818866]
	(No symbol) [0x00007FF6BB78DE16]
	(No symbol) [0x00007FF6BB77DA71]
	(No symbol) [0x00007FF6BB7BDDB5]
	(No symbol) [0x00007FF6BB7B8D24]
	(No symbol) [0x00007FF6BB7B440A]
	(No symbol) [0x00007FF6BB7F7341]
	(No symbol) [0x00007FF6BB7EF343]
	(No symbol) [0x00007FF6BB7C1796]
	(No symbol) [0x00007FF6BB7C0975]
	(No symbol) [0x00007FF6BB7C1F04]
	Microsoft::Applications::Events::EventProperties::SetLevel [0x00007FF6BBA027E7+1593703]
	Microsoft::Applications::Events::EventProperties::SetLevel [0x00007FF6BB8AAC6D+185837]
	Microsoft::Applications::Events::EventProperty::~EventProperty [0x00007FF6BBA3FD57+36951]
	Microsoft::Applications::Events::EventProperty::~EventProperty [0x00007FF6BBA37E65+4453]
	Microsoft::Applications::Events::ILogManager::DispatchEventBroadcast [0x00007FF6BBD3FD73+1319011]
	Microsoft::Applications::Events::EventProperty::~EventProperty [0x00007FF6BBB06C6C+851820]
	Microsoft::Applications::Events::EventProperty::~EventProperty [0x00007FF6BBB02CD4+835540]
	Microsoft::Applications::Events::EventProperty::~EventProperty [0x00007FF6BBB02E2C+835884]
	Microsoft::Applications::Events::EventProperty::~EventProperty [0x00007FF6BBAF8A01+793857]
	BaseThreadInitThunk [0x00007FFB5618269D+29]
	RtlUserThreadStart [0x00007FFB56C6A9F8+40]

	at java.base/jdk.internal.reflect.DirectConstructorHandleAccessor.newInstance(DirectConstructorHandleAccessor.java:67)
	at java.base/java.lang.reflect.Constructor.newInstanceWithCaller(Constructor.java:499)
	at java.base/java.lang.reflect.Constructor.newInstance(Constructor.java:483)
	at org.openqa.selenium.remote.W3CHandshakeResponse.lambda$errorHandler$0(W3CHandshakeResponse.java:62)
	at org.openqa.selenium.remote.HandshakeResponse.lambda$getResponseFunction$0(HandshakeResponse.java:30)
	at org.openqa.selenium.remote.ProtocolHandshake.lambda$createSession$0(ProtocolHandshake.java:126)
	at java.base/java.util.stream.ReferencePipeline$3$1.accept(ReferencePipeline.java:197)
	at java.base/java.util.Spliterators$ArraySpliterator.tryAdvance(Spliterators.java:1002)
	at java.base/java.util.stream.ReferencePipeline.forEachWithCancel(ReferencePipeline.java:129)
	at java.base/java.util.stream.AbstractPipeline.copyIntoWithCancel(AbstractPipeline.java:527)
	at java.base/java.util.stream.AbstractPipeline.copyInto(AbstractPipeline.java:513)
	at java.base/java.util.stream.AbstractPipeline.wrapAndCopyInto(AbstractPipeline.java:499)
	at java.base/java.util.stream.FindOps$FindOp.evaluateSequential(FindOps.java:150)
	at java.base/java.util.stream.AbstractPipeline.evaluate(AbstractPipeline.java:234)
	at java.base/java.util.stream.ReferencePipeline.findFirst(ReferencePipeline.java:647)
	at org.openqa.selenium.remote.ProtocolHandshake.createSession(ProtocolHandshake.java:128)
	at org.openqa.selenium.remote.ProtocolHandshake.createSession(ProtocolHandshake.java:74)
	at org.openqa.selenium.remote.HttpCommandExecutor.execute(HttpCommandExecutor.java:136)
	at org.openqa.selenium.remote.service.DriverCommandExecutor.execute(DriverCommandExecutor.java:83)
	at org.openqa.selenium.remote.RemoteWebDriver.execute(RemoteWebDriver.java:552)
	at org.openqa.selenium.remote.RemoteWebDriver.startSession(RemoteWebDriver.java:213)
	at org.openqa.selenium.remote.RemoteWebDriver.&lt;init&gt;(RemoteWebDriver.java:131)
	at org.openqa.selenium.edge.EdgeDriver.&lt;init&gt;(EdgeDriver.java:141)
	at org.openqa.selenium.edge.EdgeDriver.&lt;init&gt;(EdgeDriver.java:96)
	at baselibrary.Baselibrary11.getLaunchUrl(Baselibrary11.java:13)
	at test.Login_test.getLaunchgithub(Login_test.java:16)
	at java.base/jdk.internal.reflect.DirectMethodHandleAccessor.invoke(DirectMethodHandleAccessor.java:104)
	at java.base/java.lang.reflect.Method.invoke(Method.java:577)
	at org.testng.internal.invokers.MethodInvocationHelper.invokeMethod(MethodInvocationHelper.java:139)
	at org.testng.internal.invokers.MethodInvocationHelper.invokeMethodConsideringTimeout(MethodInvocationHelper.java:69)
	at org.testng.internal.invokers.ConfigInvoker.invokeConfigurationMethod(ConfigInvoker.java:361)
	at org.testng.internal.invokers.ConfigInvoker.invokeConfigurations(ConfigInvoker.java:296)
	at org.testng.TestRunner.invokeTestConfigurations(TestRunner.java:643)
	at org.testng.TestRunner.beforeRun(TestRunner.java:632)
	at org.testng.TestRunner.run(TestRunner.java:594)
	at org.testng.SuiteRunner.runTest(SuiteRunner.java:433)
	at org.testng.SuiteRunner.runSequentially(SuiteRunner.java:427)
	at org.testng.SuiteRunner.privateRun(SuiteRunner.java:387)
	at org.testng.SuiteRunner.run(SuiteRunner.java:330)
	at org.testng.SuiteRunnerWorker.runSuite(SuiteRunnerWorker.java:52)
	at org.testng.SuiteRunnerWorker.run(SuiteRunnerWorker.java:95)
	at org.testng.TestNG.runSuitesSequentially(TestNG.java:1256)
	at org.testng.TestNG.runSuitesLocally(TestNG.java:1176)
	at org.testng.TestNG.runSuites(TestNG.java:1099)
	at org.testng.TestNG.run(TestNG.java:1067)
	at org.testng.remote.AbstractRemoteTestNG.run(AbstractRemoteTestNG.java:115)
	at org.testng.remote.RemoteTestNG.initAndRun(RemoteTestNG.java:251)
	at org.testng.remote.RemoteTestNG.main(RemoteTestNG.java:77)
</pre></div></td>
<td>0</td>
<td>test.Login_test@436813f3</td></tr>
<tr>
<td title='test.Login_test.getVerifyTitle()'><b>getVerifyTitle</b><br>Test class: test.Login_test</td>
<td><div><pre>org.openqa.selenium.WebDriverException: chrome not reachable
Build info: version: &apos;3.141.59&apos;, revision: &apos;e82be7d358&apos;, time: &apos;2018-11-14T08:17:03&apos;
System info: host: &apos;HEMENDRA&apos;, ip: &apos;192.168.0.103&apos;, os.name: &apos;Windows 11&apos;, os.arch: &apos;amd64&apos;, os.version: &apos;10.0&apos;, java.version: &apos;18.0.1.1&apos;
Driver info: driver.version: EdgeDriver
remote stacktrace: Backtrace:
	GetHandleVerifier [0x00007FF6BBB6DF52+60274]
	Microsoft::Applications::Events::EventProperty::~EventProperty [0x00007FF6BBAFEBB2+818866]
	(No symbol) [0x00007FF6BB78DE16]
	(No symbol) [0x00007FF6BB77DA71]
	(No symbol) [0x00007FF6BB7BDDB5]
	(No symbol) [0x00007FF6BB7B8D24]
	(No symbol) [0x00007FF6BB7B440A]
	(No symbol) [0x00007FF6BB7F7341]
	(No symbol) [0x00007FF6BB7EF343]
	(No symbol) [0x00007FF6BB7C1796]
	(No symbol) [0x00007FF6BB7C0975]
	(No symbol) [0x00007FF6BB7C1F04]
	Microsoft::Applications::Events::EventProperties::SetLevel [0x00007FF6BBA027E7+1593703]
	Microsoft::Applications::Events::EventProperties::SetLevel [0x00007FF6BB8AAC6D+185837]
	Microsoft::Applications::Events::EventProperty::~EventProperty [0x00007FF6BBA3FD57+36951]
	Microsoft::Applications::Events::EventProperty::~EventProperty [0x00007FF6BBA37E65+4453]
	Microsoft::Applications::Events::ILogManager::DispatchEventBroadcast [0x00007FF6BBD3FD73+1319011]
	Microsoft::Applications::Events::EventProperty::~EventProperty [0x00007FF6BBB06C6C+851820]
	Microsoft::Applications::Events::EventProperty::~EventProperty [0x00007FF6BBB02CD4+835540]
	Microsoft::Applications::Events::EventProperty::~EventProperty [0x00007FF6BBB02E2C+835884]
	Microsoft::Applications::Events::EventProperty::~EventProperty [0x00007FF6BBAF8A01+793857]
	BaseThreadInitThunk [0x00007FFB5618269D+29]
	RtlUserThreadStart [0x00007FFB56C6A9F8+40]

	at org.openqa.selenium.remote.W3CHandshakeResponse.lambda$errorHandler$0(W3CHandshakeResponse.java:62)
	at org.openqa.selenium.remote.HandshakeResponse.lambda$getResponseFunction$0(HandshakeResponse.java:30)
	at org.openqa.selenium.remote.ProtocolHandshake.lambda$createSession$0(ProtocolHandshake.java:126)
	at java.base/java.util.stream.ReferencePipeline$3$1.accept(ReferencePipeline.java:197)
	at java.base/java.util.Spliterators$ArraySpliterator.tryAdvance(Spliterators.java:1002)
	at java.base/java.util.stream.ReferencePipeline.forEachWithCancel(ReferencePipeline.java:129)
	at java.base/java.util.stream.AbstractPipeline.copyIntoWithCancel(AbstractPipeline.java:527)
	at java.base/java.util.stream.AbstractPipeline.copyInto(AbstractPipeline.java:513)
	at java.base/java.util.stream.AbstractPipeline.wrapAndCopyInto(AbstractPipeline.java:499)
	at java.base/java.util.stream.FindOps$FindOp.evaluateSequential(FindOps.java:150)
	at java.base/java.util.stream.AbstractPipeline.evaluate(AbstractPipeline.java:234)
	at java.base/java.util.stream.ReferencePipeline.findFirst(ReferencePipeline.java:647)
	at org.openqa.selenium.remote.ProtocolHandshake.createSession(ProtocolHandshake.java:128)
	at org.openqa.selenium.remote.ProtocolHandshake.createSession(ProtocolHandshake.java:74)
	at org.openqa.selenium.remote.HttpCommandExecutor.execute(HttpCommandExecutor.java:136)
	at org.openqa.selenium.remote.service.DriverCommandExecutor.execute(DriverCommandExecutor.java:83)
	at org.openqa.selenium.remote.RemoteWebDriver.execute(RemoteWebDriver.java:552)
	at org.openqa.selenium.remote.RemoteWebDriver.startSession(RemoteWebDriver.java:213)
	at org.openqa.selenium.remote.RemoteWebDriver.&lt;init&gt;(RemoteWebDriver.java:131)
	at org.openqa.selenium.edge.EdgeDriver.&lt;init&gt;(EdgeDriver.java:141)
	at org.openqa.selenium.edge.EdgeDriver.&lt;init&gt;(EdgeDriver.java:96)
	at baselibrary.Baselibrary11.getLaunchUrl(Baselibrary11.java:13)
	at test.Login_test.getLaunchgithub(Login_test.java:16)
... Removed 25 stack frames</pre></div><a href='#' onClick='toggleBox("stack-trace1356236848", this, "Click to show all stack frames", "Click to hide stack frames")'>Click to show all stack frames</a>
<div class='stack-trace' id='stack-trace1356236848'><pre>org.openqa.selenium.WebDriverException: chrome not reachable
Build info: version: &apos;3.141.59&apos;, revision: &apos;e82be7d358&apos;, time: &apos;2018-11-14T08:17:03&apos;
System info: host: &apos;HEMENDRA&apos;, ip: &apos;192.168.0.103&apos;, os.name: &apos;Windows 11&apos;, os.arch: &apos;amd64&apos;, os.version: &apos;10.0&apos;, java.version: &apos;18.0.1.1&apos;
Driver info: driver.version: EdgeDriver
remote stacktrace: Backtrace:
	GetHandleVerifier [0x00007FF6BBB6DF52+60274]
	Microsoft::Applications::Events::EventProperty::~EventProperty [0x00007FF6BBAFEBB2+818866]
	(No symbol) [0x00007FF6BB78DE16]
	(No symbol) [0x00007FF6BB77DA71]
	(No symbol) [0x00007FF6BB7BDDB5]
	(No symbol) [0x00007FF6BB7B8D24]
	(No symbol) [0x00007FF6BB7B440A]
	(No symbol) [0x00007FF6BB7F7341]
	(No symbol) [0x00007FF6BB7EF343]
	(No symbol) [0x00007FF6BB7C1796]
	(No symbol) [0x00007FF6BB7C0975]
	(No symbol) [0x00007FF6BB7C1F04]
	Microsoft::Applications::Events::EventProperties::SetLevel [0x00007FF6BBA027E7+1593703]
	Microsoft::Applications::Events::EventProperties::SetLevel [0x00007FF6BB8AAC6D+185837]
	Microsoft::Applications::Events::EventProperty::~EventProperty [0x00007FF6BBA3FD57+36951]
	Microsoft::Applications::Events::EventProperty::~EventProperty [0x00007FF6BBA37E65+4453]
	Microsoft::Applications::Events::ILogManager::DispatchEventBroadcast [0x00007FF6BBD3FD73+1319011]
	Microsoft::Applications::Events::EventProperty::~EventProperty [0x00007FF6BBB06C6C+851820]
	Microsoft::Applications::Events::EventProperty::~EventProperty [0x00007FF6BBB02CD4+835540]
	Microsoft::Applications::Events::EventProperty::~EventProperty [0x00007FF6BBB02E2C+835884]
	Microsoft::Applications::Events::EventProperty::~EventProperty [0x00007FF6BBAF8A01+793857]
	BaseThreadInitThunk [0x00007FFB5618269D+29]
	RtlUserThreadStart [0x00007FFB56C6A9F8+40]

	at java.base/jdk.internal.reflect.DirectConstructorHandleAccessor.newInstance(DirectConstructorHandleAccessor.java:67)
	at java.base/java.lang.reflect.Constructor.newInstanceWithCaller(Constructor.java:499)
	at java.base/java.lang.reflect.Constructor.newInstance(Constructor.java:483)
	at org.openqa.selenium.remote.W3CHandshakeResponse.lambda$errorHandler$0(W3CHandshakeResponse.java:62)
	at org.openqa.selenium.remote.HandshakeResponse.lambda$getResponseFunction$0(HandshakeResponse.java:30)
	at org.openqa.selenium.remote.ProtocolHandshake.lambda$createSession$0(ProtocolHandshake.java:126)
	at java.base/java.util.stream.ReferencePipeline$3$1.accept(ReferencePipeline.java:197)
	at java.base/java.util.Spliterators$ArraySpliterator.tryAdvance(Spliterators.java:1002)
	at java.base/java.util.stream.ReferencePipeline.forEachWithCancel(ReferencePipeline.java:129)
	at java.base/java.util.stream.AbstractPipeline.copyIntoWithCancel(AbstractPipeline.java:527)
	at java.base/java.util.stream.AbstractPipeline.copyInto(AbstractPipeline.java:513)
	at java.base/java.util.stream.AbstractPipeline.wrapAndCopyInto(AbstractPipeline.java:499)
	at java.base/java.util.stream.FindOps$FindOp.evaluateSequential(FindOps.java:150)
	at java.base/java.util.stream.AbstractPipeline.evaluate(AbstractPipeline.java:234)
	at java.base/java.util.stream.ReferencePipeline.findFirst(ReferencePipeline.java:647)
	at org.openqa.selenium.remote.ProtocolHandshake.createSession(ProtocolHandshake.java:128)
	at org.openqa.selenium.remote.ProtocolHandshake.createSession(ProtocolHandshake.java:74)
	at org.openqa.selenium.remote.HttpCommandExecutor.execute(HttpCommandExecutor.java:136)
	at org.openqa.selenium.remote.service.DriverCommandExecutor.execute(DriverCommandExecutor.java:83)
	at org.openqa.selenium.remote.RemoteWebDriver.execute(RemoteWebDriver.java:552)
	at org.openqa.selenium.remote.RemoteWebDriver.startSession(RemoteWebDriver.java:213)
	at org.openqa.selenium.remote.RemoteWebDriver.&lt;init&gt;(RemoteWebDriver.java:131)
	at org.openqa.selenium.edge.EdgeDriver.&lt;init&gt;(EdgeDriver.java:141)
	at org.openqa.selenium.edge.EdgeDriver.&lt;init&gt;(EdgeDriver.java:96)
	at baselibrary.Baselibrary11.getLaunchUrl(Baselibrary11.java:13)
	at test.Login_test.getLaunchgithub(Login_test.java:16)
	at java.base/jdk.internal.reflect.DirectMethodHandleAccessor.invoke(DirectMethodHandleAccessor.java:104)
	at java.base/java.lang.reflect.Method.invoke(Method.java:577)
	at org.testng.internal.invokers.MethodInvocationHelper.invokeMethod(MethodInvocationHelper.java:139)
	at org.testng.internal.invokers.MethodInvocationHelper.invokeMethodConsideringTimeout(MethodInvocationHelper.java:69)
	at org.testng.internal.invokers.ConfigInvoker.invokeConfigurationMethod(ConfigInvoker.java:361)
	at org.testng.internal.invokers.ConfigInvoker.invokeConfigurations(ConfigInvoker.java:296)
	at org.testng.TestRunner.invokeTestConfigurations(TestRunner.java:643)
	at org.testng.TestRunner.beforeRun(TestRunner.java:632)
	at org.testng.TestRunner.run(TestRunner.java:594)
	at org.testng.SuiteRunner.runTest(SuiteRunner.java:433)
	at org.testng.SuiteRunner.runSequentially(SuiteRunner.java:427)
	at org.testng.SuiteRunner.privateRun(SuiteRunner.java:387)
	at org.testng.SuiteRunner.run(SuiteRunner.java:330)
	at org.testng.SuiteRunnerWorker.runSuite(SuiteRunnerWorker.java:52)
	at org.testng.SuiteRunnerWorker.run(SuiteRunnerWorker.java:95)
	at org.testng.TestNG.runSuitesSequentially(TestNG.java:1256)
	at org.testng.TestNG.runSuitesLocally(TestNG.java:1176)
	at org.testng.TestNG.runSuites(TestNG.java:1099)
	at org.testng.TestNG.run(TestNG.java:1067)
	at org.testng.remote.AbstractRemoteTestNG.run(AbstractRemoteTestNG.java:115)
	at org.testng.remote.RemoteTestNG.initAndRun(RemoteTestNG.java:251)
	at org.testng.remote.RemoteTestNG.main(RemoteTestNG.java:77)
</pre></div></td>
<td>0</td>
<td>test.Login_test@436813f3</td></tr>
<tr>
<td title='test.Login_test.verifynewlink()'><b>verifynewlink</b><br>Test class: test.Login_test</td>
<td><div><pre>org.openqa.selenium.WebDriverException: chrome not reachable
Build info: version: &apos;3.141.59&apos;, revision: &apos;e82be7d358&apos;, time: &apos;2018-11-14T08:17:03&apos;
System info: host: &apos;HEMENDRA&apos;, ip: &apos;192.168.0.103&apos;, os.name: &apos;Windows 11&apos;, os.arch: &apos;amd64&apos;, os.version: &apos;10.0&apos;, java.version: &apos;18.0.1.1&apos;
Driver info: driver.version: EdgeDriver
remote stacktrace: Backtrace:
	GetHandleVerifier [0x00007FF6BBB6DF52+60274]
	Microsoft::Applications::Events::EventProperty::~EventProperty [0x00007FF6BBAFEBB2+818866]
	(No symbol) [0x00007FF6BB78DE16]
	(No symbol) [0x00007FF6BB77DA71]
	(No symbol) [0x00007FF6BB7BDDB5]
	(No symbol) [0x00007FF6BB7B8D24]
	(No symbol) [0x00007FF6BB7B440A]
	(No symbol) [0x00007FF6BB7F7341]
	(No symbol) [0x00007FF6BB7EF343]
	(No symbol) [0x00007FF6BB7C1796]
	(No symbol) [0x00007FF6BB7C0975]
	(No symbol) [0x00007FF6BB7C1F04]
	Microsoft::Applications::Events::EventProperties::SetLevel [0x00007FF6BBA027E7+1593703]
	Microsoft::Applications::Events::EventProperties::SetLevel [0x00007FF6BB8AAC6D+185837]
	Microsoft::Applications::Events::EventProperty::~EventProperty [0x00007FF6BBA3FD57+36951]
	Microsoft::Applications::Events::EventProperty::~EventProperty [0x00007FF6BBA37E65+4453]
	Microsoft::Applications::Events::ILogManager::DispatchEventBroadcast [0x00007FF6BBD3FD73+1319011]
	Microsoft::Applications::Events::EventProperty::~EventProperty [0x00007FF6BBB06C6C+851820]
	Microsoft::Applications::Events::EventProperty::~EventProperty [0x00007FF6BBB02CD4+835540]
	Microsoft::Applications::Events::EventProperty::~EventProperty [0x00007FF6BBB02E2C+835884]
	Microsoft::Applications::Events::EventProperty::~EventProperty [0x00007FF6BBAF8A01+793857]
	BaseThreadInitThunk [0x00007FFB5618269D+29]
	RtlUserThreadStart [0x00007FFB56C6A9F8+40]

	at org.openqa.selenium.remote.W3CHandshakeResponse.lambda$errorHandler$0(W3CHandshakeResponse.java:62)
	at org.openqa.selenium.remote.HandshakeResponse.lambda$getResponseFunction$0(HandshakeResponse.java:30)
	at org.openqa.selenium.remote.ProtocolHandshake.lambda$createSession$0(ProtocolHandshake.java:126)
	at java.base/java.util.stream.ReferencePipeline$3$1.accept(ReferencePipeline.java:197)
	at java.base/java.util.Spliterators$ArraySpliterator.tryAdvance(Spliterators.java:1002)
	at java.base/java.util.stream.ReferencePipeline.forEachWithCancel(ReferencePipeline.java:129)
	at java.base/java.util.stream.AbstractPipeline.copyIntoWithCancel(AbstractPipeline.java:527)
	at java.base/java.util.stream.AbstractPipeline.copyInto(AbstractPipeline.java:513)
	at java.base/java.util.stream.AbstractPipeline.wrapAndCopyInto(AbstractPipeline.java:499)
	at java.base/java.util.stream.FindOps$FindOp.evaluateSequential(FindOps.java:150)
	at java.base/java.util.stream.AbstractPipeline.evaluate(AbstractPipeline.java:234)
	at java.base/java.util.stream.ReferencePipeline.findFirst(ReferencePipeline.java:647)
	at org.openqa.selenium.remote.ProtocolHandshake.createSession(ProtocolHandshake.java:128)
	at org.openqa.selenium.remote.ProtocolHandshake.createSession(ProtocolHandshake.java:74)
	at org.openqa.selenium.remote.HttpCommandExecutor.execute(HttpCommandExecutor.java:136)
	at org.openqa.selenium.remote.service.DriverCommandExecutor.execute(DriverCommandExecutor.java:83)
	at org.openqa.selenium.remote.RemoteWebDriver.execute(RemoteWebDriver.java:552)
	at org.openqa.selenium.remote.RemoteWebDriver.startSession(RemoteWebDriver.java:213)
	at org.openqa.selenium.remote.RemoteWebDriver.&lt;init&gt;(RemoteWebDriver.java:131)
	at org.openqa.selenium.edge.EdgeDriver.&lt;init&gt;(EdgeDriver.java:141)
	at org.openqa.selenium.edge.EdgeDriver.&lt;init&gt;(EdgeDriver.java:96)
	at baselibrary.Baselibrary11.getLaunchUrl(Baselibrary11.java:13)
	at test.Login_test.getLaunchgithub(Login_test.java:16)
... Removed 25 stack frames</pre></div><a href='#' onClick='toggleBox("stack-trace1989332276", this, "Click to show all stack frames", "Click to hide stack frames")'>Click to show all stack frames</a>
<div class='stack-trace' id='stack-trace1989332276'><pre>org.openqa.selenium.WebDriverException: chrome not reachable
Build info: version: &apos;3.141.59&apos;, revision: &apos;e82be7d358&apos;, time: &apos;2018-11-14T08:17:03&apos;
System info: host: &apos;HEMENDRA&apos;, ip: &apos;192.168.0.103&apos;, os.name: &apos;Windows 11&apos;, os.arch: &apos;amd64&apos;, os.version: &apos;10.0&apos;, java.version: &apos;18.0.1.1&apos;
Driver info: driver.version: EdgeDriver
remote stacktrace: Backtrace:
	GetHandleVerifier [0x00007FF6BBB6DF52+60274]
	Microsoft::Applications::Events::EventProperty::~EventProperty [0x00007FF6BBAFEBB2+818866]
	(No symbol) [0x00007FF6BB78DE16]
	(No symbol) [0x00007FF6BB77DA71]
	(No symbol) [0x00007FF6BB7BDDB5]
	(No symbol) [0x00007FF6BB7B8D24]
	(No symbol) [0x00007FF6BB7B440A]
	(No symbol) [0x00007FF6BB7F7341]
	(No symbol) [0x00007FF6BB7EF343]
	(No symbol) [0x00007FF6BB7C1796]
	(No symbol) [0x00007FF6BB7C0975]
	(No symbol) [0x00007FF6BB7C1F04]
	Microsoft::Applications::Events::EventProperties::SetLevel [0x00007FF6BBA027E7+1593703]
	Microsoft::Applications::Events::EventProperties::SetLevel [0x00007FF6BB8AAC6D+185837]
	Microsoft::Applications::Events::EventProperty::~EventProperty [0x00007FF6BBA3FD57+36951]
	Microsoft::Applications::Events::EventProperty::~EventProperty [0x00007FF6BBA37E65+4453]
	Microsoft::Applications::Events::ILogManager::DispatchEventBroadcast [0x00007FF6BBD3FD73+1319011]
	Microsoft::Applications::Events::EventProperty::~EventProperty [0x00007FF6BBB06C6C+851820]
	Microsoft::Applications::Events::EventProperty::~EventProperty [0x00007FF6BBB02CD4+835540]
	Microsoft::Applications::Events::EventProperty::~EventProperty [0x00007FF6BBB02E2C+835884]
	Microsoft::Applications::Events::EventProperty::~EventProperty [0x00007FF6BBAF8A01+793857]
	BaseThreadInitThunk [0x00007FFB5618269D+29]
	RtlUserThreadStart [0x00007FFB56C6A9F8+40]

	at java.base/jdk.internal.reflect.DirectConstructorHandleAccessor.newInstance(DirectConstructorHandleAccessor.java:67)
	at java.base/java.lang.reflect.Constructor.newInstanceWithCaller(Constructor.java:499)
	at java.base/java.lang.reflect.Constructor.newInstance(Constructor.java:483)
	at org.openqa.selenium.remote.W3CHandshakeResponse.lambda$errorHandler$0(W3CHandshakeResponse.java:62)
	at org.openqa.selenium.remote.HandshakeResponse.lambda$getResponseFunction$0(HandshakeResponse.java:30)
	at org.openqa.selenium.remote.ProtocolHandshake.lambda$createSession$0(ProtocolHandshake.java:126)
	at java.base/java.util.stream.ReferencePipeline$3$1.accept(ReferencePipeline.java:197)
	at java.base/java.util.Spliterators$ArraySpliterator.tryAdvance(Spliterators.java:1002)
	at java.base/java.util.stream.ReferencePipeline.forEachWithCancel(ReferencePipeline.java:129)
	at java.base/java.util.stream.AbstractPipeline.copyIntoWithCancel(AbstractPipeline.java:527)
	at java.base/java.util.stream.AbstractPipeline.copyInto(AbstractPipeline.java:513)
	at java.base/java.util.stream.AbstractPipeline.wrapAndCopyInto(AbstractPipeline.java:499)
	at java.base/java.util.stream.FindOps$FindOp.evaluateSequential(FindOps.java:150)
	at java.base/java.util.stream.AbstractPipeline.evaluate(AbstractPipeline.java:234)
	at java.base/java.util.stream.ReferencePipeline.findFirst(ReferencePipeline.java:647)
	at org.openqa.selenium.remote.ProtocolHandshake.createSession(ProtocolHandshake.java:128)
	at org.openqa.selenium.remote.ProtocolHandshake.createSession(ProtocolHandshake.java:74)
	at org.openqa.selenium.remote.HttpCommandExecutor.execute(HttpCommandExecutor.java:136)
	at org.openqa.selenium.remote.service.DriverCommandExecutor.execute(DriverCommandExecutor.java:83)
	at org.openqa.selenium.remote.RemoteWebDriver.execute(RemoteWebDriver.java:552)
	at org.openqa.selenium.remote.RemoteWebDriver.startSession(RemoteWebDriver.java:213)
	at org.openqa.selenium.remote.RemoteWebDriver.&lt;init&gt;(RemoteWebDriver.java:131)
	at org.openqa.selenium.edge.EdgeDriver.&lt;init&gt;(EdgeDriver.java:141)
	at org.openqa.selenium.edge.EdgeDriver.&lt;init&gt;(EdgeDriver.java:96)
	at baselibrary.Baselibrary11.getLaunchUrl(Baselibrary11.java:13)
	at test.Login_test.getLaunchgithub(Login_test.java:16)
	at java.base/jdk.internal.reflect.DirectMethodHandleAccessor.invoke(DirectMethodHandleAccessor.java:104)
	at java.base/java.lang.reflect.Method.invoke(Method.java:577)
	at org.testng.internal.invokers.MethodInvocationHelper.invokeMethod(MethodInvocationHelper.java:139)
	at org.testng.internal.invokers.MethodInvocationHelper.invokeMethodConsideringTimeout(MethodInvocationHelper.java:69)
	at org.testng.internal.invokers.ConfigInvoker.invokeConfigurationMethod(ConfigInvoker.java:361)
	at org.testng.internal.invokers.ConfigInvoker.invokeConfigurations(ConfigInvoker.java:296)
	at org.testng.TestRunner.invokeTestConfigurations(TestRunner.java:643)
	at org.testng.TestRunner.beforeRun(TestRunner.java:632)
	at org.testng.TestRunner.run(TestRunner.java:594)
	at org.testng.SuiteRunner.runTest(SuiteRunner.java:433)
	at org.testng.SuiteRunner.runSequentially(SuiteRunner.java:427)
	at org.testng.SuiteRunner.privateRun(SuiteRunner.java:387)
	at org.testng.SuiteRunner.run(SuiteRunner.java:330)
	at org.testng.SuiteRunnerWorker.runSuite(SuiteRunnerWorker.java:52)
	at org.testng.SuiteRunnerWorker.run(SuiteRunnerWorker.java:95)
	at org.testng.TestNG.runSuitesSequentially(TestNG.java:1256)
	at org.testng.TestNG.runSuitesLocally(TestNG.java:1176)
	at org.testng.TestNG.runSuites(TestNG.java:1099)
	at org.testng.TestNG.run(TestNG.java:1067)
	at org.testng.remote.AbstractRemoteTestNG.run(AbstractRemoteTestNG.java:115)
	at org.testng.remote.RemoteTestNG.initAndRun(RemoteTestNG.java:251)
	at org.testng.remote.RemoteTestNG.main(RemoteTestNG.java:77)
</pre></div></td>
<td>0</td>
<td>test.Login_test@436813f3</td></tr>
<tr>
<td title='test.Login_test.clickonsetting()'><b>clickonsetting</b><br>Test class: test.Login_test</td>
<td><div><pre>org.openqa.selenium.WebDriverException: chrome not reachable
Build info: version: &apos;3.141.59&apos;, revision: &apos;e82be7d358&apos;, time: &apos;2018-11-14T08:17:03&apos;
System info: host: &apos;HEMENDRA&apos;, ip: &apos;192.168.0.103&apos;, os.name: &apos;Windows 11&apos;, os.arch: &apos;amd64&apos;, os.version: &apos;10.0&apos;, java.version: &apos;18.0.1.1&apos;
Driver info: driver.version: EdgeDriver
remote stacktrace: Backtrace:
	GetHandleVerifier [0x00007FF6BBB6DF52+60274]
	Microsoft::Applications::Events::EventProperty::~EventProperty [0x00007FF6BBAFEBB2+818866]
	(No symbol) [0x00007FF6BB78DE16]
	(No symbol) [0x00007FF6BB77DA71]
	(No symbol) [0x00007FF6BB7BDDB5]
	(No symbol) [0x00007FF6BB7B8D24]
	(No symbol) [0x00007FF6BB7B440A]
	(No symbol) [0x00007FF6BB7F7341]
	(No symbol) [0x00007FF6BB7EF343]
	(No symbol) [0x00007FF6BB7C1796]
	(No symbol) [0x00007FF6BB7C0975]
	(No symbol) [0x00007FF6BB7C1F04]
	Microsoft::Applications::Events::EventProperties::SetLevel [0x00007FF6BBA027E7+1593703]
	Microsoft::Applications::Events::EventProperties::SetLevel [0x00007FF6BB8AAC6D+185837]
	Microsoft::Applications::Events::EventProperty::~EventProperty [0x00007FF6BBA3FD57+36951]
	Microsoft::Applications::Events::EventProperty::~EventProperty [0x00007FF6BBA37E65+4453]
	Microsoft::Applications::Events::ILogManager::DispatchEventBroadcast [0x00007FF6BBD3FD73+1319011]
	Microsoft::Applications::Events::EventProperty::~EventProperty [0x00007FF6BBB06C6C+851820]
	Microsoft::Applications::Events::EventProperty::~EventProperty [0x00007FF6BBB02CD4+835540]
	Microsoft::Applications::Events::EventProperty::~EventProperty [0x00007FF6BBB02E2C+835884]
	Microsoft::Applications::Events::EventProperty::~EventProperty [0x00007FF6BBAF8A01+793857]
	BaseThreadInitThunk [0x00007FFB5618269D+29]
	RtlUserThreadStart [0x00007FFB56C6A9F8+40]

	at org.openqa.selenium.remote.W3CHandshakeResponse.lambda$errorHandler$0(W3CHandshakeResponse.java:62)
	at org.openqa.selenium.remote.HandshakeResponse.lambda$getResponseFunction$0(HandshakeResponse.java:30)
	at org.openqa.selenium.remote.ProtocolHandshake.lambda$createSession$0(ProtocolHandshake.java:126)
	at java.base/java.util.stream.ReferencePipeline$3$1.accept(ReferencePipeline.java:197)
	at java.base/java.util.Spliterators$ArraySpliterator.tryAdvance(Spliterators.java:1002)
	at java.base/java.util.stream.ReferencePipeline.forEachWithCancel(ReferencePipeline.java:129)
	at java.base/java.util.stream.AbstractPipeline.copyIntoWithCancel(AbstractPipeline.java:527)
	at java.base/java.util.stream.AbstractPipeline.copyInto(AbstractPipeline.java:513)
	at java.base/java.util.stream.AbstractPipeline.wrapAndCopyInto(AbstractPipeline.java:499)
	at java.base/java.util.stream.FindOps$FindOp.evaluateSequential(FindOps.java:150)
	at java.base/java.util.stream.AbstractPipeline.evaluate(AbstractPipeline.java:234)
	at java.base/java.util.stream.ReferencePipeline.findFirst(ReferencePipeline.java:647)
	at org.openqa.selenium.remote.ProtocolHandshake.createSession(ProtocolHandshake.java:128)
	at org.openqa.selenium.remote.ProtocolHandshake.createSession(ProtocolHandshake.java:74)
	at org.openqa.selenium.remote.HttpCommandExecutor.execute(HttpCommandExecutor.java:136)
	at org.openqa.selenium.remote.service.DriverCommandExecutor.execute(DriverCommandExecutor.java:83)
	at org.openqa.selenium.remote.RemoteWebDriver.execute(RemoteWebDriver.java:552)
	at org.openqa.selenium.remote.RemoteWebDriver.startSession(RemoteWebDriver.java:213)
	at org.openqa.selenium.remote.RemoteWebDriver.&lt;init&gt;(RemoteWebDriver.java:131)
	at org.openqa.selenium.edge.EdgeDriver.&lt;init&gt;(EdgeDriver.java:141)
	at org.openqa.selenium.edge.EdgeDriver.&lt;init&gt;(EdgeDriver.java:96)
	at baselibrary.Baselibrary11.getLaunchUrl(Baselibrary11.java:13)
	at test.Login_test.getLaunchgithub(Login_test.java:16)
... Removed 25 stack frames</pre></div><a href='#' onClick='toggleBox("stack-trace54176060", this, "Click to show all stack frames", "Click to hide stack frames")'>Click to show all stack frames</a>
<div class='stack-trace' id='stack-trace54176060'><pre>org.openqa.selenium.WebDriverException: chrome not reachable
Build info: version: &apos;3.141.59&apos;, revision: &apos;e82be7d358&apos;, time: &apos;2018-11-14T08:17:03&apos;
System info: host: &apos;HEMENDRA&apos;, ip: &apos;192.168.0.103&apos;, os.name: &apos;Windows 11&apos;, os.arch: &apos;amd64&apos;, os.version: &apos;10.0&apos;, java.version: &apos;18.0.1.1&apos;
Driver info: driver.version: EdgeDriver
remote stacktrace: Backtrace:
	GetHandleVerifier [0x00007FF6BBB6DF52+60274]
	Microsoft::Applications::Events::EventProperty::~EventProperty [0x00007FF6BBAFEBB2+818866]
	(No symbol) [0x00007FF6BB78DE16]
	(No symbol) [0x00007FF6BB77DA71]
	(No symbol) [0x00007FF6BB7BDDB5]
	(No symbol) [0x00007FF6BB7B8D24]
	(No symbol) [0x00007FF6BB7B440A]
	(No symbol) [0x00007FF6BB7F7341]
	(No symbol) [0x00007FF6BB7EF343]
	(No symbol) [0x00007FF6BB7C1796]
	(No symbol) [0x00007FF6BB7C0975]
	(No symbol) [0x00007FF6BB7C1F04]
	Microsoft::Applications::Events::EventProperties::SetLevel [0x00007FF6BBA027E7+1593703]
	Microsoft::Applications::Events::EventProperties::SetLevel [0x00007FF6BB8AAC6D+185837]
	Microsoft::Applications::Events::EventProperty::~EventProperty [0x00007FF6BBA3FD57+36951]
	Microsoft::Applications::Events::EventProperty::~EventProperty [0x00007FF6BBA37E65+4453]
	Microsoft::Applications::Events::ILogManager::DispatchEventBroadcast [0x00007FF6BBD3FD73+1319011]
	Microsoft::Applications::Events::EventProperty::~EventProperty [0x00007FF6BBB06C6C+851820]
	Microsoft::Applications::Events::EventProperty::~EventProperty [0x00007FF6BBB02CD4+835540]
	Microsoft::Applications::Events::EventProperty::~EventProperty [0x00007FF6BBB02E2C+835884]
	Microsoft::Applications::Events::EventProperty::~EventProperty [0x00007FF6BBAF8A01+793857]
	BaseThreadInitThunk [0x00007FFB5618269D+29]
	RtlUserThreadStart [0x00007FFB56C6A9F8+40]

	at java.base/jdk.internal.reflect.DirectConstructorHandleAccessor.newInstance(DirectConstructorHandleAccessor.java:67)
	at java.base/java.lang.reflect.Constructor.newInstanceWithCaller(Constructor.java:499)
	at java.base/java.lang.reflect.Constructor.newInstance(Constructor.java:483)
	at org.openqa.selenium.remote.W3CHandshakeResponse.lambda$errorHandler$0(W3CHandshakeResponse.java:62)
	at org.openqa.selenium.remote.HandshakeResponse.lambda$getResponseFunction$0(HandshakeResponse.java:30)
	at org.openqa.selenium.remote.ProtocolHandshake.lambda$createSession$0(ProtocolHandshake.java:126)
	at java.base/java.util.stream.ReferencePipeline$3$1.accept(ReferencePipeline.java:197)
	at java.base/java.util.Spliterators$ArraySpliterator.tryAdvance(Spliterators.java:1002)
	at java.base/java.util.stream.ReferencePipeline.forEachWithCancel(ReferencePipeline.java:129)
	at java.base/java.util.stream.AbstractPipeline.copyIntoWithCancel(AbstractPipeline.java:527)
	at java.base/java.util.stream.AbstractPipeline.copyInto(AbstractPipeline.java:513)
	at java.base/java.util.stream.AbstractPipeline.wrapAndCopyInto(AbstractPipeline.java:499)
	at java.base/java.util.stream.FindOps$FindOp.evaluateSequential(FindOps.java:150)
	at java.base/java.util.stream.AbstractPipeline.evaluate(AbstractPipeline.java:234)
	at java.base/java.util.stream.ReferencePipeline.findFirst(ReferencePipeline.java:647)
	at org.openqa.selenium.remote.ProtocolHandshake.createSession(ProtocolHandshake.java:128)
	at org.openqa.selenium.remote.ProtocolHandshake.createSession(ProtocolHandshake.java:74)
	at org.openqa.selenium.remote.HttpCommandExecutor.execute(HttpCommandExecutor.java:136)
	at org.openqa.selenium.remote.service.DriverCommandExecutor.execute(DriverCommandExecutor.java:83)
	at org.openqa.selenium.remote.RemoteWebDriver.execute(RemoteWebDriver.java:552)
	at org.openqa.selenium.remote.RemoteWebDriver.startSession(RemoteWebDriver.java:213)
	at org.openqa.selenium.remote.RemoteWebDriver.&lt;init&gt;(RemoteWebDriver.java:131)
	at org.openqa.selenium.edge.EdgeDriver.&lt;init&gt;(EdgeDriver.java:141)
	at org.openqa.selenium.edge.EdgeDriver.&lt;init&gt;(EdgeDriver.java:96)
	at baselibrary.Baselibrary11.getLaunchUrl(Baselibrary11.java:13)
	at test.Login_test.getLaunchgithub(Login_test.java:16)
	at java.base/jdk.internal.reflect.DirectMethodHandleAccessor.invoke(DirectMethodHandleAccessor.java:104)
	at java.base/java.lang.reflect.Method.invoke(Method.java:577)
	at org.testng.internal.invokers.MethodInvocationHelper.invokeMethod(MethodInvocationHelper.java:139)
	at org.testng.internal.invokers.MethodInvocationHelper.invokeMethodConsideringTimeout(MethodInvocationHelper.java:69)
	at org.testng.internal.invokers.ConfigInvoker.invokeConfigurationMethod(ConfigInvoker.java:361)
	at org.testng.internal.invokers.ConfigInvoker.invokeConfigurations(ConfigInvoker.java:296)
	at org.testng.TestRunner.invokeTestConfigurations(TestRunner.java:643)
	at org.testng.TestRunner.beforeRun(TestRunner.java:632)
	at org.testng.TestRunner.run(TestRunner.java:594)
	at org.testng.SuiteRunner.runTest(SuiteRunner.java:433)
	at org.testng.SuiteRunner.runSequentially(SuiteRunner.java:427)
	at org.testng.SuiteRunner.privateRun(SuiteRunner.java:387)
	at org.testng.SuiteRunner.run(SuiteRunner.java:330)
	at org.testng.SuiteRunnerWorker.runSuite(SuiteRunnerWorker.java:52)
	at org.testng.SuiteRunnerWorker.run(SuiteRunnerWorker.java:95)
	at org.testng.TestNG.runSuitesSequentially(TestNG.java:1256)
	at org.testng.TestNG.runSuitesLocally(TestNG.java:1176)
	at org.testng.TestNG.runSuites(TestNG.java:1099)
	at org.testng.TestNG.run(TestNG.java:1067)
	at org.testng.remote.AbstractRemoteTestNG.run(AbstractRemoteTestNG.java:115)
	at org.testng.remote.RemoteTestNG.initAndRun(RemoteTestNG.java:251)
	at org.testng.remote.RemoteTestNG.main(RemoteTestNG.java:77)
</pre></div></td>
<td>0</td>
<td>test.Login_test@436813f3</td></tr>
<tr>
<td title='test.Login_test.GetverifyRepo()'><b>GetverifyRepo</b><br>Test class: test.Login_test</td>
<td><div><pre>org.openqa.selenium.WebDriverException: chrome not reachable
Build info: version: &apos;3.141.59&apos;, revision: &apos;e82be7d358&apos;, time: &apos;2018-11-14T08:17:03&apos;
System info: host: &apos;HEMENDRA&apos;, ip: &apos;192.168.0.103&apos;, os.name: &apos;Windows 11&apos;, os.arch: &apos;amd64&apos;, os.version: &apos;10.0&apos;, java.version: &apos;18.0.1.1&apos;
Driver info: driver.version: EdgeDriver
remote stacktrace: Backtrace:
	GetHandleVerifier [0x00007FF6BBB6DF52+60274]
	Microsoft::Applications::Events::EventProperty::~EventProperty [0x00007FF6BBAFEBB2+818866]
	(No symbol) [0x00007FF6BB78DE16]
	(No symbol) [0x00007FF6BB77DA71]
	(No symbol) [0x00007FF6BB7BDDB5]
	(No symbol) [0x00007FF6BB7B8D24]
	(No symbol) [0x00007FF6BB7B440A]
	(No symbol) [0x00007FF6BB7F7341]
	(No symbol) [0x00007FF6BB7EF343]
	(No symbol) [0x00007FF6BB7C1796]
	(No symbol) [0x00007FF6BB7C0975]
	(No symbol) [0x00007FF6BB7C1F04]
	Microsoft::Applications::Events::EventProperties::SetLevel [0x00007FF6BBA027E7+1593703]
	Microsoft::Applications::Events::EventProperties::SetLevel [0x00007FF6BB8AAC6D+185837]
	Microsoft::Applications::Events::EventProperty::~EventProperty [0x00007FF6BBA3FD57+36951]
	Microsoft::Applications::Events::EventProperty::~EventProperty [0x00007FF6BBA37E65+4453]
	Microsoft::Applications::Events::ILogManager::DispatchEventBroadcast [0x00007FF6BBD3FD73+1319011]
	Microsoft::Applications::Events::EventProperty::~EventProperty [0x00007FF6BBB06C6C+851820]
	Microsoft::Applications::Events::EventProperty::~EventProperty [0x00007FF6BBB02CD4+835540]
	Microsoft::Applications::Events::EventProperty::~EventProperty [0x00007FF6BBB02E2C+835884]
	Microsoft::Applications::Events::EventProperty::~EventProperty [0x00007FF6BBAF8A01+793857]
	BaseThreadInitThunk [0x00007FFB5618269D+29]
	RtlUserThreadStart [0x00007FFB56C6A9F8+40]

	at org.openqa.selenium.remote.W3CHandshakeResponse.lambda$errorHandler$0(W3CHandshakeResponse.java:62)
	at org.openqa.selenium.remote.HandshakeResponse.lambda$getResponseFunction$0(HandshakeResponse.java:30)
	at org.openqa.selenium.remote.ProtocolHandshake.lambda$createSession$0(ProtocolHandshake.java:126)
	at java.base/java.util.stream.ReferencePipeline$3$1.accept(ReferencePipeline.java:197)
	at java.base/java.util.Spliterators$ArraySpliterator.tryAdvance(Spliterators.java:1002)
	at java.base/java.util.stream.ReferencePipeline.forEachWithCancel(ReferencePipeline.java:129)
	at java.base/java.util.stream.AbstractPipeline.copyIntoWithCancel(AbstractPipeline.java:527)
	at java.base/java.util.stream.AbstractPipeline.copyInto(AbstractPipeline.java:513)
	at java.base/java.util.stream.AbstractPipeline.wrapAndCopyInto(AbstractPipeline.java:499)
	at java.base/java.util.stream.FindOps$FindOp.evaluateSequential(FindOps.java:150)
	at java.base/java.util.stream.AbstractPipeline.evaluate(AbstractPipeline.java:234)
	at java.base/java.util.stream.ReferencePipeline.findFirst(ReferencePipeline.java:647)
	at org.openqa.selenium.remote.ProtocolHandshake.createSession(ProtocolHandshake.java:128)
	at org.openqa.selenium.remote.ProtocolHandshake.createSession(ProtocolHandshake.java:74)
	at org.openqa.selenium.remote.HttpCommandExecutor.execute(HttpCommandExecutor.java:136)
	at org.openqa.selenium.remote.service.DriverCommandExecutor.execute(DriverCommandExecutor.java:83)
	at org.openqa.selenium.remote.RemoteWebDriver.execute(RemoteWebDriver.java:552)
	at org.openqa.selenium.remote.RemoteWebDriver.startSession(RemoteWebDriver.java:213)
	at org.openqa.selenium.remote.RemoteWebDriver.&lt;init&gt;(RemoteWebDriver.java:131)
	at org.openqa.selenium.edge.EdgeDriver.&lt;init&gt;(EdgeDriver.java:141)
	at org.openqa.selenium.edge.EdgeDriver.&lt;init&gt;(EdgeDriver.java:96)
	at baselibrary.Baselibrary11.getLaunchUrl(Baselibrary11.java:13)
	at test.Login_test.getLaunchgithub(Login_test.java:16)
... Removed 25 stack frames</pre></div><a href='#' onClick='toggleBox("stack-trace279781579", this, "Click to show all stack frames", "Click to hide stack frames")'>Click to show all stack frames</a>
<div class='stack-trace' id='stack-trace279781579'><pre>org.openqa.selenium.WebDriverException: chrome not reachable
Build info: version: &apos;3.141.59&apos;, revision: &apos;e82be7d358&apos;, time: &apos;2018-11-14T08:17:03&apos;
System info: host: &apos;HEMENDRA&apos;, ip: &apos;192.168.0.103&apos;, os.name: &apos;Windows 11&apos;, os.arch: &apos;amd64&apos;, os.version: &apos;10.0&apos;, java.version: &apos;18.0.1.1&apos;
Driver info: driver.version: EdgeDriver
remote stacktrace: Backtrace:
	GetHandleVerifier [0x00007FF6BBB6DF52+60274]
	Microsoft::Applications::Events::EventProperty::~EventProperty [0x00007FF6BBAFEBB2+818866]
	(No symbol) [0x00007FF6BB78DE16]
	(No symbol) [0x00007FF6BB77DA71]
	(No symbol) [0x00007FF6BB7BDDB5]
	(No symbol) [0x00007FF6BB7B8D24]
	(No symbol) [0x00007FF6BB7B440A]
	(No symbol) [0x00007FF6BB7F7341]
	(No symbol) [0x00007FF6BB7EF343]
	(No symbol) [0x00007FF6BB7C1796]
	(No symbol) [0x00007FF6BB7C0975]
	(No symbol) [0x00007FF6BB7C1F04]
	Microsoft::Applications::Events::EventProperties::SetLevel [0x00007FF6BBA027E7+1593703]
	Microsoft::Applications::Events::EventProperties::SetLevel [0x00007FF6BB8AAC6D+185837]
	Microsoft::Applications::Events::EventProperty::~EventProperty [0x00007FF6BBA3FD57+36951]
	Microsoft::Applications::Events::EventProperty::~EventProperty [0x00007FF6BBA37E65+4453]
	Microsoft::Applications::Events::ILogManager::DispatchEventBroadcast [0x00007FF6BBD3FD73+1319011]
	Microsoft::Applications::Events::EventProperty::~EventProperty [0x00007FF6BBB06C6C+851820]
	Microsoft::Applications::Events::EventProperty::~EventProperty [0x00007FF6BBB02CD4+835540]
	Microsoft::Applications::Events::EventProperty::~EventProperty [0x00007FF6BBB02E2C+835884]
	Microsoft::Applications::Events::EventProperty::~EventProperty [0x00007FF6BBAF8A01+793857]
	BaseThreadInitThunk [0x00007FFB5618269D+29]
	RtlUserThreadStart [0x00007FFB56C6A9F8+40]

	at java.base/jdk.internal.reflect.DirectConstructorHandleAccessor.newInstance(DirectConstructorHandleAccessor.java:67)
	at java.base/java.lang.reflect.Constructor.newInstanceWithCaller(Constructor.java:499)
	at java.base/java.lang.reflect.Constructor.newInstance(Constructor.java:483)
	at org.openqa.selenium.remote.W3CHandshakeResponse.lambda$errorHandler$0(W3CHandshakeResponse.java:62)
	at org.openqa.selenium.remote.HandshakeResponse.lambda$getResponseFunction$0(HandshakeResponse.java:30)
	at org.openqa.selenium.remote.ProtocolHandshake.lambda$createSession$0(ProtocolHandshake.java:126)
	at java.base/java.util.stream.ReferencePipeline$3$1.accept(ReferencePipeline.java:197)
	at java.base/java.util.Spliterators$ArraySpliterator.tryAdvance(Spliterators.java:1002)
	at java.base/java.util.stream.ReferencePipeline.forEachWithCancel(ReferencePipeline.java:129)
	at java.base/java.util.stream.AbstractPipeline.copyIntoWithCancel(AbstractPipeline.java:527)
	at java.base/java.util.stream.AbstractPipeline.copyInto(AbstractPipeline.java:513)
	at java.base/java.util.stream.AbstractPipeline.wrapAndCopyInto(AbstractPipeline.java:499)
	at java.base/java.util.stream.FindOps$FindOp.evaluateSequential(FindOps.java:150)
	at java.base/java.util.stream.AbstractPipeline.evaluate(AbstractPipeline.java:234)
	at java.base/java.util.stream.ReferencePipeline.findFirst(ReferencePipeline.java:647)
	at org.openqa.selenium.remote.ProtocolHandshake.createSession(ProtocolHandshake.java:128)
	at org.openqa.selenium.remote.ProtocolHandshake.createSession(ProtocolHandshake.java:74)
	at org.openqa.selenium.remote.HttpCommandExecutor.execute(HttpCommandExecutor.java:136)
	at org.openqa.selenium.remote.service.DriverCommandExecutor.execute(DriverCommandExecutor.java:83)
	at org.openqa.selenium.remote.RemoteWebDriver.execute(RemoteWebDriver.java:552)
	at org.openqa.selenium.remote.RemoteWebDriver.startSession(RemoteWebDriver.java:213)
	at org.openqa.selenium.remote.RemoteWebDriver.&lt;init&gt;(RemoteWebDriver.java:131)
	at org.openqa.selenium.edge.EdgeDriver.&lt;init&gt;(EdgeDriver.java:141)
	at org.openqa.selenium.edge.EdgeDriver.&lt;init&gt;(EdgeDriver.java:96)
	at baselibrary.Baselibrary11.getLaunchUrl(Baselibrary11.java:13)
	at test.Login_test.getLaunchgithub(Login_test.java:16)
	at java.base/jdk.internal.reflect.DirectMethodHandleAccessor.invoke(DirectMethodHandleAccessor.java:104)
	at java.base/java.lang.reflect.Method.invoke(Method.java:577)
	at org.testng.internal.invokers.MethodInvocationHelper.invokeMethod(MethodInvocationHelper.java:139)
	at org.testng.internal.invokers.MethodInvocationHelper.invokeMethodConsideringTimeout(MethodInvocationHelper.java:69)
	at org.testng.internal.invokers.ConfigInvoker.invokeConfigurationMethod(ConfigInvoker.java:361)
	at org.testng.internal.invokers.ConfigInvoker.invokeConfigurations(ConfigInvoker.java:296)
	at org.testng.TestRunner.invokeTestConfigurations(TestRunner.java:643)
	at org.testng.TestRunner.beforeRun(TestRunner.java:632)
	at org.testng.TestRunner.run(TestRunner.java:594)
	at org.testng.SuiteRunner.runTest(SuiteRunner.java:433)
	at org.testng.SuiteRunner.runSequentially(SuiteRunner.java:427)
	at org.testng.SuiteRunner.privateRun(SuiteRunner.java:387)
	at org.testng.SuiteRunner.run(SuiteRunner.java:330)
	at org.testng.SuiteRunnerWorker.runSuite(SuiteRunnerWorker.java:52)
	at org.testng.SuiteRunnerWorker.run(SuiteRunnerWorker.java:95)
	at org.testng.TestNG.runSuitesSequentially(TestNG.java:1256)
	at org.testng.TestNG.runSuitesLocally(TestNG.java:1176)
	at org.testng.TestNG.runSuites(TestNG.java:1099)
	at org.testng.TestNG.run(TestNG.java:1067)
	at org.testng.remote.AbstractRemoteTestNG.run(AbstractRemoteTestNG.java:115)
	at org.testng.remote.RemoteTestNG.initAndRun(RemoteTestNG.java:251)
	at org.testng.remote.RemoteTestNG.main(RemoteTestNG.java:77)
</pre></div></td>
<td>0</td>
<td>test.Login_test@436813f3</td></tr>
<tr>
<td title='test.Login_test.sendusername()'><b>sendusername</b><br>Test class: test.Login_test</td>
<td><div><pre>org.openqa.selenium.WebDriverException: chrome not reachable
Build info: version: &apos;3.141.59&apos;, revision: &apos;e82be7d358&apos;, time: &apos;2018-11-14T08:17:03&apos;
System info: host: &apos;HEMENDRA&apos;, ip: &apos;192.168.0.103&apos;, os.name: &apos;Windows 11&apos;, os.arch: &apos;amd64&apos;, os.version: &apos;10.0&apos;, java.version: &apos;18.0.1.1&apos;
Driver info: driver.version: EdgeDriver
remote stacktrace: Backtrace:
	GetHandleVerifier [0x00007FF6BBB6DF52+60274]
	Microsoft::Applications::Events::EventProperty::~EventProperty [0x00007FF6BBAFEBB2+818866]
	(No symbol) [0x00007FF6BB78DE16]
	(No symbol) [0x00007FF6BB77DA71]
	(No symbol) [0x00007FF6BB7BDDB5]
	(No symbol) [0x00007FF6BB7B8D24]
	(No symbol) [0x00007FF6BB7B440A]
	(No symbol) [0x00007FF6BB7F7341]
	(No symbol) [0x00007FF6BB7EF343]
	(No symbol) [0x00007FF6BB7C1796]
	(No symbol) [0x00007FF6BB7C0975]
	(No symbol) [0x00007FF6BB7C1F04]
	Microsoft::Applications::Events::EventProperties::SetLevel [0x00007FF6BBA027E7+1593703]
	Microsoft::Applications::Events::EventProperties::SetLevel [0x00007FF6BB8AAC6D+185837]
	Microsoft::Applications::Events::EventProperty::~EventProperty [0x00007FF6BBA3FD57+36951]
	Microsoft::Applications::Events::EventProperty::~EventProperty [0x00007FF6BBA37E65+4453]
	Microsoft::Applications::Events::ILogManager::DispatchEventBroadcast [0x00007FF6BBD3FD73+1319011]
	Microsoft::Applications::Events::EventProperty::~EventProperty [0x00007FF6BBB06C6C+851820]
	Microsoft::Applications::Events::EventProperty::~EventProperty [0x00007FF6BBB02CD4+835540]
	Microsoft::Applications::Events::EventProperty::~EventProperty [0x00007FF6BBB02E2C+835884]
	Microsoft::Applications::Events::EventProperty::~EventProperty [0x00007FF6BBAF8A01+793857]
	BaseThreadInitThunk [0x00007FFB5618269D+29]
	RtlUserThreadStart [0x00007FFB56C6A9F8+40]

	at org.openqa.selenium.remote.W3CHandshakeResponse.lambda$errorHandler$0(W3CHandshakeResponse.java:62)
	at org.openqa.selenium.remote.HandshakeResponse.lambda$getResponseFunction$0(HandshakeResponse.java:30)
	at org.openqa.selenium.remote.ProtocolHandshake.lambda$createSession$0(ProtocolHandshake.java:126)
	at java.base/java.util.stream.ReferencePipeline$3$1.accept(ReferencePipeline.java:197)
	at java.base/java.util.Spliterators$ArraySpliterator.tryAdvance(Spliterators.java:1002)
	at java.base/java.util.stream.ReferencePipeline.forEachWithCancel(ReferencePipeline.java:129)
	at java.base/java.util.stream.AbstractPipeline.copyIntoWithCancel(AbstractPipeline.java:527)
	at java.base/java.util.stream.AbstractPipeline.copyInto(AbstractPipeline.java:513)
	at java.base/java.util.stream.AbstractPipeline.wrapAndCopyInto(AbstractPipeline.java:499)
	at java.base/java.util.stream.FindOps$FindOp.evaluateSequential(FindOps.java:150)
	at java.base/java.util.stream.AbstractPipeline.evaluate(AbstractPipeline.java:234)
	at java.base/java.util.stream.ReferencePipeline.findFirst(ReferencePipeline.java:647)
	at org.openqa.selenium.remote.ProtocolHandshake.createSession(ProtocolHandshake.java:128)
	at org.openqa.selenium.remote.ProtocolHandshake.createSession(ProtocolHandshake.java:74)
	at org.openqa.selenium.remote.HttpCommandExecutor.execute(HttpCommandExecutor.java:136)
	at org.openqa.selenium.remote.service.DriverCommandExecutor.execute(DriverCommandExecutor.java:83)
	at org.openqa.selenium.remote.RemoteWebDriver.execute(RemoteWebDriver.java:552)
	at org.openqa.selenium.remote.RemoteWebDriver.startSession(RemoteWebDriver.java:213)
	at org.openqa.selenium.remote.RemoteWebDriver.&lt;init&gt;(RemoteWebDriver.java:131)
	at org.openqa.selenium.edge.EdgeDriver.&lt;init&gt;(EdgeDriver.java:141)
	at org.openqa.selenium.edge.EdgeDriver.&lt;init&gt;(EdgeDriver.java:96)
	at baselibrary.Baselibrary11.getLaunchUrl(Baselibrary11.java:13)
	at test.Login_test.getLaunchgithub(Login_test.java:16)
... Removed 25 stack frames</pre></div><a href='#' onClick='toggleBox("stack-trace855724043", this, "Click to show all stack frames", "Click to hide stack frames")'>Click to show all stack frames</a>
<div class='stack-trace' id='stack-trace855724043'><pre>org.openqa.selenium.WebDriverException: chrome not reachable
Build info: version: &apos;3.141.59&apos;, revision: &apos;e82be7d358&apos;, time: &apos;2018-11-14T08:17:03&apos;
System info: host: &apos;HEMENDRA&apos;, ip: &apos;192.168.0.103&apos;, os.name: &apos;Windows 11&apos;, os.arch: &apos;amd64&apos;, os.version: &apos;10.0&apos;, java.version: &apos;18.0.1.1&apos;
Driver info: driver.version: EdgeDriver
remote stacktrace: Backtrace:
	GetHandleVerifier [0x00007FF6BBB6DF52+60274]
	Microsoft::Applications::Events::EventProperty::~EventProperty [0x00007FF6BBAFEBB2+818866]
	(No symbol) [0x00007FF6BB78DE16]
	(No symbol) [0x00007FF6BB77DA71]
	(No symbol) [0x00007FF6BB7BDDB5]
	(No symbol) [0x00007FF6BB7B8D24]
	(No symbol) [0x00007FF6BB7B440A]
	(No symbol) [0x00007FF6BB7F7341]
	(No symbol) [0x00007FF6BB7EF343]
	(No symbol) [0x00007FF6BB7C1796]
	(No symbol) [0x00007FF6BB7C0975]
	(No symbol) [0x00007FF6BB7C1F04]
	Microsoft::Applications::Events::EventProperties::SetLevel [0x00007FF6BBA027E7+1593703]
	Microsoft::Applications::Events::EventProperties::SetLevel [0x00007FF6BB8AAC6D+185837]
	Microsoft::Applications::Events::EventProperty::~EventProperty [0x00007FF6BBA3FD57+36951]
	Microsoft::Applications::Events::EventProperty::~EventProperty [0x00007FF6BBA37E65+4453]
	Microsoft::Applications::Events::ILogManager::DispatchEventBroadcast [0x00007FF6BBD3FD73+1319011]
	Microsoft::Applications::Events::EventProperty::~EventProperty [0x00007FF6BBB06C6C+851820]
	Microsoft::Applications::Events::EventProperty::~EventProperty [0x00007FF6BBB02CD4+835540]
	Microsoft::Applications::Events::EventProperty::~EventProperty [0x00007FF6BBB02E2C+835884]
	Microsoft::Applications::Events::EventProperty::~EventProperty [0x00007FF6BBAF8A01+793857]
	BaseThreadInitThunk [0x00007FFB5618269D+29]
	RtlUserThreadStart [0x00007FFB56C6A9F8+40]

	at java.base/jdk.internal.reflect.DirectConstructorHandleAccessor.newInstance(DirectConstructorHandleAccessor.java:67)
	at java.base/java.lang.reflect.Constructor.newInstanceWithCaller(Constructor.java:499)
	at java.base/java.lang.reflect.Constructor.newInstance(Constructor.java:483)
	at org.openqa.selenium.remote.W3CHandshakeResponse.lambda$errorHandler$0(W3CHandshakeResponse.java:62)
	at org.openqa.selenium.remote.HandshakeResponse.lambda$getResponseFunction$0(HandshakeResponse.java:30)
	at org.openqa.selenium.remote.ProtocolHandshake.lambda$createSession$0(ProtocolHandshake.java:126)
	at java.base/java.util.stream.ReferencePipeline$3$1.accept(ReferencePipeline.java:197)
	at java.base/java.util.Spliterators$ArraySpliterator.tryAdvance(Spliterators.java:1002)
	at java.base/java.util.stream.ReferencePipeline.forEachWithCancel(ReferencePipeline.java:129)
	at java.base/java.util.stream.AbstractPipeline.copyIntoWithCancel(AbstractPipeline.java:527)
	at java.base/java.util.stream.AbstractPipeline.copyInto(AbstractPipeline.java:513)
	at java.base/java.util.stream.AbstractPipeline.wrapAndCopyInto(AbstractPipeline.java:499)
	at java.base/java.util.stream.FindOps$FindOp.evaluateSequential(FindOps.java:150)
	at java.base/java.util.stream.AbstractPipeline.evaluate(AbstractPipeline.java:234)
	at java.base/java.util.stream.ReferencePipeline.findFirst(ReferencePipeline.java:647)
	at org.openqa.selenium.remote.ProtocolHandshake.createSession(ProtocolHandshake.java:128)
	at org.openqa.selenium.remote.ProtocolHandshake.createSession(ProtocolHandshake.java:74)
	at org.openqa.selenium.remote.HttpCommandExecutor.execute(HttpCommandExecutor.java:136)
	at org.openqa.selenium.remote.service.DriverCommandExecutor.execute(DriverCommandExecutor.java:83)
	at org.openqa.selenium.remote.RemoteWebDriver.execute(RemoteWebDriver.java:552)
	at org.openqa.selenium.remote.RemoteWebDriver.startSession(RemoteWebDriver.java:213)
	at org.openqa.selenium.remote.RemoteWebDriver.&lt;init&gt;(RemoteWebDriver.java:131)
	at org.openqa.selenium.edge.EdgeDriver.&lt;init&gt;(EdgeDriver.java:141)
	at org.openqa.selenium.edge.EdgeDriver.&lt;init&gt;(EdgeDriver.java:96)
	at baselibrary.Baselibrary11.getLaunchUrl(Baselibrary11.java:13)
	at test.Login_test.getLaunchgithub(Login_test.java:16)
	at java.base/jdk.internal.reflect.DirectMethodHandleAccessor.invoke(DirectMethodHandleAccessor.java:104)
	at java.base/java.lang.reflect.Method.invoke(Method.java:577)
	at org.testng.internal.invokers.MethodInvocationHelper.invokeMethod(MethodInvocationHelper.java:139)
	at org.testng.internal.invokers.MethodInvocationHelper.invokeMethodConsideringTimeout(MethodInvocationHelper.java:69)
	at org.testng.internal.invokers.ConfigInvoker.invokeConfigurationMethod(ConfigInvoker.java:361)
	at org.testng.internal.invokers.ConfigInvoker.invokeConfigurations(ConfigInvoker.java:296)
	at org.testng.TestRunner.invokeTestConfigurations(TestRunner.java:643)
	at org.testng.TestRunner.beforeRun(TestRunner.java:632)
	at org.testng.TestRunner.run(TestRunner.java:594)
	at org.testng.SuiteRunner.runTest(SuiteRunner.java:433)
	at org.testng.SuiteRunner.runSequentially(SuiteRunner.java:427)
	at org.testng.SuiteRunner.privateRun(SuiteRunner.java:387)
	at org.testng.SuiteRunner.run(SuiteRunner.java:330)
	at org.testng.SuiteRunnerWorker.runSuite(SuiteRunnerWorker.java:52)
	at org.testng.SuiteRunnerWorker.run(SuiteRunnerWorker.java:95)
	at org.testng.TestNG.runSuitesSequentially(TestNG.java:1256)
	at org.testng.TestNG.runSuitesLocally(TestNG.java:1176)
	at org.testng.TestNG.runSuites(TestNG.java:1099)
	at org.testng.TestNG.run(TestNG.java:1067)
	at org.testng.remote.AbstractRemoteTestNG.run(AbstractRemoteTestNG.java:115)
	at org.testng.remote.RemoteTestNG.initAndRun(RemoteTestNG.java:251)
	at org.testng.remote.RemoteTestNG.main(RemoteTestNG.java:77)
</pre></div></td>
<td>0</td>
<td>test.Login_test@436813f3</td></tr>
<tr>
<td title='test.Login_test.Createrepo()'><b>Createrepo</b><br>Test class: test.Login_test</td>
<td><div><pre>org.openqa.selenium.WebDriverException: chrome not reachable
Build info: version: &apos;3.141.59&apos;, revision: &apos;e82be7d358&apos;, time: &apos;2018-11-14T08:17:03&apos;
System info: host: &apos;HEMENDRA&apos;, ip: &apos;192.168.0.103&apos;, os.name: &apos;Windows 11&apos;, os.arch: &apos;amd64&apos;, os.version: &apos;10.0&apos;, java.version: &apos;18.0.1.1&apos;
Driver info: driver.version: EdgeDriver
remote stacktrace: Backtrace:
	GetHandleVerifier [0x00007FF6BBB6DF52+60274]
	Microsoft::Applications::Events::EventProperty::~EventProperty [0x00007FF6BBAFEBB2+818866]
	(No symbol) [0x00007FF6BB78DE16]
	(No symbol) [0x00007FF6BB77DA71]
	(No symbol) [0x00007FF6BB7BDDB5]
	(No symbol) [0x00007FF6BB7B8D24]
	(No symbol) [0x00007FF6BB7B440A]
	(No symbol) [0x00007FF6BB7F7341]
	(No symbol) [0x00007FF6BB7EF343]
	(No symbol) [0x00007FF6BB7C1796]
	(No symbol) [0x00007FF6BB7C0975]
	(No symbol) [0x00007FF6BB7C1F04]
	Microsoft::Applications::Events::EventProperties::SetLevel [0x00007FF6BBA027E7+1593703]
	Microsoft::Applications::Events::EventProperties::SetLevel [0x00007FF6BB8AAC6D+185837]
	Microsoft::Applications::Events::EventProperty::~EventProperty [0x00007FF6BBA3FD57+36951]
	Microsoft::Applications::Events::EventProperty::~EventProperty [0x00007FF6BBA37E65+4453]
	Microsoft::Applications::Events::ILogManager::DispatchEventBroadcast [0x00007FF6BBD3FD73+1319011]
	Microsoft::Applications::Events::EventProperty::~EventProperty [0x00007FF6BBB06C6C+851820]
	Microsoft::Applications::Events::EventProperty::~EventProperty [0x00007FF6BBB02CD4+835540]
	Microsoft::Applications::Events::EventProperty::~EventProperty [0x00007FF6BBB02E2C+835884]
	Microsoft::Applications::Events::EventProperty::~EventProperty [0x00007FF6BBAF8A01+793857]
	BaseThreadInitThunk [0x00007FFB5618269D+29]
	RtlUserThreadStart [0x00007FFB56C6A9F8+40]

	at org.openqa.selenium.remote.W3CHandshakeResponse.lambda$errorHandler$0(W3CHandshakeResponse.java:62)
	at org.openqa.selenium.remote.HandshakeResponse.lambda$getResponseFunction$0(HandshakeResponse.java:30)
	at org.openqa.selenium.remote.ProtocolHandshake.lambda$createSession$0(ProtocolHandshake.java:126)
	at java.base/java.util.stream.ReferencePipeline$3$1.accept(ReferencePipeline.java:197)
	at java.base/java.util.Spliterators$ArraySpliterator.tryAdvance(Spliterators.java:1002)
	at java.base/java.util.stream.ReferencePipeline.forEachWithCancel(ReferencePipeline.java:129)
	at java.base/java.util.stream.AbstractPipeline.copyIntoWithCancel(AbstractPipeline.java:527)
	at java.base/java.util.stream.AbstractPipeline.copyInto(AbstractPipeline.java:513)
	at java.base/java.util.stream.AbstractPipeline.wrapAndCopyInto(AbstractPipeline.java:499)
	at java.base/java.util.stream.FindOps$FindOp.evaluateSequential(FindOps.java:150)
	at java.base/java.util.stream.AbstractPipeline.evaluate(AbstractPipeline.java:234)
	at java.base/java.util.stream.ReferencePipeline.findFirst(ReferencePipeline.java:647)
	at org.openqa.selenium.remote.ProtocolHandshake.createSession(ProtocolHandshake.java:128)
	at org.openqa.selenium.remote.ProtocolHandshake.createSession(ProtocolHandshake.java:74)
	at org.openqa.selenium.remote.HttpCommandExecutor.execute(HttpCommandExecutor.java:136)
	at org.openqa.selenium.remote.service.DriverCommandExecutor.execute(DriverCommandExecutor.java:83)
	at org.openqa.selenium.remote.RemoteWebDriver.execute(RemoteWebDriver.java:552)
	at org.openqa.selenium.remote.RemoteWebDriver.startSession(RemoteWebDriver.java:213)
	at org.openqa.selenium.remote.RemoteWebDriver.&lt;init&gt;(RemoteWebDriver.java:131)
	at org.openqa.selenium.edge.EdgeDriver.&lt;init&gt;(EdgeDriver.java:141)
	at org.openqa.selenium.edge.EdgeDriver.&lt;init&gt;(EdgeDriver.java:96)
	at baselibrary.Baselibrary11.getLaunchUrl(Baselibrary11.java:13)
	at test.Login_test.getLaunchgithub(Login_test.java:16)
... Removed 25 stack frames</pre></div><a href='#' onClick='toggleBox("stack-trace1470420462", this, "Click to show all stack frames", "Click to hide stack frames")'>Click to show all stack frames</a>
<div class='stack-trace' id='stack-trace1470420462'><pre>org.openqa.selenium.WebDriverException: chrome not reachable
Build info: version: &apos;3.141.59&apos;, revision: &apos;e82be7d358&apos;, time: &apos;2018-11-14T08:17:03&apos;
System info: host: &apos;HEMENDRA&apos;, ip: &apos;192.168.0.103&apos;, os.name: &apos;Windows 11&apos;, os.arch: &apos;amd64&apos;, os.version: &apos;10.0&apos;, java.version: &apos;18.0.1.1&apos;
Driver info: driver.version: EdgeDriver
remote stacktrace: Backtrace:
	GetHandleVerifier [0x00007FF6BBB6DF52+60274]
	Microsoft::Applications::Events::EventProperty::~EventProperty [0x00007FF6BBAFEBB2+818866]
	(No symbol) [0x00007FF6BB78DE16]
	(No symbol) [0x00007FF6BB77DA71]
	(No symbol) [0x00007FF6BB7BDDB5]
	(No symbol) [0x00007FF6BB7B8D24]
	(No symbol) [0x00007FF6BB7B440A]
	(No symbol) [0x00007FF6BB7F7341]
	(No symbol) [0x00007FF6BB7EF343]
	(No symbol) [0x00007FF6BB7C1796]
	(No symbol) [0x00007FF6BB7C0975]
	(No symbol) [0x00007FF6BB7C1F04]
	Microsoft::Applications::Events::EventProperties::SetLevel [0x00007FF6BBA027E7+1593703]
	Microsoft::Applications::Events::EventProperties::SetLevel [0x00007FF6BB8AAC6D+185837]
	Microsoft::Applications::Events::EventProperty::~EventProperty [0x00007FF6BBA3FD57+36951]
	Microsoft::Applications::Events::EventProperty::~EventProperty [0x00007FF6BBA37E65+4453]
	Microsoft::Applications::Events::ILogManager::DispatchEventBroadcast [0x00007FF6BBD3FD73+1319011]
	Microsoft::Applications::Events::EventProperty::~EventProperty [0x00007FF6BBB06C6C+851820]
	Microsoft::Applications::Events::EventProperty::~EventProperty [0x00007FF6BBB02CD4+835540]
	Microsoft::Applications::Events::EventProperty::~EventProperty [0x00007FF6BBB02E2C+835884]
	Microsoft::Applications::Events::EventProperty::~EventProperty [0x00007FF6BBAF8A01+793857]
	BaseThreadInitThunk [0x00007FFB5618269D+29]
	RtlUserThreadStart [0x00007FFB56C6A9F8+40]

	at java.base/jdk.internal.reflect.DirectConstructorHandleAccessor.newInstance(DirectConstructorHandleAccessor.java:67)
	at java.base/java.lang.reflect.Constructor.newInstanceWithCaller(Constructor.java:499)
	at java.base/java.lang.reflect.Constructor.newInstance(Constructor.java:483)
	at org.openqa.selenium.remote.W3CHandshakeResponse.lambda$errorHandler$0(W3CHandshakeResponse.java:62)
	at org.openqa.selenium.remote.HandshakeResponse.lambda$getResponseFunction$0(HandshakeResponse.java:30)
	at org.openqa.selenium.remote.ProtocolHandshake.lambda$createSession$0(ProtocolHandshake.java:126)
	at java.base/java.util.stream.ReferencePipeline$3$1.accept(ReferencePipeline.java:197)
	at java.base/java.util.Spliterators$ArraySpliterator.tryAdvance(Spliterators.java:1002)
	at java.base/java.util.stream.ReferencePipeline.forEachWithCancel(ReferencePipeline.java:129)
	at java.base/java.util.stream.AbstractPipeline.copyIntoWithCancel(AbstractPipeline.java:527)
	at java.base/java.util.stream.AbstractPipeline.copyInto(AbstractPipeline.java:513)
	at java.base/java.util.stream.AbstractPipeline.wrapAndCopyInto(AbstractPipeline.java:499)
	at java.base/java.util.stream.FindOps$FindOp.evaluateSequential(FindOps.java:150)
	at java.base/java.util.stream.AbstractPipeline.evaluate(AbstractPipeline.java:234)
	at java.base/java.util.stream.ReferencePipeline.findFirst(ReferencePipeline.java:647)
	at org.openqa.selenium.remote.ProtocolHandshake.createSession(ProtocolHandshake.java:128)
	at org.openqa.selenium.remote.ProtocolHandshake.createSession(ProtocolHandshake.java:74)
	at org.openqa.selenium.remote.HttpCommandExecutor.execute(HttpCommandExecutor.java:136)
	at org.openqa.selenium.remote.service.DriverCommandExecutor.execute(DriverCommandExecutor.java:83)
	at org.openqa.selenium.remote.RemoteWebDriver.execute(RemoteWebDriver.java:552)
	at org.openqa.selenium.remote.RemoteWebDriver.startSession(RemoteWebDriver.java:213)
	at org.openqa.selenium.remote.RemoteWebDriver.&lt;init&gt;(RemoteWebDriver.java:131)
	at org.openqa.selenium.edge.EdgeDriver.&lt;init&gt;(EdgeDriver.java:141)
	at org.openqa.selenium.edge.EdgeDriver.&lt;init&gt;(EdgeDriver.java:96)
	at baselibrary.Baselibrary11.getLaunchUrl(Baselibrary11.java:13)
	at test.Login_test.getLaunchgithub(Login_test.java:16)
	at java.base/jdk.internal.reflect.DirectMethodHandleAccessor.invoke(DirectMethodHandleAccessor.java:104)
	at java.base/java.lang.reflect.Method.invoke(Method.java:577)
	at org.testng.internal.invokers.MethodInvocationHelper.invokeMethod(MethodInvocationHelper.java:139)
	at org.testng.internal.invokers.MethodInvocationHelper.invokeMethodConsideringTimeout(MethodInvocationHelper.java:69)
	at org.testng.internal.invokers.ConfigInvoker.invokeConfigurationMethod(ConfigInvoker.java:361)
	at org.testng.internal.invokers.ConfigInvoker.invokeConfigurations(ConfigInvoker.java:296)
	at org.testng.TestRunner.invokeTestConfigurations(TestRunner.java:643)
	at org.testng.TestRunner.beforeRun(TestRunner.java:632)
	at org.testng.TestRunner.run(TestRunner.java:594)
	at org.testng.SuiteRunner.runTest(SuiteRunner.java:433)
	at org.testng.SuiteRunner.runSequentially(SuiteRunner.java:427)
	at org.testng.SuiteRunner.privateRun(SuiteRunner.java:387)
	at org.testng.SuiteRunner.run(SuiteRunner.java:330)
	at org.testng.SuiteRunnerWorker.runSuite(SuiteRunnerWorker.java:52)
	at org.testng.SuiteRunnerWorker.run(SuiteRunnerWorker.java:95)
	at org.testng.TestNG.runSuitesSequentially(TestNG.java:1256)
	at org.testng.TestNG.runSuitesLocally(TestNG.java:1176)
	at org.testng.TestNG.runSuites(TestNG.java:1099)
	at org.testng.TestNG.run(TestNG.java:1067)
	at org.testng.remote.AbstractRemoteTestNG.run(AbstractRemoteTestNG.java:115)
	at org.testng.remote.RemoteTestNG.initAndRun(RemoteTestNG.java:251)
	at org.testng.remote.RemoteTestNG.main(RemoteTestNG.java:77)
</pre></div></td>
<td>0</td>
<td>test.Login_test@436813f3</td></tr>
<tr>
<td title='test.Login_test.sendpassword()'><b>sendpassword</b><br>Test class: test.Login_test</td>
<td><div><pre>org.openqa.selenium.WebDriverException: chrome not reachable
Build info: version: &apos;3.141.59&apos;, revision: &apos;e82be7d358&apos;, time: &apos;2018-11-14T08:17:03&apos;
System info: host: &apos;HEMENDRA&apos;, ip: &apos;192.168.0.103&apos;, os.name: &apos;Windows 11&apos;, os.arch: &apos;amd64&apos;, os.version: &apos;10.0&apos;, java.version: &apos;18.0.1.1&apos;
Driver info: driver.version: EdgeDriver
remote stacktrace: Backtrace:
	GetHandleVerifier [0x00007FF6BBB6DF52+60274]
	Microsoft::Applications::Events::EventProperty::~EventProperty [0x00007FF6BBAFEBB2+818866]
	(No symbol) [0x00007FF6BB78DE16]
	(No symbol) [0x00007FF6BB77DA71]
	(No symbol) [0x00007FF6BB7BDDB5]
	(No symbol) [0x00007FF6BB7B8D24]
	(No symbol) [0x00007FF6BB7B440A]
	(No symbol) [0x00007FF6BB7F7341]
	(No symbol) [0x00007FF6BB7EF343]
	(No symbol) [0x00007FF6BB7C1796]
	(No symbol) [0x00007FF6BB7C0975]
	(No symbol) [0x00007FF6BB7C1F04]
	Microsoft::Applications::Events::EventProperties::SetLevel [0x00007FF6BBA027E7+1593703]
	Microsoft::Applications::Events::EventProperties::SetLevel [0x00007FF6BB8AAC6D+185837]
	Microsoft::Applications::Events::EventProperty::~EventProperty [0x00007FF6BBA3FD57+36951]
	Microsoft::Applications::Events::EventProperty::~EventProperty [0x00007FF6BBA37E65+4453]
	Microsoft::Applications::Events::ILogManager::DispatchEventBroadcast [0x00007FF6BBD3FD73+1319011]
	Microsoft::Applications::Events::EventProperty::~EventProperty [0x00007FF6BBB06C6C+851820]
	Microsoft::Applications::Events::EventProperty::~EventProperty [0x00007FF6BBB02CD4+835540]
	Microsoft::Applications::Events::EventProperty::~EventProperty [0x00007FF6BBB02E2C+835884]
	Microsoft::Applications::Events::EventProperty::~EventProperty [0x00007FF6BBAF8A01+793857]
	BaseThreadInitThunk [0x00007FFB5618269D+29]
	RtlUserThreadStart [0x00007FFB56C6A9F8+40]

	at org.openqa.selenium.remote.W3CHandshakeResponse.lambda$errorHandler$0(W3CHandshakeResponse.java:62)
	at org.openqa.selenium.remote.HandshakeResponse.lambda$getResponseFunction$0(HandshakeResponse.java:30)
	at org.openqa.selenium.remote.ProtocolHandshake.lambda$createSession$0(ProtocolHandshake.java:126)
	at java.base/java.util.stream.ReferencePipeline$3$1.accept(ReferencePipeline.java:197)
	at java.base/java.util.Spliterators$ArraySpliterator.tryAdvance(Spliterators.java:1002)
	at java.base/java.util.stream.ReferencePipeline.forEachWithCancel(ReferencePipeline.java:129)
	at java.base/java.util.stream.AbstractPipeline.copyIntoWithCancel(AbstractPipeline.java:527)
	at java.base/java.util.stream.AbstractPipeline.copyInto(AbstractPipeline.java:513)
	at java.base/java.util.stream.AbstractPipeline.wrapAndCopyInto(AbstractPipeline.java:499)
	at java.base/java.util.stream.FindOps$FindOp.evaluateSequential(FindOps.java:150)
	at java.base/java.util.stream.AbstractPipeline.evaluate(AbstractPipeline.java:234)
	at java.base/java.util.stream.ReferencePipeline.findFirst(ReferencePipeline.java:647)
	at org.openqa.selenium.remote.ProtocolHandshake.createSession(ProtocolHandshake.java:128)
	at org.openqa.selenium.remote.ProtocolHandshake.createSession(ProtocolHandshake.java:74)
	at org.openqa.selenium.remote.HttpCommandExecutor.execute(HttpCommandExecutor.java:136)
	at org.openqa.selenium.remote.service.DriverCommandExecutor.execute(DriverCommandExecutor.java:83)
	at org.openqa.selenium.remote.RemoteWebDriver.execute(RemoteWebDriver.java:552)
	at org.openqa.selenium.remote.RemoteWebDriver.startSession(RemoteWebDriver.java:213)
	at org.openqa.selenium.remote.RemoteWebDriver.&lt;init&gt;(RemoteWebDriver.java:131)
	at org.openqa.selenium.edge.EdgeDriver.&lt;init&gt;(EdgeDriver.java:141)
	at org.openqa.selenium.edge.EdgeDriver.&lt;init&gt;(EdgeDriver.java:96)
	at baselibrary.Baselibrary11.getLaunchUrl(Baselibrary11.java:13)
	at test.Login_test.getLaunchgithub(Login_test.java:16)
... Removed 25 stack frames</pre></div><a href='#' onClick='toggleBox("stack-trace615853374", this, "Click to show all stack frames", "Click to hide stack frames")'>Click to show all stack frames</a>
<div class='stack-trace' id='stack-trace615853374'><pre>org.openqa.selenium.WebDriverException: chrome not reachable
Build info: version: &apos;3.141.59&apos;, revision: &apos;e82be7d358&apos;, time: &apos;2018-11-14T08:17:03&apos;
System info: host: &apos;HEMENDRA&apos;, ip: &apos;192.168.0.103&apos;, os.name: &apos;Windows 11&apos;, os.arch: &apos;amd64&apos;, os.version: &apos;10.0&apos;, java.version: &apos;18.0.1.1&apos;
Driver info: driver.version: EdgeDriver
remote stacktrace: Backtrace:
	GetHandleVerifier [0x00007FF6BBB6DF52+60274]
	Microsoft::Applications::Events::EventProperty::~EventProperty [0x00007FF6BBAFEBB2+818866]
	(No symbol) [0x00007FF6BB78DE16]
	(No symbol) [0x00007FF6BB77DA71]
	(No symbol) [0x00007FF6BB7BDDB5]
	(No symbol) [0x00007FF6BB7B8D24]
	(No symbol) [0x00007FF6BB7B440A]
	(No symbol) [0x00007FF6BB7F7341]
	(No symbol) [0x00007FF6BB7EF343]
	(No symbol) [0x00007FF6BB7C1796]
	(No symbol) [0x00007FF6BB7C0975]
	(No symbol) [0x00007FF6BB7C1F04]
	Microsoft::Applications::Events::EventProperties::SetLevel [0x00007FF6BBA027E7+1593703]
	Microsoft::Applications::Events::EventProperties::SetLevel [0x00007FF6BB8AAC6D+185837]
	Microsoft::Applications::Events::EventProperty::~EventProperty [0x00007FF6BBA3FD57+36951]
	Microsoft::Applications::Events::EventProperty::~EventProperty [0x00007FF6BBA37E65+4453]
	Microsoft::Applications::Events::ILogManager::DispatchEventBroadcast [0x00007FF6BBD3FD73+1319011]
	Microsoft::Applications::Events::EventProperty::~EventProperty [0x00007FF6BBB06C6C+851820]
	Microsoft::Applications::Events::EventProperty::~EventProperty [0x00007FF6BBB02CD4+835540]
	Microsoft::Applications::Events::EventProperty::~EventProperty [0x00007FF6BBB02E2C+835884]
	Microsoft::Applications::Events::EventProperty::~EventProperty [0x00007FF6BBAF8A01+793857]
	BaseThreadInitThunk [0x00007FFB5618269D+29]
	RtlUserThreadStart [0x00007FFB56C6A9F8+40]

	at java.base/jdk.internal.reflect.DirectConstructorHandleAccessor.newInstance(DirectConstructorHandleAccessor.java:67)
	at java.base/java.lang.reflect.Constructor.newInstanceWithCaller(Constructor.java:499)
	at java.base/java.lang.reflect.Constructor.newInstance(Constructor.java:483)
	at org.openqa.selenium.remote.W3CHandshakeResponse.lambda$errorHandler$0(W3CHandshakeResponse.java:62)
	at org.openqa.selenium.remote.HandshakeResponse.lambda$getResponseFunction$0(HandshakeResponse.java:30)
	at org.openqa.selenium.remote.ProtocolHandshake.lambda$createSession$0(ProtocolHandshake.java:126)
	at java.base/java.util.stream.ReferencePipeline$3$1.accept(ReferencePipeline.java:197)
	at java.base/java.util.Spliterators$ArraySpliterator.tryAdvance(Spliterators.java:1002)
	at java.base/java.util.stream.ReferencePipeline.forEachWithCancel(ReferencePipeline.java:129)
	at java.base/java.util.stream.AbstractPipeline.copyIntoWithCancel(AbstractPipeline.java:527)
	at java.base/java.util.stream.AbstractPipeline.copyInto(AbstractPipeline.java:513)
	at java.base/java.util.stream.AbstractPipeline.wrapAndCopyInto(AbstractPipeline.java:499)
	at java.base/java.util.stream.FindOps$FindOp.evaluateSequential(FindOps.java:150)
	at java.base/java.util.stream.AbstractPipeline.evaluate(AbstractPipeline.java:234)
	at java.base/java.util.stream.ReferencePipeline.findFirst(ReferencePipeline.java:647)
	at org.openqa.selenium.remote.ProtocolHandshake.createSession(ProtocolHandshake.java:128)
	at org.openqa.selenium.remote.ProtocolHandshake.createSession(ProtocolHandshake.java:74)
	at org.openqa.selenium.remote.HttpCommandExecutor.execute(HttpCommandExecutor.java:136)
	at org.openqa.selenium.remote.service.DriverCommandExecutor.execute(DriverCommandExecutor.java:83)
	at org.openqa.selenium.remote.RemoteWebDriver.execute(RemoteWebDriver.java:552)
	at org.openqa.selenium.remote.RemoteWebDriver.startSession(RemoteWebDriver.java:213)
	at org.openqa.selenium.remote.RemoteWebDriver.&lt;init&gt;(RemoteWebDriver.java:131)
	at org.openqa.selenium.edge.EdgeDriver.&lt;init&gt;(EdgeDriver.java:141)
	at org.openqa.selenium.edge.EdgeDriver.&lt;init&gt;(EdgeDriver.java:96)
	at baselibrary.Baselibrary11.getLaunchUrl(Baselibrary11.java:13)
	at test.Login_test.getLaunchgithub(Login_test.java:16)
	at java.base/jdk.internal.reflect.DirectMethodHandleAccessor.invoke(DirectMethodHandleAccessor.java:104)
	at java.base/java.lang.reflect.Method.invoke(Method.java:577)
	at org.testng.internal.invokers.MethodInvocationHelper.invokeMethod(MethodInvocationHelper.java:139)
	at org.testng.internal.invokers.MethodInvocationHelper.invokeMethodConsideringTimeout(MethodInvocationHelper.java:69)
	at org.testng.internal.invokers.ConfigInvoker.invokeConfigurationMethod(ConfigInvoker.java:361)
	at org.testng.internal.invokers.ConfigInvoker.invokeConfigurations(ConfigInvoker.java:296)
	at org.testng.TestRunner.invokeTestConfigurations(TestRunner.java:643)
	at org.testng.TestRunner.beforeRun(TestRunner.java:632)
	at org.testng.TestRunner.run(TestRunner.java:594)
	at org.testng.SuiteRunner.runTest(SuiteRunner.java:433)
	at org.testng.SuiteRunner.runSequentially(SuiteRunner.java:427)
	at org.testng.SuiteRunner.privateRun(SuiteRunner.java:387)
	at org.testng.SuiteRunner.run(SuiteRunner.java:330)
	at org.testng.SuiteRunnerWorker.runSuite(SuiteRunnerWorker.java:52)
	at org.testng.SuiteRunnerWorker.run(SuiteRunnerWorker.java:95)
	at org.testng.TestNG.runSuitesSequentially(TestNG.java:1256)
	at org.testng.TestNG.runSuitesLocally(TestNG.java:1176)
	at org.testng.TestNG.runSuites(TestNG.java:1099)
	at org.testng.TestNG.run(TestNG.java:1067)
	at org.testng.remote.AbstractRemoteTestNG.run(AbstractRemoteTestNG.java:115)
	at org.testng.remote.RemoteTestNG.initAndRun(RemoteTestNG.java:251)
	at org.testng.remote.RemoteTestNG.main(RemoteTestNG.java:77)
</pre></div></td>
<td>0</td>
<td>test.Login_test@436813f3</td></tr>
<tr>
<td title='test.Login_test.clickonissue()'><b>clickonissue</b><br>Test class: test.Login_test</td>
<td><div><pre>org.openqa.selenium.WebDriverException: chrome not reachable
Build info: version: &apos;3.141.59&apos;, revision: &apos;e82be7d358&apos;, time: &apos;2018-11-14T08:17:03&apos;
System info: host: &apos;HEMENDRA&apos;, ip: &apos;192.168.0.103&apos;, os.name: &apos;Windows 11&apos;, os.arch: &apos;amd64&apos;, os.version: &apos;10.0&apos;, java.version: &apos;18.0.1.1&apos;
Driver info: driver.version: EdgeDriver
remote stacktrace: Backtrace:
	GetHandleVerifier [0x00007FF6BBB6DF52+60274]
	Microsoft::Applications::Events::EventProperty::~EventProperty [0x00007FF6BBAFEBB2+818866]
	(No symbol) [0x00007FF6BB78DE16]
	(No symbol) [0x00007FF6BB77DA71]
	(No symbol) [0x00007FF6BB7BDDB5]
	(No symbol) [0x00007FF6BB7B8D24]
	(No symbol) [0x00007FF6BB7B440A]
	(No symbol) [0x00007FF6BB7F7341]
	(No symbol) [0x00007FF6BB7EF343]
	(No symbol) [0x00007FF6BB7C1796]
	(No symbol) [0x00007FF6BB7C0975]
	(No symbol) [0x00007FF6BB7C1F04]
	Microsoft::Applications::Events::EventProperties::SetLevel [0x00007FF6BBA027E7+1593703]
	Microsoft::Applications::Events::EventProperties::SetLevel [0x00007FF6BB8AAC6D+185837]
	Microsoft::Applications::Events::EventProperty::~EventProperty [0x00007FF6BBA3FD57+36951]
	Microsoft::Applications::Events::EventProperty::~EventProperty [0x00007FF6BBA37E65+4453]
	Microsoft::Applications::Events::ILogManager::DispatchEventBroadcast [0x00007FF6BBD3FD73+1319011]
	Microsoft::Applications::Events::EventProperty::~EventProperty [0x00007FF6BBB06C6C+851820]
	Microsoft::Applications::Events::EventProperty::~EventProperty [0x00007FF6BBB02CD4+835540]
	Microsoft::Applications::Events::EventProperty::~EventProperty [0x00007FF6BBB02E2C+835884]
	Microsoft::Applications::Events::EventProperty::~EventProperty [0x00007FF6BBAF8A01+793857]
	BaseThreadInitThunk [0x00007FFB5618269D+29]
	RtlUserThreadStart [0x00007FFB56C6A9F8+40]

	at org.openqa.selenium.remote.W3CHandshakeResponse.lambda$errorHandler$0(W3CHandshakeResponse.java:62)
	at org.openqa.selenium.remote.HandshakeResponse.lambda$getResponseFunction$0(HandshakeResponse.java:30)
	at org.openqa.selenium.remote.ProtocolHandshake.lambda$createSession$0(ProtocolHandshake.java:126)
	at java.base/java.util.stream.ReferencePipeline$3$1.accept(ReferencePipeline.java:197)
	at java.base/java.util.Spliterators$ArraySpliterator.tryAdvance(Spliterators.java:1002)
	at java.base/java.util.stream.ReferencePipeline.forEachWithCancel(ReferencePipeline.java:129)
	at java.base/java.util.stream.AbstractPipeline.copyIntoWithCancel(AbstractPipeline.java:527)
	at java.base/java.util.stream.AbstractPipeline.copyInto(AbstractPipeline.java:513)
	at java.base/java.util.stream.AbstractPipeline.wrapAndCopyInto(AbstractPipeline.java:499)
	at java.base/java.util.stream.FindOps$FindOp.evaluateSequential(FindOps.java:150)
	at java.base/java.util.stream.AbstractPipeline.evaluate(AbstractPipeline.java:234)
	at java.base/java.util.stream.ReferencePipeline.findFirst(ReferencePipeline.java:647)
	at org.openqa.selenium.remote.ProtocolHandshake.createSession(ProtocolHandshake.java:128)
	at org.openqa.selenium.remote.ProtocolHandshake.createSession(ProtocolHandshake.java:74)
	at org.openqa.selenium.remote.HttpCommandExecutor.execute(HttpCommandExecutor.java:136)
	at org.openqa.selenium.remote.service.DriverCommandExecutor.execute(DriverCommandExecutor.java:83)
	at org.openqa.selenium.remote.RemoteWebDriver.execute(RemoteWebDriver.java:552)
	at org.openqa.selenium.remote.RemoteWebDriver.startSession(RemoteWebDriver.java:213)
	at org.openqa.selenium.remote.RemoteWebDriver.&lt;init&gt;(RemoteWebDriver.java:131)
	at org.openqa.selenium.edge.EdgeDriver.&lt;init&gt;(EdgeDriver.java:141)
	at org.openqa.selenium.edge.EdgeDriver.&lt;init&gt;(EdgeDriver.java:96)
	at baselibrary.Baselibrary11.getLaunchUrl(Baselibrary11.java:13)
	at test.Login_test.getLaunchgithub(Login_test.java:16)
... Removed 25 stack frames</pre></div><a href='#' onClick='toggleBox("stack-trace1526062841", this, "Click to show all stack frames", "Click to hide stack frames")'>Click to show all stack frames</a>
<div class='stack-trace' id='stack-trace1526062841'><pre>org.openqa.selenium.WebDriverException: chrome not reachable
Build info: version: &apos;3.141.59&apos;, revision: &apos;e82be7d358&apos;, time: &apos;2018-11-14T08:17:03&apos;
System info: host: &apos;HEMENDRA&apos;, ip: &apos;192.168.0.103&apos;, os.name: &apos;Windows 11&apos;, os.arch: &apos;amd64&apos;, os.version: &apos;10.0&apos;, java.version: &apos;18.0.1.1&apos;
Driver info: driver.version: EdgeDriver
remote stacktrace: Backtrace:
	GetHandleVerifier [0x00007FF6BBB6DF52+60274]
	Microsoft::Applications::Events::EventProperty::~EventProperty [0x00007FF6BBAFEBB2+818866]
	(No symbol) [0x00007FF6BB78DE16]
	(No symbol) [0x00007FF6BB77DA71]
	(No symbol) [0x00007FF6BB7BDDB5]
	(No symbol) [0x00007FF6BB7B8D24]
	(No symbol) [0x00007FF6BB7B440A]
	(No symbol) [0x00007FF6BB7F7341]
	(No symbol) [0x00007FF6BB7EF343]
	(No symbol) [0x00007FF6BB7C1796]
	(No symbol) [0x00007FF6BB7C0975]
	(No symbol) [0x00007FF6BB7C1F04]
	Microsoft::Applications::Events::EventProperties::SetLevel [0x00007FF6BBA027E7+1593703]
	Microsoft::Applications::Events::EventProperties::SetLevel [0x00007FF6BB8AAC6D+185837]
	Microsoft::Applications::Events::EventProperty::~EventProperty [0x00007FF6BBA3FD57+36951]
	Microsoft::Applications::Events::EventProperty::~EventProperty [0x00007FF6BBA37E65+4453]
	Microsoft::Applications::Events::ILogManager::DispatchEventBroadcast [0x00007FF6BBD3FD73+1319011]
	Microsoft::Applications::Events::EventProperty::~EventProperty [0x00007FF6BBB06C6C+851820]
	Microsoft::Applications::Events::EventProperty::~EventProperty [0x00007FF6BBB02CD4+835540]
	Microsoft::Applications::Events::EventProperty::~EventProperty [0x00007FF6BBB02E2C+835884]
	Microsoft::Applications::Events::EventProperty::~EventProperty [0x00007FF6BBAF8A01+793857]
	BaseThreadInitThunk [0x00007FFB5618269D+29]
	RtlUserThreadStart [0x00007FFB56C6A9F8+40]

	at java.base/jdk.internal.reflect.DirectConstructorHandleAccessor.newInstance(DirectConstructorHandleAccessor.java:67)
	at java.base/java.lang.reflect.Constructor.newInstanceWithCaller(Constructor.java:499)
	at java.base/java.lang.reflect.Constructor.newInstance(Constructor.java:483)
	at org.openqa.selenium.remote.W3CHandshakeResponse.lambda$errorHandler$0(W3CHandshakeResponse.java:62)
	at org.openqa.selenium.remote.HandshakeResponse.lambda$getResponseFunction$0(HandshakeResponse.java:30)
	at org.openqa.selenium.remote.ProtocolHandshake.lambda$createSession$0(ProtocolHandshake.java:126)
	at java.base/java.util.stream.ReferencePipeline$3$1.accept(ReferencePipeline.java:197)
	at java.base/java.util.Spliterators$ArraySpliterator.tryAdvance(Spliterators.java:1002)
	at java.base/java.util.stream.ReferencePipeline.forEachWithCancel(ReferencePipeline.java:129)
	at java.base/java.util.stream.AbstractPipeline.copyIntoWithCancel(AbstractPipeline.java:527)
	at java.base/java.util.stream.AbstractPipeline.copyInto(AbstractPipeline.java:513)
	at java.base/java.util.stream.AbstractPipeline.wrapAndCopyInto(AbstractPipeline.java:499)
	at java.base/java.util.stream.FindOps$FindOp.evaluateSequential(FindOps.java:150)
	at java.base/java.util.stream.AbstractPipeline.evaluate(AbstractPipeline.java:234)
	at java.base/java.util.stream.ReferencePipeline.findFirst(ReferencePipeline.java:647)
	at org.openqa.selenium.remote.ProtocolHandshake.createSession(ProtocolHandshake.java:128)
	at org.openqa.selenium.remote.ProtocolHandshake.createSession(ProtocolHandshake.java:74)
	at org.openqa.selenium.remote.HttpCommandExecutor.execute(HttpCommandExecutor.java:136)
	at org.openqa.selenium.remote.service.DriverCommandExecutor.execute(DriverCommandExecutor.java:83)
	at org.openqa.selenium.remote.RemoteWebDriver.execute(RemoteWebDriver.java:552)
	at org.openqa.selenium.remote.RemoteWebDriver.startSession(RemoteWebDriver.java:213)
	at org.openqa.selenium.remote.RemoteWebDriver.&lt;init&gt;(RemoteWebDriver.java:131)
	at org.openqa.selenium.edge.EdgeDriver.&lt;init&gt;(EdgeDriver.java:141)
	at org.openqa.selenium.edge.EdgeDriver.&lt;init&gt;(EdgeDriver.java:96)
	at baselibrary.Baselibrary11.getLaunchUrl(Baselibrary11.java:13)
	at test.Login_test.getLaunchgithub(Login_test.java:16)
	at java.base/jdk.internal.reflect.DirectMethodHandleAccessor.invoke(DirectMethodHandleAccessor.java:104)
	at java.base/java.lang.reflect.Method.invoke(Method.java:577)
	at org.testng.internal.invokers.MethodInvocationHelper.invokeMethod(MethodInvocationHelper.java:139)
	at org.testng.internal.invokers.MethodInvocationHelper.invokeMethodConsideringTimeout(MethodInvocationHelper.java:69)
	at org.testng.internal.invokers.ConfigInvoker.invokeConfigurationMethod(ConfigInvoker.java:361)
	at org.testng.internal.invokers.ConfigInvoker.invokeConfigurations(ConfigInvoker.java:296)
	at org.testng.TestRunner.invokeTestConfigurations(TestRunner.java:643)
	at org.testng.TestRunner.beforeRun(TestRunner.java:632)
	at org.testng.TestRunner.run(TestRunner.java:594)
	at org.testng.SuiteRunner.runTest(SuiteRunner.java:433)
	at org.testng.SuiteRunner.runSequentially(SuiteRunner.java:427)
	at org.testng.SuiteRunner.privateRun(SuiteRunner.java:387)
	at org.testng.SuiteRunner.run(SuiteRunner.java:330)
	at org.testng.SuiteRunnerWorker.runSuite(SuiteRunnerWorker.java:52)
	at org.testng.SuiteRunnerWorker.run(SuiteRunnerWorker.java:95)
	at org.testng.TestNG.runSuitesSequentially(TestNG.java:1256)
	at org.testng.TestNG.runSuitesLocally(TestNG.java:1176)
	at org.testng.TestNG.runSuites(TestNG.java:1099)
	at org.testng.TestNG.run(TestNG.java:1067)
	at org.testng.remote.AbstractRemoteTestNG.run(AbstractRemoteTestNG.java:115)
	at org.testng.remote.RemoteTestNG.initAndRun(RemoteTestNG.java:251)
	at org.testng.remote.RemoteTestNG.main(RemoteTestNG.java:77)
</pre></div></td>
<td>0</td>
<td>test.Login_test@436813f3</td></tr>
<tr>
<td title='test.Login_test.clickonnewissue()'><b>clickonnewissue</b><br>Test class: test.Login_test</td>
<td><div><pre>org.openqa.selenium.WebDriverException: chrome not reachable
Build info: version: &apos;3.141.59&apos;, revision: &apos;e82be7d358&apos;, time: &apos;2018-11-14T08:17:03&apos;
System info: host: &apos;HEMENDRA&apos;, ip: &apos;192.168.0.103&apos;, os.name: &apos;Windows 11&apos;, os.arch: &apos;amd64&apos;, os.version: &apos;10.0&apos;, java.version: &apos;18.0.1.1&apos;
Driver info: driver.version: EdgeDriver
remote stacktrace: Backtrace:
	GetHandleVerifier [0x00007FF6BBB6DF52+60274]
	Microsoft::Applications::Events::EventProperty::~EventProperty [0x00007FF6BBAFEBB2+818866]
	(No symbol) [0x00007FF6BB78DE16]
	(No symbol) [0x00007FF6BB77DA71]
	(No symbol) [0x00007FF6BB7BDDB5]
	(No symbol) [0x00007FF6BB7B8D24]
	(No symbol) [0x00007FF6BB7B440A]
	(No symbol) [0x00007FF6BB7F7341]
	(No symbol) [0x00007FF6BB7EF343]
	(No symbol) [0x00007FF6BB7C1796]
	(No symbol) [0x00007FF6BB7C0975]
	(No symbol) [0x00007FF6BB7C1F04]
	Microsoft::Applications::Events::EventProperties::SetLevel [0x00007FF6BBA027E7+1593703]
	Microsoft::Applications::Events::EventProperties::SetLevel [0x00007FF6BB8AAC6D+185837]
	Microsoft::Applications::Events::EventProperty::~EventProperty [0x00007FF6BBA3FD57+36951]
	Microsoft::Applications::Events::EventProperty::~EventProperty [0x00007FF6BBA37E65+4453]
	Microsoft::Applications::Events::ILogManager::DispatchEventBroadcast [0x00007FF6BBD3FD73+1319011]
	Microsoft::Applications::Events::EventProperty::~EventProperty [0x00007FF6BBB06C6C+851820]
	Microsoft::Applications::Events::EventProperty::~EventProperty [0x00007FF6BBB02CD4+835540]
	Microsoft::Applications::Events::EventProperty::~EventProperty [0x00007FF6BBB02E2C+835884]
	Microsoft::Applications::Events::EventProperty::~EventProperty [0x00007FF6BBAF8A01+793857]
	BaseThreadInitThunk [0x00007FFB5618269D+29]
	RtlUserThreadStart [0x00007FFB56C6A9F8+40]

	at org.openqa.selenium.remote.W3CHandshakeResponse.lambda$errorHandler$0(W3CHandshakeResponse.java:62)
	at org.openqa.selenium.remote.HandshakeResponse.lambda$getResponseFunction$0(HandshakeResponse.java:30)
	at org.openqa.selenium.remote.ProtocolHandshake.lambda$createSession$0(ProtocolHandshake.java:126)
	at java.base/java.util.stream.ReferencePipeline$3$1.accept(ReferencePipeline.java:197)
	at java.base/java.util.Spliterators$ArraySpliterator.tryAdvance(Spliterators.java:1002)
	at java.base/java.util.stream.ReferencePipeline.forEachWithCancel(ReferencePipeline.java:129)
	at java.base/java.util.stream.AbstractPipeline.copyIntoWithCancel(AbstractPipeline.java:527)
	at java.base/java.util.stream.AbstractPipeline.copyInto(AbstractPipeline.java:513)
	at java.base/java.util.stream.AbstractPipeline.wrapAndCopyInto(AbstractPipeline.java:499)
	at java.base/java.util.stream.FindOps$FindOp.evaluateSequential(FindOps.java:150)
	at java.base/java.util.stream.AbstractPipeline.evaluate(AbstractPipeline.java:234)
	at java.base/java.util.stream.ReferencePipeline.findFirst(ReferencePipeline.java:647)
	at org.openqa.selenium.remote.ProtocolHandshake.createSession(ProtocolHandshake.java:128)
	at org.openqa.selenium.remote.ProtocolHandshake.createSession(ProtocolHandshake.java:74)
	at org.openqa.selenium.remote.HttpCommandExecutor.execute(HttpCommandExecutor.java:136)
	at org.openqa.selenium.remote.service.DriverCommandExecutor.execute(DriverCommandExecutor.java:83)
	at org.openqa.selenium.remote.RemoteWebDriver.execute(RemoteWebDriver.java:552)
	at org.openqa.selenium.remote.RemoteWebDriver.startSession(RemoteWebDriver.java:213)
	at org.openqa.selenium.remote.RemoteWebDriver.&lt;init&gt;(RemoteWebDriver.java:131)
	at org.openqa.selenium.edge.EdgeDriver.&lt;init&gt;(EdgeDriver.java:141)
	at org.openqa.selenium.edge.EdgeDriver.&lt;init&gt;(EdgeDriver.java:96)
	at baselibrary.Baselibrary11.getLaunchUrl(Baselibrary11.java:13)
	at test.Login_test.getLaunchgithub(Login_test.java:16)
... Removed 25 stack frames</pre></div><a href='#' onClick='toggleBox("stack-trace977650730", this, "Click to show all stack frames", "Click to hide stack frames")'>Click to show all stack frames</a>
<div class='stack-trace' id='stack-trace977650730'><pre>org.openqa.selenium.WebDriverException: chrome not reachable
Build info: version: &apos;3.141.59&apos;, revision: &apos;e82be7d358&apos;, time: &apos;2018-11-14T08:17:03&apos;
System info: host: &apos;HEMENDRA&apos;, ip: &apos;192.168.0.103&apos;, os.name: &apos;Windows 11&apos;, os.arch: &apos;amd64&apos;, os.version: &apos;10.0&apos;, java.version: &apos;18.0.1.1&apos;
Driver info: driver.version: EdgeDriver
remote stacktrace: Backtrace:
	GetHandleVerifier [0x00007FF6BBB6DF52+60274]
	Microsoft::Applications::Events::EventProperty::~EventProperty [0x00007FF6BBAFEBB2+818866]
	(No symbol) [0x00007FF6BB78DE16]
	(No symbol) [0x00007FF6BB77DA71]
	(No symbol) [0x00007FF6BB7BDDB5]
	(No symbol) [0x00007FF6BB7B8D24]
	(No symbol) [0x00007FF6BB7B440A]
	(No symbol) [0x00007FF6BB7F7341]
	(No symbol) [0x00007FF6BB7EF343]
	(No symbol) [0x00007FF6BB7C1796]
	(No symbol) [0x00007FF6BB7C0975]
	(No symbol) [0x00007FF6BB7C1F04]
	Microsoft::Applications::Events::EventProperties::SetLevel [0x00007FF6BBA027E7+1593703]
	Microsoft::Applications::Events::EventProperties::SetLevel [0x00007FF6BB8AAC6D+185837]
	Microsoft::Applications::Events::EventProperty::~EventProperty [0x00007FF6BBA3FD57+36951]
	Microsoft::Applications::Events::EventProperty::~EventProperty [0x00007FF6BBA37E65+4453]
	Microsoft::Applications::Events::ILogManager::DispatchEventBroadcast [0x00007FF6BBD3FD73+1319011]
	Microsoft::Applications::Events::EventProperty::~EventProperty [0x00007FF6BBB06C6C+851820]
	Microsoft::Applications::Events::EventProperty::~EventProperty [0x00007FF6BBB02CD4+835540]
	Microsoft::Applications::Events::EventProperty::~EventProperty [0x00007FF6BBB02E2C+835884]
	Microsoft::Applications::Events::EventProperty::~EventProperty [0x00007FF6BBAF8A01+793857]
	BaseThreadInitThunk [0x00007FFB5618269D+29]
	RtlUserThreadStart [0x00007FFB56C6A9F8+40]

	at java.base/jdk.internal.reflect.DirectConstructorHandleAccessor.newInstance(DirectConstructorHandleAccessor.java:67)
	at java.base/java.lang.reflect.Constructor.newInstanceWithCaller(Constructor.java:499)
	at java.base/java.lang.reflect.Constructor.newInstance(Constructor.java:483)
	at org.openqa.selenium.remote.W3CHandshakeResponse.lambda$errorHandler$0(W3CHandshakeResponse.java:62)
	at org.openqa.selenium.remote.HandshakeResponse.lambda$getResponseFunction$0(HandshakeResponse.java:30)
	at org.openqa.selenium.remote.ProtocolHandshake.lambda$createSession$0(ProtocolHandshake.java:126)
	at java.base/java.util.stream.ReferencePipeline$3$1.accept(ReferencePipeline.java:197)
	at java.base/java.util.Spliterators$ArraySpliterator.tryAdvance(Spliterators.java:1002)
	at java.base/java.util.stream.ReferencePipeline.forEachWithCancel(ReferencePipeline.java:129)
	at java.base/java.util.stream.AbstractPipeline.copyIntoWithCancel(AbstractPipeline.java:527)
	at java.base/java.util.stream.AbstractPipeline.copyInto(AbstractPipeline.java:513)
	at java.base/java.util.stream.AbstractPipeline.wrapAndCopyInto(AbstractPipeline.java:499)
	at java.base/java.util.stream.FindOps$FindOp.evaluateSequential(FindOps.java:150)
	at java.base/java.util.stream.AbstractPipeline.evaluate(AbstractPipeline.java:234)
	at java.base/java.util.stream.ReferencePipeline.findFirst(ReferencePipeline.java:647)
	at org.openqa.selenium.remote.ProtocolHandshake.createSession(ProtocolHandshake.java:128)
	at org.openqa.selenium.remote.ProtocolHandshake.createSession(ProtocolHandshake.java:74)
	at org.openqa.selenium.remote.HttpCommandExecutor.execute(HttpCommandExecutor.java:136)
	at org.openqa.selenium.remote.service.DriverCommandExecutor.execute(DriverCommandExecutor.java:83)
	at org.openqa.selenium.remote.RemoteWebDriver.execute(RemoteWebDriver.java:552)
	at org.openqa.selenium.remote.RemoteWebDriver.startSession(RemoteWebDriver.java:213)
	at org.openqa.selenium.remote.RemoteWebDriver.&lt;init&gt;(RemoteWebDriver.java:131)
	at org.openqa.selenium.edge.EdgeDriver.&lt;init&gt;(EdgeDriver.java:141)
	at org.openqa.selenium.edge.EdgeDriver.&lt;init&gt;(EdgeDriver.java:96)
	at baselibrary.Baselibrary11.getLaunchUrl(Baselibrary11.java:13)
	at test.Login_test.getLaunchgithub(Login_test.java:16)
	at java.base/jdk.internal.reflect.DirectMethodHandleAccessor.invoke(DirectMethodHandleAccessor.java:104)
	at java.base/java.lang.reflect.Method.invoke(Method.java:577)
	at org.testng.internal.invokers.MethodInvocationHelper.invokeMethod(MethodInvocationHelper.java:139)
	at org.testng.internal.invokers.MethodInvocationHelper.invokeMethodConsideringTimeout(MethodInvocationHelper.java:69)
	at org.testng.internal.invokers.ConfigInvoker.invokeConfigurationMethod(ConfigInvoker.java:361)
	at org.testng.internal.invokers.ConfigInvoker.invokeConfigurations(ConfigInvoker.java:296)
	at org.testng.TestRunner.invokeTestConfigurations(TestRunner.java:643)
	at org.testng.TestRunner.beforeRun(TestRunner.java:632)
	at org.testng.TestRunner.run(TestRunner.java:594)
	at org.testng.SuiteRunner.runTest(SuiteRunner.java:433)
	at org.testng.SuiteRunner.runSequentially(SuiteRunner.java:427)
	at org.testng.SuiteRunner.privateRun(SuiteRunner.java:387)
	at org.testng.SuiteRunner.run(SuiteRunner.java:330)
	at org.testng.SuiteRunnerWorker.runSuite(SuiteRunnerWorker.java:52)
	at org.testng.SuiteRunnerWorker.run(SuiteRunnerWorker.java:95)
	at org.testng.TestNG.runSuitesSequentially(TestNG.java:1256)
	at org.testng.TestNG.runSuitesLocally(TestNG.java:1176)
	at org.testng.TestNG.runSuites(TestNG.java:1099)
	at org.testng.TestNG.run(TestNG.java:1067)
	at org.testng.remote.AbstractRemoteTestNG.run(AbstractRemoteTestNG.java:115)
	at org.testng.remote.RemoteTestNG.initAndRun(RemoteTestNG.java:251)
	at org.testng.remote.RemoteTestNG.main(RemoteTestNG.java:77)
</pre></div></td>
<td>0</td>
<td>test.Login_test@436813f3</td></tr>
<tr>
<td title='test.Login_test.createnewissue()'><b>createnewissue</b><br>Test class: test.Login_test</td>
<td><div><pre>org.openqa.selenium.WebDriverException: chrome not reachable
Build info: version: &apos;3.141.59&apos;, revision: &apos;e82be7d358&apos;, time: &apos;2018-11-14T08:17:03&apos;
System info: host: &apos;HEMENDRA&apos;, ip: &apos;192.168.0.103&apos;, os.name: &apos;Windows 11&apos;, os.arch: &apos;amd64&apos;, os.version: &apos;10.0&apos;, java.version: &apos;18.0.1.1&apos;
Driver info: driver.version: EdgeDriver
remote stacktrace: Backtrace:
	GetHandleVerifier [0x00007FF6BBB6DF52+60274]
	Microsoft::Applications::Events::EventProperty::~EventProperty [0x00007FF6BBAFEBB2+818866]
	(No symbol) [0x00007FF6BB78DE16]
	(No symbol) [0x00007FF6BB77DA71]
	(No symbol) [0x00007FF6BB7BDDB5]
	(No symbol) [0x00007FF6BB7B8D24]
	(No symbol) [0x00007FF6BB7B440A]
	(No symbol) [0x00007FF6BB7F7341]
	(No symbol) [0x00007FF6BB7EF343]
	(No symbol) [0x00007FF6BB7C1796]
	(No symbol) [0x00007FF6BB7C0975]
	(No symbol) [0x00007FF6BB7C1F04]
	Microsoft::Applications::Events::EventProperties::SetLevel [0x00007FF6BBA027E7+1593703]
	Microsoft::Applications::Events::EventProperties::SetLevel [0x00007FF6BB8AAC6D+185837]
	Microsoft::Applications::Events::EventProperty::~EventProperty [0x00007FF6BBA3FD57+36951]
	Microsoft::Applications::Events::EventProperty::~EventProperty [0x00007FF6BBA37E65+4453]
	Microsoft::Applications::Events::ILogManager::DispatchEventBroadcast [0x00007FF6BBD3FD73+1319011]
	Microsoft::Applications::Events::EventProperty::~EventProperty [0x00007FF6BBB06C6C+851820]
	Microsoft::Applications::Events::EventProperty::~EventProperty [0x00007FF6BBB02CD4+835540]
	Microsoft::Applications::Events::EventProperty::~EventProperty [0x00007FF6BBB02E2C+835884]
	Microsoft::Applications::Events::EventProperty::~EventProperty [0x00007FF6BBAF8A01+793857]
	BaseThreadInitThunk [0x00007FFB5618269D+29]
	RtlUserThreadStart [0x00007FFB56C6A9F8+40]

	at org.openqa.selenium.remote.W3CHandshakeResponse.lambda$errorHandler$0(W3CHandshakeResponse.java:62)
	at org.openqa.selenium.remote.HandshakeResponse.lambda$getResponseFunction$0(HandshakeResponse.java:30)
	at org.openqa.selenium.remote.ProtocolHandshake.lambda$createSession$0(ProtocolHandshake.java:126)
	at java.base/java.util.stream.ReferencePipeline$3$1.accept(ReferencePipeline.java:197)
	at java.base/java.util.Spliterators$ArraySpliterator.tryAdvance(Spliterators.java:1002)
	at java.base/java.util.stream.ReferencePipeline.forEachWithCancel(ReferencePipeline.java:129)
	at java.base/java.util.stream.AbstractPipeline.copyIntoWithCancel(AbstractPipeline.java:527)
	at java.base/java.util.stream.AbstractPipeline.copyInto(AbstractPipeline.java:513)
	at java.base/java.util.stream.AbstractPipeline.wrapAndCopyInto(AbstractPipeline.java:499)
	at java.base/java.util.stream.FindOps$FindOp.evaluateSequential(FindOps.java:150)
	at java.base/java.util.stream.AbstractPipeline.evaluate(AbstractPipeline.java:234)
	at java.base/java.util.stream.ReferencePipeline.findFirst(ReferencePipeline.java:647)
	at org.openqa.selenium.remote.ProtocolHandshake.createSession(ProtocolHandshake.java:128)
	at org.openqa.selenium.remote.ProtocolHandshake.createSession(ProtocolHandshake.java:74)
	at org.openqa.selenium.remote.HttpCommandExecutor.execute(HttpCommandExecutor.java:136)
	at org.openqa.selenium.remote.service.DriverCommandExecutor.execute(DriverCommandExecutor.java:83)
	at org.openqa.selenium.remote.RemoteWebDriver.execute(RemoteWebDriver.java:552)
	at org.openqa.selenium.remote.RemoteWebDriver.startSession(RemoteWebDriver.java:213)
	at org.openqa.selenium.remote.RemoteWebDriver.&lt;init&gt;(RemoteWebDriver.java:131)
	at org.openqa.selenium.edge.EdgeDriver.&lt;init&gt;(EdgeDriver.java:141)
	at org.openqa.selenium.edge.EdgeDriver.&lt;init&gt;(EdgeDriver.java:96)
	at baselibrary.Baselibrary11.getLaunchUrl(Baselibrary11.java:13)
	at test.Login_test.getLaunchgithub(Login_test.java:16)
... Removed 25 stack frames</pre></div><a href='#' onClick='toggleBox("stack-trace920446957", this, "Click to show all stack frames", "Click to hide stack frames")'>Click to show all stack frames</a>
<div class='stack-trace' id='stack-trace920446957'><pre>org.openqa.selenium.WebDriverException: chrome not reachable
Build info: version: &apos;3.141.59&apos;, revision: &apos;e82be7d358&apos;, time: &apos;2018-11-14T08:17:03&apos;
System info: host: &apos;HEMENDRA&apos;, ip: &apos;192.168.0.103&apos;, os.name: &apos;Windows 11&apos;, os.arch: &apos;amd64&apos;, os.version: &apos;10.0&apos;, java.version: &apos;18.0.1.1&apos;
Driver info: driver.version: EdgeDriver
remote stacktrace: Backtrace:
	GetHandleVerifier [0x00007FF6BBB6DF52+60274]
	Microsoft::Applications::Events::EventProperty::~EventProperty [0x00007FF6BBAFEBB2+818866]
	(No symbol) [0x00007FF6BB78DE16]
	(No symbol) [0x00007FF6BB77DA71]
	(No symbol) [0x00007FF6BB7BDDB5]
	(No symbol) [0x00007FF6BB7B8D24]
	(No symbol) [0x00007FF6BB7B440A]
	(No symbol) [0x00007FF6BB7F7341]
	(No symbol) [0x00007FF6BB7EF343]
	(No symbol) [0x00007FF6BB7C1796]
	(No symbol) [0x00007FF6BB7C0975]
	(No symbol) [0x00007FF6BB7C1F04]
	Microsoft::Applications::Events::EventProperties::SetLevel [0x00007FF6BBA027E7+1593703]
	Microsoft::Applications::Events::EventProperties::SetLevel [0x00007FF6BB8AAC6D+185837]
	Microsoft::Applications::Events::EventProperty::~EventProperty [0x00007FF6BBA3FD57+36951]
	Microsoft::Applications::Events::EventProperty::~EventProperty [0x00007FF6BBA37E65+4453]
	Microsoft::Applications::Events::ILogManager::DispatchEventBroadcast [0x00007FF6BBD3FD73+1319011]
	Microsoft::Applications::Events::EventProperty::~EventProperty [0x00007FF6BBB06C6C+851820]
	Microsoft::Applications::Events::EventProperty::~EventProperty [0x00007FF6BBB02CD4+835540]
	Microsoft::Applications::Events::EventProperty::~EventProperty [0x00007FF6BBB02E2C+835884]
	Microsoft::Applications::Events::EventProperty::~EventProperty [0x00007FF6BBAF8A01+793857]
	BaseThreadInitThunk [0x00007FFB5618269D+29]
	RtlUserThreadStart [0x00007FFB56C6A9F8+40]

	at java.base/jdk.internal.reflect.DirectConstructorHandleAccessor.newInstance(DirectConstructorHandleAccessor.java:67)
	at java.base/java.lang.reflect.Constructor.newInstanceWithCaller(Constructor.java:499)
	at java.base/java.lang.reflect.Constructor.newInstance(Constructor.java:483)
	at org.openqa.selenium.remote.W3CHandshakeResponse.lambda$errorHandler$0(W3CHandshakeResponse.java:62)
	at org.openqa.selenium.remote.HandshakeResponse.lambda$getResponseFunction$0(HandshakeResponse.java:30)
	at org.openqa.selenium.remote.ProtocolHandshake.lambda$createSession$0(ProtocolHandshake.java:126)
	at java.base/java.util.stream.ReferencePipeline$3$1.accept(ReferencePipeline.java:197)
	at java.base/java.util.Spliterators$ArraySpliterator.tryAdvance(Spliterators.java:1002)
	at java.base/java.util.stream.ReferencePipeline.forEachWithCancel(ReferencePipeline.java:129)
	at java.base/java.util.stream.AbstractPipeline.copyIntoWithCancel(AbstractPipeline.java:527)
	at java.base/java.util.stream.AbstractPipeline.copyInto(AbstractPipeline.java:513)
	at java.base/java.util.stream.AbstractPipeline.wrapAndCopyInto(AbstractPipeline.java:499)
	at java.base/java.util.stream.FindOps$FindOp.evaluateSequential(FindOps.java:150)
	at java.base/java.util.stream.AbstractPipeline.evaluate(AbstractPipeline.java:234)
	at java.base/java.util.stream.ReferencePipeline.findFirst(ReferencePipeline.java:647)
	at org.openqa.selenium.remote.ProtocolHandshake.createSession(ProtocolHandshake.java:128)
	at org.openqa.selenium.remote.ProtocolHandshake.createSession(ProtocolHandshake.java:74)
	at org.openqa.selenium.remote.HttpCommandExecutor.execute(HttpCommandExecutor.java:136)
	at org.openqa.selenium.remote.service.DriverCommandExecutor.execute(DriverCommandExecutor.java:83)
	at org.openqa.selenium.remote.RemoteWebDriver.execute(RemoteWebDriver.java:552)
	at org.openqa.selenium.remote.RemoteWebDriver.startSession(RemoteWebDriver.java:213)
	at org.openqa.selenium.remote.RemoteWebDriver.&lt;init&gt;(RemoteWebDriver.java:131)
	at org.openqa.selenium.edge.EdgeDriver.&lt;init&gt;(EdgeDriver.java:141)
	at org.openqa.selenium.edge.EdgeDriver.&lt;init&gt;(EdgeDriver.java:96)
	at baselibrary.Baselibrary11.getLaunchUrl(Baselibrary11.java:13)
	at test.Login_test.getLaunchgithub(Login_test.java:16)
	at java.base/jdk.internal.reflect.DirectMethodHandleAccessor.invoke(DirectMethodHandleAccessor.java:104)
	at java.base/java.lang.reflect.Method.invoke(Method.java:577)
	at org.testng.internal.invokers.MethodInvocationHelper.invokeMethod(MethodInvocationHelper.java:139)
	at org.testng.internal.invokers.MethodInvocationHelper.invokeMethodConsideringTimeout(MethodInvocationHelper.java:69)
	at org.testng.internal.invokers.ConfigInvoker.invokeConfigurationMethod(ConfigInvoker.java:361)
	at org.testng.internal.invokers.ConfigInvoker.invokeConfigurations(ConfigInvoker.java:296)
	at org.testng.TestRunner.invokeTestConfigurations(TestRunner.java:643)
	at org.testng.TestRunner.beforeRun(TestRunner.java:632)
	at org.testng.TestRunner.run(TestRunner.java:594)
	at org.testng.SuiteRunner.runTest(SuiteRunner.java:433)
	at org.testng.SuiteRunner.runSequentially(SuiteRunner.java:427)
	at org.testng.SuiteRunner.privateRun(SuiteRunner.java:387)
	at org.testng.SuiteRunner.run(SuiteRunner.java:330)
	at org.testng.SuiteRunnerWorker.runSuite(SuiteRunnerWorker.java:52)
	at org.testng.SuiteRunnerWorker.run(SuiteRunnerWorker.java:95)
	at org.testng.TestNG.runSuitesSequentially(TestNG.java:1256)
	at org.testng.TestNG.runSuitesLocally(TestNG.java:1176)
	at org.testng.TestNG.runSuites(TestNG.java:1099)
	at org.testng.TestNG.run(TestNG.java:1067)
	at org.testng.remote.AbstractRemoteTestNG.run(AbstractRemoteTestNG.java:115)
	at org.testng.remote.RemoteTestNG.initAndRun(RemoteTestNG.java:251)
	at org.testng.remote.RemoteTestNG.main(RemoteTestNG.java:77)
</pre></div></td>
<td>0</td>
<td>test.Login_test@436813f3</td></tr>
<tr>
<td title='test.Login_test.getsuccesfullmsg()'><b>getsuccesfullmsg</b><br>Test class: test.Login_test</td>
<td><div><pre>org.openqa.selenium.WebDriverException: chrome not reachable
Build info: version: &apos;3.141.59&apos;, revision: &apos;e82be7d358&apos;, time: &apos;2018-11-14T08:17:03&apos;
System info: host: &apos;HEMENDRA&apos;, ip: &apos;192.168.0.103&apos;, os.name: &apos;Windows 11&apos;, os.arch: &apos;amd64&apos;, os.version: &apos;10.0&apos;, java.version: &apos;18.0.1.1&apos;
Driver info: driver.version: EdgeDriver
remote stacktrace: Backtrace:
	GetHandleVerifier [0x00007FF6BBB6DF52+60274]
	Microsoft::Applications::Events::EventProperty::~EventProperty [0x00007FF6BBAFEBB2+818866]
	(No symbol) [0x00007FF6BB78DE16]
	(No symbol) [0x00007FF6BB77DA71]
	(No symbol) [0x00007FF6BB7BDDB5]
	(No symbol) [0x00007FF6BB7B8D24]
	(No symbol) [0x00007FF6BB7B440A]
	(No symbol) [0x00007FF6BB7F7341]
	(No symbol) [0x00007FF6BB7EF343]
	(No symbol) [0x00007FF6BB7C1796]
	(No symbol) [0x00007FF6BB7C0975]
	(No symbol) [0x00007FF6BB7C1F04]
	Microsoft::Applications::Events::EventProperties::SetLevel [0x00007FF6BBA027E7+1593703]
	Microsoft::Applications::Events::EventProperties::SetLevel [0x00007FF6BB8AAC6D+185837]
	Microsoft::Applications::Events::EventProperty::~EventProperty [0x00007FF6BBA3FD57+36951]
	Microsoft::Applications::Events::EventProperty::~EventProperty [0x00007FF6BBA37E65+4453]
	Microsoft::Applications::Events::ILogManager::DispatchEventBroadcast [0x00007FF6BBD3FD73+1319011]
	Microsoft::Applications::Events::EventProperty::~EventProperty [0x00007FF6BBB06C6C+851820]
	Microsoft::Applications::Events::EventProperty::~EventProperty [0x00007FF6BBB02CD4+835540]
	Microsoft::Applications::Events::EventProperty::~EventProperty [0x00007FF6BBB02E2C+835884]
	Microsoft::Applications::Events::EventProperty::~EventProperty [0x00007FF6BBAF8A01+793857]
	BaseThreadInitThunk [0x00007FFB5618269D+29]
	RtlUserThreadStart [0x00007FFB56C6A9F8+40]

	at org.openqa.selenium.remote.W3CHandshakeResponse.lambda$errorHandler$0(W3CHandshakeResponse.java:62)
	at org.openqa.selenium.remote.HandshakeResponse.lambda$getResponseFunction$0(HandshakeResponse.java:30)
	at org.openqa.selenium.remote.ProtocolHandshake.lambda$createSession$0(ProtocolHandshake.java:126)
	at java.base/java.util.stream.ReferencePipeline$3$1.accept(ReferencePipeline.java:197)
	at java.base/java.util.Spliterators$ArraySpliterator.tryAdvance(Spliterators.java:1002)
	at java.base/java.util.stream.ReferencePipeline.forEachWithCancel(ReferencePipeline.java:129)
	at java.base/java.util.stream.AbstractPipeline.copyIntoWithCancel(AbstractPipeline.java:527)
	at java.base/java.util.stream.AbstractPipeline.copyInto(AbstractPipeline.java:513)
	at java.base/java.util.stream.AbstractPipeline.wrapAndCopyInto(AbstractPipeline.java:499)
	at java.base/java.util.stream.FindOps$FindOp.evaluateSequential(FindOps.java:150)
	at java.base/java.util.stream.AbstractPipeline.evaluate(AbstractPipeline.java:234)
	at java.base/java.util.stream.ReferencePipeline.findFirst(ReferencePipeline.java:647)
	at org.openqa.selenium.remote.ProtocolHandshake.createSession(ProtocolHandshake.java:128)
	at org.openqa.selenium.remote.ProtocolHandshake.createSession(ProtocolHandshake.java:74)
	at org.openqa.selenium.remote.HttpCommandExecutor.execute(HttpCommandExecutor.java:136)
	at org.openqa.selenium.remote.service.DriverCommandExecutor.execute(DriverCommandExecutor.java:83)
	at org.openqa.selenium.remote.RemoteWebDriver.execute(RemoteWebDriver.java:552)
	at org.openqa.selenium.remote.RemoteWebDriver.startSession(RemoteWebDriver.java:213)
	at org.openqa.selenium.remote.RemoteWebDriver.&lt;init&gt;(RemoteWebDriver.java:131)
	at org.openqa.selenium.edge.EdgeDriver.&lt;init&gt;(EdgeDriver.java:141)
	at org.openqa.selenium.edge.EdgeDriver.&lt;init&gt;(EdgeDriver.java:96)
	at baselibrary.Baselibrary11.getLaunchUrl(Baselibrary11.java:13)
	at test.Login_test.getLaunchgithub(Login_test.java:16)
... Removed 25 stack frames</pre></div><a href='#' onClick='toggleBox("stack-trace1895054149", this, "Click to show all stack frames", "Click to hide stack frames")'>Click to show all stack frames</a>
<div class='stack-trace' id='stack-trace1895054149'><pre>org.openqa.selenium.WebDriverException: chrome not reachable
Build info: version: &apos;3.141.59&apos;, revision: &apos;e82be7d358&apos;, time: &apos;2018-11-14T08:17:03&apos;
System info: host: &apos;HEMENDRA&apos;, ip: &apos;192.168.0.103&apos;, os.name: &apos;Windows 11&apos;, os.arch: &apos;amd64&apos;, os.version: &apos;10.0&apos;, java.version: &apos;18.0.1.1&apos;
Driver info: driver.version: EdgeDriver
remote stacktrace: Backtrace:
	GetHandleVerifier [0x00007FF6BBB6DF52+60274]
	Microsoft::Applications::Events::EventProperty::~EventProperty [0x00007FF6BBAFEBB2+818866]
	(No symbol) [0x00007FF6BB78DE16]
	(No symbol) [0x00007FF6BB77DA71]
	(No symbol) [0x00007FF6BB7BDDB5]
	(No symbol) [0x00007FF6BB7B8D24]
	(No symbol) [0x00007FF6BB7B440A]
	(No symbol) [0x00007FF6BB7F7341]
	(No symbol) [0x00007FF6BB7EF343]
	(No symbol) [0x00007FF6BB7C1796]
	(No symbol) [0x00007FF6BB7C0975]
	(No symbol) [0x00007FF6BB7C1F04]
	Microsoft::Applications::Events::EventProperties::SetLevel [0x00007FF6BBA027E7+1593703]
	Microsoft::Applications::Events::EventProperties::SetLevel [0x00007FF6BB8AAC6D+185837]
	Microsoft::Applications::Events::EventProperty::~EventProperty [0x00007FF6BBA3FD57+36951]
	Microsoft::Applications::Events::EventProperty::~EventProperty [0x00007FF6BBA37E65+4453]
	Microsoft::Applications::Events::ILogManager::DispatchEventBroadcast [0x00007FF6BBD3FD73+1319011]
	Microsoft::Applications::Events::EventProperty::~EventProperty [0x00007FF6BBB06C6C+851820]
	Microsoft::Applications::Events::EventProperty::~EventProperty [0x00007FF6BBB02CD4+835540]
	Microsoft::Applications::Events::EventProperty::~EventProperty [0x00007FF6BBB02E2C+835884]
	Microsoft::Applications::Events::EventProperty::~EventProperty [0x00007FF6BBAF8A01+793857]
	BaseThreadInitThunk [0x00007FFB5618269D+29]
	RtlUserThreadStart [0x00007FFB56C6A9F8+40]

	at java.base/jdk.internal.reflect.DirectConstructorHandleAccessor.newInstance(DirectConstructorHandleAccessor.java:67)
	at java.base/java.lang.reflect.Constructor.newInstanceWithCaller(Constructor.java:499)
	at java.base/java.lang.reflect.Constructor.newInstance(Constructor.java:483)
	at org.openqa.selenium.remote.W3CHandshakeResponse.lambda$errorHandler$0(W3CHandshakeResponse.java:62)
	at org.openqa.selenium.remote.HandshakeResponse.lambda$getResponseFunction$0(HandshakeResponse.java:30)
	at org.openqa.selenium.remote.ProtocolHandshake.lambda$createSession$0(ProtocolHandshake.java:126)
	at java.base/java.util.stream.ReferencePipeline$3$1.accept(ReferencePipeline.java:197)
	at java.base/java.util.Spliterators$ArraySpliterator.tryAdvance(Spliterators.java:1002)
	at java.base/java.util.stream.ReferencePipeline.forEachWithCancel(ReferencePipeline.java:129)
	at java.base/java.util.stream.AbstractPipeline.copyIntoWithCancel(AbstractPipeline.java:527)
	at java.base/java.util.stream.AbstractPipeline.copyInto(AbstractPipeline.java:513)
	at java.base/java.util.stream.AbstractPipeline.wrapAndCopyInto(AbstractPipeline.java:499)
	at java.base/java.util.stream.FindOps$FindOp.evaluateSequential(FindOps.java:150)
	at java.base/java.util.stream.AbstractPipeline.evaluate(AbstractPipeline.java:234)
	at java.base/java.util.stream.ReferencePipeline.findFirst(ReferencePipeline.java:647)
	at org.openqa.selenium.remote.ProtocolHandshake.createSession(ProtocolHandshake.java:128)
	at org.openqa.selenium.remote.ProtocolHandshake.createSession(ProtocolHandshake.java:74)
	at org.openqa.selenium.remote.HttpCommandExecutor.execute(HttpCommandExecutor.java:136)
	at org.openqa.selenium.remote.service.DriverCommandExecutor.execute(DriverCommandExecutor.java:83)
	at org.openqa.selenium.remote.RemoteWebDriver.execute(RemoteWebDriver.java:552)
	at org.openqa.selenium.remote.RemoteWebDriver.startSession(RemoteWebDriver.java:213)
	at org.openqa.selenium.remote.RemoteWebDriver.&lt;init&gt;(RemoteWebDriver.java:131)
	at org.openqa.selenium.edge.EdgeDriver.&lt;init&gt;(EdgeDriver.java:141)
	at org.openqa.selenium.edge.EdgeDriver.&lt;init&gt;(EdgeDriver.java:96)
	at baselibrary.Baselibrary11.getLaunchUrl(Baselibrary11.java:13)
	at test.Login_test.getLaunchgithub(Login_test.java:16)
	at java.base/jdk.internal.reflect.DirectMethodHandleAccessor.invoke(DirectMethodHandleAccessor.java:104)
	at java.base/java.lang.reflect.Method.invoke(Method.java:577)
	at org.testng.internal.invokers.MethodInvocationHelper.invokeMethod(MethodInvocationHelper.java:139)
	at org.testng.internal.invokers.MethodInvocationHelper.invokeMethodConsideringTimeout(MethodInvocationHelper.java:69)
	at org.testng.internal.invokers.ConfigInvoker.invokeConfigurationMethod(ConfigInvoker.java:361)
	at org.testng.internal.invokers.ConfigInvoker.invokeConfigurations(ConfigInvoker.java:296)
	at org.testng.TestRunner.invokeTestConfigurations(TestRunner.java:643)
	at org.testng.TestRunner.beforeRun(TestRunner.java:632)
	at org.testng.TestRunner.run(TestRunner.java:594)
	at org.testng.SuiteRunner.runTest(SuiteRunner.java:433)
	at org.testng.SuiteRunner.runSequentially(SuiteRunner.java:427)
	at org.testng.SuiteRunner.privateRun(SuiteRunner.java:387)
	at org.testng.SuiteRunner.run(SuiteRunner.java:330)
	at org.testng.SuiteRunnerWorker.runSuite(SuiteRunnerWorker.java:52)
	at org.testng.SuiteRunnerWorker.run(SuiteRunnerWorker.java:95)
	at org.testng.TestNG.runSuitesSequentially(TestNG.java:1256)
	at org.testng.TestNG.runSuitesLocally(TestNG.java:1176)
	at org.testng.TestNG.runSuites(TestNG.java:1099)
	at org.testng.TestNG.run(TestNG.java:1067)
	at org.testng.remote.AbstractRemoteTestNG.run(AbstractRemoteTestNG.java:115)
	at org.testng.remote.RemoteTestNG.initAndRun(RemoteTestNG.java:251)
	at org.testng.remote.RemoteTestNG.main(RemoteTestNG.java:77)
</pre></div></td>
<td>0</td>
<td>test.Login_test@436813f3</td></tr>
<tr>
<td title='test.Login_test.clickonsign()'><b>clickonsign</b><br>Test class: test.Login_test</td>
<td><div><pre>org.openqa.selenium.WebDriverException: chrome not reachable
Build info: version: &apos;3.141.59&apos;, revision: &apos;e82be7d358&apos;, time: &apos;2018-11-14T08:17:03&apos;
System info: host: &apos;HEMENDRA&apos;, ip: &apos;192.168.0.103&apos;, os.name: &apos;Windows 11&apos;, os.arch: &apos;amd64&apos;, os.version: &apos;10.0&apos;, java.version: &apos;18.0.1.1&apos;
Driver info: driver.version: EdgeDriver
remote stacktrace: Backtrace:
	GetHandleVerifier [0x00007FF6BBB6DF52+60274]
	Microsoft::Applications::Events::EventProperty::~EventProperty [0x00007FF6BBAFEBB2+818866]
	(No symbol) [0x00007FF6BB78DE16]
	(No symbol) [0x00007FF6BB77DA71]
	(No symbol) [0x00007FF6BB7BDDB5]
	(No symbol) [0x00007FF6BB7B8D24]
	(No symbol) [0x00007FF6BB7B440A]
	(No symbol) [0x00007FF6BB7F7341]
	(No symbol) [0x00007FF6BB7EF343]
	(No symbol) [0x00007FF6BB7C1796]
	(No symbol) [0x00007FF6BB7C0975]
	(No symbol) [0x00007FF6BB7C1F04]
	Microsoft::Applications::Events::EventProperties::SetLevel [0x00007FF6BBA027E7+1593703]
	Microsoft::Applications::Events::EventProperties::SetLevel [0x00007FF6BB8AAC6D+185837]
	Microsoft::Applications::Events::EventProperty::~EventProperty [0x00007FF6BBA3FD57+36951]
	Microsoft::Applications::Events::EventProperty::~EventProperty [0x00007FF6BBA37E65+4453]
	Microsoft::Applications::Events::ILogManager::DispatchEventBroadcast [0x00007FF6BBD3FD73+1319011]
	Microsoft::Applications::Events::EventProperty::~EventProperty [0x00007FF6BBB06C6C+851820]
	Microsoft::Applications::Events::EventProperty::~EventProperty [0x00007FF6BBB02CD4+835540]
	Microsoft::Applications::Events::EventProperty::~EventProperty [0x00007FF6BBB02E2C+835884]
	Microsoft::Applications::Events::EventProperty::~EventProperty [0x00007FF6BBAF8A01+793857]
	BaseThreadInitThunk [0x00007FFB5618269D+29]
	RtlUserThreadStart [0x00007FFB56C6A9F8+40]

	at org.openqa.selenium.remote.W3CHandshakeResponse.lambda$errorHandler$0(W3CHandshakeResponse.java:62)
	at org.openqa.selenium.remote.HandshakeResponse.lambda$getResponseFunction$0(HandshakeResponse.java:30)
	at org.openqa.selenium.remote.ProtocolHandshake.lambda$createSession$0(ProtocolHandshake.java:126)
	at java.base/java.util.stream.ReferencePipeline$3$1.accept(ReferencePipeline.java:197)
	at java.base/java.util.Spliterators$ArraySpliterator.tryAdvance(Spliterators.java:1002)
	at java.base/java.util.stream.ReferencePipeline.forEachWithCancel(ReferencePipeline.java:129)
	at java.base/java.util.stream.AbstractPipeline.copyIntoWithCancel(AbstractPipeline.java:527)
	at java.base/java.util.stream.AbstractPipeline.copyInto(AbstractPipeline.java:513)
	at java.base/java.util.stream.AbstractPipeline.wrapAndCopyInto(AbstractPipeline.java:499)
	at java.base/java.util.stream.FindOps$FindOp.evaluateSequential(FindOps.java:150)
	at java.base/java.util.stream.AbstractPipeline.evaluate(AbstractPipeline.java:234)
	at java.base/java.util.stream.ReferencePipeline.findFirst(ReferencePipeline.java:647)
	at org.openqa.selenium.remote.ProtocolHandshake.createSession(ProtocolHandshake.java:128)
	at org.openqa.selenium.remote.ProtocolHandshake.createSession(ProtocolHandshake.java:74)
	at org.openqa.selenium.remote.HttpCommandExecutor.execute(HttpCommandExecutor.java:136)
	at org.openqa.selenium.remote.service.DriverCommandExecutor.execute(DriverCommandExecutor.java:83)
	at org.openqa.selenium.remote.RemoteWebDriver.execute(RemoteWebDriver.java:552)
	at org.openqa.selenium.remote.RemoteWebDriver.startSession(RemoteWebDriver.java:213)
	at org.openqa.selenium.remote.RemoteWebDriver.&lt;init&gt;(RemoteWebDriver.java:131)
	at org.openqa.selenium.edge.EdgeDriver.&lt;init&gt;(EdgeDriver.java:141)
	at org.openqa.selenium.edge.EdgeDriver.&lt;init&gt;(EdgeDriver.java:96)
	at baselibrary.Baselibrary11.getLaunchUrl(Baselibrary11.java:13)
	at test.Login_test.getLaunchgithub(Login_test.java:16)
... Removed 25 stack frames</pre></div><a href='#' onClick='toggleBox("stack-trace1969347346", this, "Click to show all stack frames", "Click to hide stack frames")'>Click to show all stack frames</a>
<div class='stack-trace' id='stack-trace1969347346'><pre>org.openqa.selenium.WebDriverException: chrome not reachable
Build info: version: &apos;3.141.59&apos;, revision: &apos;e82be7d358&apos;, time: &apos;2018-11-14T08:17:03&apos;
System info: host: &apos;HEMENDRA&apos;, ip: &apos;192.168.0.103&apos;, os.name: &apos;Windows 11&apos;, os.arch: &apos;amd64&apos;, os.version: &apos;10.0&apos;, java.version: &apos;18.0.1.1&apos;
Driver info: driver.version: EdgeDriver
remote stacktrace: Backtrace:
	GetHandleVerifier [0x00007FF6BBB6DF52+60274]
	Microsoft::Applications::Events::EventProperty::~EventProperty [0x00007FF6BBAFEBB2+818866]
	(No symbol) [0x00007FF6BB78DE16]
	(No symbol) [0x00007FF6BB77DA71]
	(No symbol) [0x00007FF6BB7BDDB5]
	(No symbol) [0x00007FF6BB7B8D24]
	(No symbol) [0x00007FF6BB7B440A]
	(No symbol) [0x00007FF6BB7F7341]
	(No symbol) [0x00007FF6BB7EF343]
	(No symbol) [0x00007FF6BB7C1796]
	(No symbol) [0x00007FF6BB7C0975]
	(No symbol) [0x00007FF6BB7C1F04]
	Microsoft::Applications::Events::EventProperties::SetLevel [0x00007FF6BBA027E7+1593703]
	Microsoft::Applications::Events::EventProperties::SetLevel [0x00007FF6BB8AAC6D+185837]
	Microsoft::Applications::Events::EventProperty::~EventProperty [0x00007FF6BBA3FD57+36951]
	Microsoft::Applications::Events::EventProperty::~EventProperty [0x00007FF6BBA37E65+4453]
	Microsoft::Applications::Events::ILogManager::DispatchEventBroadcast [0x00007FF6BBD3FD73+1319011]
	Microsoft::Applications::Events::EventProperty::~EventProperty [0x00007FF6BBB06C6C+851820]
	Microsoft::Applications::Events::EventProperty::~EventProperty [0x00007FF6BBB02CD4+835540]
	Microsoft::Applications::Events::EventProperty::~EventProperty [0x00007FF6BBB02E2C+835884]
	Microsoft::Applications::Events::EventProperty::~EventProperty [0x00007FF6BBAF8A01+793857]
	BaseThreadInitThunk [0x00007FFB5618269D+29]
	RtlUserThreadStart [0x00007FFB56C6A9F8+40]

	at java.base/jdk.internal.reflect.DirectConstructorHandleAccessor.newInstance(DirectConstructorHandleAccessor.java:67)
	at java.base/java.lang.reflect.Constructor.newInstanceWithCaller(Constructor.java:499)
	at java.base/java.lang.reflect.Constructor.newInstance(Constructor.java:483)
	at org.openqa.selenium.remote.W3CHandshakeResponse.lambda$errorHandler$0(W3CHandshakeResponse.java:62)
	at org.openqa.selenium.remote.HandshakeResponse.lambda$getResponseFunction$0(HandshakeResponse.java:30)
	at org.openqa.selenium.remote.ProtocolHandshake.lambda$createSession$0(ProtocolHandshake.java:126)
	at java.base/java.util.stream.ReferencePipeline$3$1.accept(ReferencePipeline.java:197)
	at java.base/java.util.Spliterators$ArraySpliterator.tryAdvance(Spliterators.java:1002)
	at java.base/java.util.stream.ReferencePipeline.forEachWithCancel(ReferencePipeline.java:129)
	at java.base/java.util.stream.AbstractPipeline.copyIntoWithCancel(AbstractPipeline.java:527)
	at java.base/java.util.stream.AbstractPipeline.copyInto(AbstractPipeline.java:513)
	at java.base/java.util.stream.AbstractPipeline.wrapAndCopyInto(AbstractPipeline.java:499)
	at java.base/java.util.stream.FindOps$FindOp.evaluateSequential(FindOps.java:150)
	at java.base/java.util.stream.AbstractPipeline.evaluate(AbstractPipeline.java:234)
	at java.base/java.util.stream.ReferencePipeline.findFirst(ReferencePipeline.java:647)
	at org.openqa.selenium.remote.ProtocolHandshake.createSession(ProtocolHandshake.java:128)
	at org.openqa.selenium.remote.ProtocolHandshake.createSession(ProtocolHandshake.java:74)
	at org.openqa.selenium.remote.HttpCommandExecutor.execute(HttpCommandExecutor.java:136)
	at org.openqa.selenium.remote.service.DriverCommandExecutor.execute(DriverCommandExecutor.java:83)
	at org.openqa.selenium.remote.RemoteWebDriver.execute(RemoteWebDriver.java:552)
	at org.openqa.selenium.remote.RemoteWebDriver.startSession(RemoteWebDriver.java:213)
	at org.openqa.selenium.remote.RemoteWebDriver.&lt;init&gt;(RemoteWebDriver.java:131)
	at org.openqa.selenium.edge.EdgeDriver.&lt;init&gt;(EdgeDriver.java:141)
	at org.openqa.selenium.edge.EdgeDriver.&lt;init&gt;(EdgeDriver.java:96)
	at baselibrary.Baselibrary11.getLaunchUrl(Baselibrary11.java:13)
	at test.Login_test.getLaunchgithub(Login_test.java:16)
	at java.base/jdk.internal.reflect.DirectMethodHandleAccessor.invoke(DirectMethodHandleAccessor.java:104)
	at java.base/java.lang.reflect.Method.invoke(Method.java:577)
	at org.testng.internal.invokers.MethodInvocationHelper.invokeMethod(MethodInvocationHelper.java:139)
	at org.testng.internal.invokers.MethodInvocationHelper.invokeMethodConsideringTimeout(MethodInvocationHelper.java:69)
	at org.testng.internal.invokers.ConfigInvoker.invokeConfigurationMethod(ConfigInvoker.java:361)
	at org.testng.internal.invokers.ConfigInvoker.invokeConfigurations(ConfigInvoker.java:296)
	at org.testng.TestRunner.invokeTestConfigurations(TestRunner.java:643)
	at org.testng.TestRunner.beforeRun(TestRunner.java:632)
	at org.testng.TestRunner.run(TestRunner.java:594)
	at org.testng.SuiteRunner.runTest(SuiteRunner.java:433)
	at org.testng.SuiteRunner.runSequentially(SuiteRunner.java:427)
	at org.testng.SuiteRunner.privateRun(SuiteRunner.java:387)
	at org.testng.SuiteRunner.run(SuiteRunner.java:330)
	at org.testng.SuiteRunnerWorker.runSuite(SuiteRunnerWorker.java:52)
	at org.testng.SuiteRunnerWorker.run(SuiteRunnerWorker.java:95)
	at org.testng.TestNG.runSuitesSequentially(TestNG.java:1256)
	at org.testng.TestNG.runSuitesLocally(TestNG.java:1176)
	at org.testng.TestNG.runSuites(TestNG.java:1099)
	at org.testng.TestNG.run(TestNG.java:1067)
	at org.testng.remote.AbstractRemoteTestNG.run(AbstractRemoteTestNG.java:115)
	at org.testng.remote.RemoteTestNG.initAndRun(RemoteTestNG.java:251)
	at org.testng.remote.RemoteTestNG.main(RemoteTestNG.java:77)
</pre></div></td>
<td>0</td>
<td>test.Login_test@436813f3</td></tr>
<tr>
<td title='test.Login_test.createnewissue1()'><b>createnewissue1</b><br>Test class: test.Login_test</td>
<td><div><pre>org.openqa.selenium.WebDriverException: chrome not reachable
Build info: version: &apos;3.141.59&apos;, revision: &apos;e82be7d358&apos;, time: &apos;2018-11-14T08:17:03&apos;
System info: host: &apos;HEMENDRA&apos;, ip: &apos;192.168.0.103&apos;, os.name: &apos;Windows 11&apos;, os.arch: &apos;amd64&apos;, os.version: &apos;10.0&apos;, java.version: &apos;18.0.1.1&apos;
Driver info: driver.version: EdgeDriver
remote stacktrace: Backtrace:
	GetHandleVerifier [0x00007FF6BBB6DF52+60274]
	Microsoft::Applications::Events::EventProperty::~EventProperty [0x00007FF6BBAFEBB2+818866]
	(No symbol) [0x00007FF6BB78DE16]
	(No symbol) [0x00007FF6BB77DA71]
	(No symbol) [0x00007FF6BB7BDDB5]
	(No symbol) [0x00007FF6BB7B8D24]
	(No symbol) [0x00007FF6BB7B440A]
	(No symbol) [0x00007FF6BB7F7341]
	(No symbol) [0x00007FF6BB7EF343]
	(No symbol) [0x00007FF6BB7C1796]
	(No symbol) [0x00007FF6BB7C0975]
	(No symbol) [0x00007FF6BB7C1F04]
	Microsoft::Applications::Events::EventProperties::SetLevel [0x00007FF6BBA027E7+1593703]
	Microsoft::Applications::Events::EventProperties::SetLevel [0x00007FF6BB8AAC6D+185837]
	Microsoft::Applications::Events::EventProperty::~EventProperty [0x00007FF6BBA3FD57+36951]
	Microsoft::Applications::Events::EventProperty::~EventProperty [0x00007FF6BBA37E65+4453]
	Microsoft::Applications::Events::ILogManager::DispatchEventBroadcast [0x00007FF6BBD3FD73+1319011]
	Microsoft::Applications::Events::EventProperty::~EventProperty [0x00007FF6BBB06C6C+851820]
	Microsoft::Applications::Events::EventProperty::~EventProperty [0x00007FF6BBB02CD4+835540]
	Microsoft::Applications::Events::EventProperty::~EventProperty [0x00007FF6BBB02E2C+835884]
	Microsoft::Applications::Events::EventProperty::~EventProperty [0x00007FF6BBAF8A01+793857]
	BaseThreadInitThunk [0x00007FFB5618269D+29]
	RtlUserThreadStart [0x00007FFB56C6A9F8+40]

	at org.openqa.selenium.remote.W3CHandshakeResponse.lambda$errorHandler$0(W3CHandshakeResponse.java:62)
	at org.openqa.selenium.remote.HandshakeResponse.lambda$getResponseFunction$0(HandshakeResponse.java:30)
	at org.openqa.selenium.remote.ProtocolHandshake.lambda$createSession$0(ProtocolHandshake.java:126)
	at java.base/java.util.stream.ReferencePipeline$3$1.accept(ReferencePipeline.java:197)
	at java.base/java.util.Spliterators$ArraySpliterator.tryAdvance(Spliterators.java:1002)
	at java.base/java.util.stream.ReferencePipeline.forEachWithCancel(ReferencePipeline.java:129)
	at java.base/java.util.stream.AbstractPipeline.copyIntoWithCancel(AbstractPipeline.java:527)
	at java.base/java.util.stream.AbstractPipeline.copyInto(AbstractPipeline.java:513)
	at java.base/java.util.stream.AbstractPipeline.wrapAndCopyInto(AbstractPipeline.java:499)
	at java.base/java.util.stream.FindOps$FindOp.evaluateSequential(FindOps.java:150)
	at java.base/java.util.stream.AbstractPipeline.evaluate(AbstractPipeline.java:234)
	at java.base/java.util.stream.ReferencePipeline.findFirst(ReferencePipeline.java:647)
	at org.openqa.selenium.remote.ProtocolHandshake.createSession(ProtocolHandshake.java:128)
	at org.openqa.selenium.remote.ProtocolHandshake.createSession(ProtocolHandshake.java:74)
	at org.openqa.selenium.remote.HttpCommandExecutor.execute(HttpCommandExecutor.java:136)
	at org.openqa.selenium.remote.service.DriverCommandExecutor.execute(DriverCommandExecutor.java:83)
	at org.openqa.selenium.remote.RemoteWebDriver.execute(RemoteWebDriver.java:552)
	at org.openqa.selenium.remote.RemoteWebDriver.startSession(RemoteWebDriver.java:213)
	at org.openqa.selenium.remote.RemoteWebDriver.&lt;init&gt;(RemoteWebDriver.java:131)
	at org.openqa.selenium.edge.EdgeDriver.&lt;init&gt;(EdgeDriver.java:141)
	at org.openqa.selenium.edge.EdgeDriver.&lt;init&gt;(EdgeDriver.java:96)
	at baselibrary.Baselibrary11.getLaunchUrl(Baselibrary11.java:13)
	at test.Login_test.getLaunchgithub(Login_test.java:16)
... Removed 25 stack frames</pre></div><a href='#' onClick='toggleBox("stack-trace869290854", this, "Click to show all stack frames", "Click to hide stack frames")'>Click to show all stack frames</a>
<div class='stack-trace' id='stack-trace869290854'><pre>org.openqa.selenium.WebDriverException: chrome not reachable
Build info: version: &apos;3.141.59&apos;, revision: &apos;e82be7d358&apos;, time: &apos;2018-11-14T08:17:03&apos;
System info: host: &apos;HEMENDRA&apos;, ip: &apos;192.168.0.103&apos;, os.name: &apos;Windows 11&apos;, os.arch: &apos;amd64&apos;, os.version: &apos;10.0&apos;, java.version: &apos;18.0.1.1&apos;
Driver info: driver.version: EdgeDriver
remote stacktrace: Backtrace:
	GetHandleVerifier [0x00007FF6BBB6DF52+60274]
	Microsoft::Applications::Events::EventProperty::~EventProperty [0x00007FF6BBAFEBB2+818866]
	(No symbol) [0x00007FF6BB78DE16]
	(No symbol) [0x00007FF6BB77DA71]
	(No symbol) [0x00007FF6BB7BDDB5]
	(No symbol) [0x00007FF6BB7B8D24]
	(No symbol) [0x00007FF6BB7B440A]
	(No symbol) [0x00007FF6BB7F7341]
	(No symbol) [0x00007FF6BB7EF343]
	(No symbol) [0x00007FF6BB7C1796]
	(No symbol) [0x00007FF6BB7C0975]
	(No symbol) [0x00007FF6BB7C1F04]
	Microsoft::Applications::Events::EventProperties::SetLevel [0x00007FF6BBA027E7+1593703]
	Microsoft::Applications::Events::EventProperties::SetLevel [0x00007FF6BB8AAC6D+185837]
	Microsoft::Applications::Events::EventProperty::~EventProperty [0x00007FF6BBA3FD57+36951]
	Microsoft::Applications::Events::EventProperty::~EventProperty [0x00007FF6BBA37E65+4453]
	Microsoft::Applications::Events::ILogManager::DispatchEventBroadcast [0x00007FF6BBD3FD73+1319011]
	Microsoft::Applications::Events::EventProperty::~EventProperty [0x00007FF6BBB06C6C+851820]
	Microsoft::Applications::Events::EventProperty::~EventProperty [0x00007FF6BBB02CD4+835540]
	Microsoft::Applications::Events::EventProperty::~EventProperty [0x00007FF6BBB02E2C+835884]
	Microsoft::Applications::Events::EventProperty::~EventProperty [0x00007FF6BBAF8A01+793857]
	BaseThreadInitThunk [0x00007FFB5618269D+29]
	RtlUserThreadStart [0x00007FFB56C6A9F8+40]

	at java.base/jdk.internal.reflect.DirectConstructorHandleAccessor.newInstance(DirectConstructorHandleAccessor.java:67)
	at java.base/java.lang.reflect.Constructor.newInstanceWithCaller(Constructor.java:499)
	at java.base/java.lang.reflect.Constructor.newInstance(Constructor.java:483)
	at org.openqa.selenium.remote.W3CHandshakeResponse.lambda$errorHandler$0(W3CHandshakeResponse.java:62)
	at org.openqa.selenium.remote.HandshakeResponse.lambda$getResponseFunction$0(HandshakeResponse.java:30)
	at org.openqa.selenium.remote.ProtocolHandshake.lambda$createSession$0(ProtocolHandshake.java:126)
	at java.base/java.util.stream.ReferencePipeline$3$1.accept(ReferencePipeline.java:197)
	at java.base/java.util.Spliterators$ArraySpliterator.tryAdvance(Spliterators.java:1002)
	at java.base/java.util.stream.ReferencePipeline.forEachWithCancel(ReferencePipeline.java:129)
	at java.base/java.util.stream.AbstractPipeline.copyIntoWithCancel(AbstractPipeline.java:527)
	at java.base/java.util.stream.AbstractPipeline.copyInto(AbstractPipeline.java:513)
	at java.base/java.util.stream.AbstractPipeline.wrapAndCopyInto(AbstractPipeline.java:499)
	at java.base/java.util.stream.FindOps$FindOp.evaluateSequential(FindOps.java:150)
	at java.base/java.util.stream.AbstractPipeline.evaluate(AbstractPipeline.java:234)
	at java.base/java.util.stream.ReferencePipeline.findFirst(ReferencePipeline.java:647)
	at org.openqa.selenium.remote.ProtocolHandshake.createSession(ProtocolHandshake.java:128)
	at org.openqa.selenium.remote.ProtocolHandshake.createSession(ProtocolHandshake.java:74)
	at org.openqa.selenium.remote.HttpCommandExecutor.execute(HttpCommandExecutor.java:136)
	at org.openqa.selenium.remote.service.DriverCommandExecutor.execute(DriverCommandExecutor.java:83)
	at org.openqa.selenium.remote.RemoteWebDriver.execute(RemoteWebDriver.java:552)
	at org.openqa.selenium.remote.RemoteWebDriver.startSession(RemoteWebDriver.java:213)
	at org.openqa.selenium.remote.RemoteWebDriver.&lt;init&gt;(RemoteWebDriver.java:131)
	at org.openqa.selenium.edge.EdgeDriver.&lt;init&gt;(EdgeDriver.java:141)
	at org.openqa.selenium.edge.EdgeDriver.&lt;init&gt;(EdgeDriver.java:96)
	at baselibrary.Baselibrary11.getLaunchUrl(Baselibrary11.java:13)
	at test.Login_test.getLaunchgithub(Login_test.java:16)
	at java.base/jdk.internal.reflect.DirectMethodHandleAccessor.invoke(DirectMethodHandleAccessor.java:104)
	at java.base/java.lang.reflect.Method.invoke(Method.java:577)
	at org.testng.internal.invokers.MethodInvocationHelper.invokeMethod(MethodInvocationHelper.java:139)
	at org.testng.internal.invokers.MethodInvocationHelper.invokeMethodConsideringTimeout(MethodInvocationHelper.java:69)
	at org.testng.internal.invokers.ConfigInvoker.invokeConfigurationMethod(ConfigInvoker.java:361)
	at org.testng.internal.invokers.ConfigInvoker.invokeConfigurations(ConfigInvoker.java:296)
	at org.testng.TestRunner.invokeTestConfigurations(TestRunner.java:643)
	at org.testng.TestRunner.beforeRun(TestRunner.java:632)
	at org.testng.TestRunner.run(TestRunner.java:594)
	at org.testng.SuiteRunner.runTest(SuiteRunner.java:433)
	at org.testng.SuiteRunner.runSequentially(SuiteRunner.java:427)
	at org.testng.SuiteRunner.privateRun(SuiteRunner.java:387)
	at org.testng.SuiteRunner.run(SuiteRunner.java:330)
	at org.testng.SuiteRunnerWorker.runSuite(SuiteRunnerWorker.java:52)
	at org.testng.SuiteRunnerWorker.run(SuiteRunnerWorker.java:95)
	at org.testng.TestNG.runSuitesSequentially(TestNG.java:1256)
	at org.testng.TestNG.runSuitesLocally(TestNG.java:1176)
	at org.testng.TestNG.runSuites(TestNG.java:1099)
	at org.testng.TestNG.run(TestNG.java:1067)
	at org.testng.remote.AbstractRemoteTestNG.run(AbstractRemoteTestNG.java:115)
	at org.testng.remote.RemoteTestNG.initAndRun(RemoteTestNG.java:251)
	at org.testng.remote.RemoteTestNG.main(RemoteTestNG.java:77)
</pre></div></td>
<td>0</td>
<td>test.Login_test@436813f3</td></tr>
<tr>
<td title='test.Login_test.clickonnewissue1()'><b>clickonnewissue1</b><br>Test class: test.Login_test</td>
<td><div><pre>org.openqa.selenium.WebDriverException: chrome not reachable
Build info: version: &apos;3.141.59&apos;, revision: &apos;e82be7d358&apos;, time: &apos;2018-11-14T08:17:03&apos;
System info: host: &apos;HEMENDRA&apos;, ip: &apos;192.168.0.103&apos;, os.name: &apos;Windows 11&apos;, os.arch: &apos;amd64&apos;, os.version: &apos;10.0&apos;, java.version: &apos;18.0.1.1&apos;
Driver info: driver.version: EdgeDriver
remote stacktrace: Backtrace:
	GetHandleVerifier [0x00007FF6BBB6DF52+60274]
	Microsoft::Applications::Events::EventProperty::~EventProperty [0x00007FF6BBAFEBB2+818866]
	(No symbol) [0x00007FF6BB78DE16]
	(No symbol) [0x00007FF6BB77DA71]
	(No symbol) [0x00007FF6BB7BDDB5]
	(No symbol) [0x00007FF6BB7B8D24]
	(No symbol) [0x00007FF6BB7B440A]
	(No symbol) [0x00007FF6BB7F7341]
	(No symbol) [0x00007FF6BB7EF343]
	(No symbol) [0x00007FF6BB7C1796]
	(No symbol) [0x00007FF6BB7C0975]
	(No symbol) [0x00007FF6BB7C1F04]
	Microsoft::Applications::Events::EventProperties::SetLevel [0x00007FF6BBA027E7+1593703]
	Microsoft::Applications::Events::EventProperties::SetLevel [0x00007FF6BB8AAC6D+185837]
	Microsoft::Applications::Events::EventProperty::~EventProperty [0x00007FF6BBA3FD57+36951]
	Microsoft::Applications::Events::EventProperty::~EventProperty [0x00007FF6BBA37E65+4453]
	Microsoft::Applications::Events::ILogManager::DispatchEventBroadcast [0x00007FF6BBD3FD73+1319011]
	Microsoft::Applications::Events::EventProperty::~EventProperty [0x00007FF6BBB06C6C+851820]
	Microsoft::Applications::Events::EventProperty::~EventProperty [0x00007FF6BBB02CD4+835540]
	Microsoft::Applications::Events::EventProperty::~EventProperty [0x00007FF6BBB02E2C+835884]
	Microsoft::Applications::Events::EventProperty::~EventProperty [0x00007FF6BBAF8A01+793857]
	BaseThreadInitThunk [0x00007FFB5618269D+29]
	RtlUserThreadStart [0x00007FFB56C6A9F8+40]

	at org.openqa.selenium.remote.W3CHandshakeResponse.lambda$errorHandler$0(W3CHandshakeResponse.java:62)
	at org.openqa.selenium.remote.HandshakeResponse.lambda$getResponseFunction$0(HandshakeResponse.java:30)
	at org.openqa.selenium.remote.ProtocolHandshake.lambda$createSession$0(ProtocolHandshake.java:126)
	at java.base/java.util.stream.ReferencePipeline$3$1.accept(ReferencePipeline.java:197)
	at java.base/java.util.Spliterators$ArraySpliterator.tryAdvance(Spliterators.java:1002)
	at java.base/java.util.stream.ReferencePipeline.forEachWithCancel(ReferencePipeline.java:129)
	at java.base/java.util.stream.AbstractPipeline.copyIntoWithCancel(AbstractPipeline.java:527)
	at java.base/java.util.stream.AbstractPipeline.copyInto(AbstractPipeline.java:513)
	at java.base/java.util.stream.AbstractPipeline.wrapAndCopyInto(AbstractPipeline.java:499)
	at java.base/java.util.stream.FindOps$FindOp.evaluateSequential(FindOps.java:150)
	at java.base/java.util.stream.AbstractPipeline.evaluate(AbstractPipeline.java:234)
	at java.base/java.util.stream.ReferencePipeline.findFirst(ReferencePipeline.java:647)
	at org.openqa.selenium.remote.ProtocolHandshake.createSession(ProtocolHandshake.java:128)
	at org.openqa.selenium.remote.ProtocolHandshake.createSession(ProtocolHandshake.java:74)
	at org.openqa.selenium.remote.HttpCommandExecutor.execute(HttpCommandExecutor.java:136)
	at org.openqa.selenium.remote.service.DriverCommandExecutor.execute(DriverCommandExecutor.java:83)
	at org.openqa.selenium.remote.RemoteWebDriver.execute(RemoteWebDriver.java:552)
	at org.openqa.selenium.remote.RemoteWebDriver.startSession(RemoteWebDriver.java:213)
	at org.openqa.selenium.remote.RemoteWebDriver.&lt;init&gt;(RemoteWebDriver.java:131)
	at org.openqa.selenium.edge.EdgeDriver.&lt;init&gt;(EdgeDriver.java:141)
	at org.openqa.selenium.edge.EdgeDriver.&lt;init&gt;(EdgeDriver.java:96)
	at baselibrary.Baselibrary11.getLaunchUrl(Baselibrary11.java:13)
	at test.Login_test.getLaunchgithub(Login_test.java:16)
... Removed 25 stack frames</pre></div><a href='#' onClick='toggleBox("stack-trace1202081661", this, "Click to show all stack frames", "Click to hide stack frames")'>Click to show all stack frames</a>
<div class='stack-trace' id='stack-trace1202081661'><pre>org.openqa.selenium.WebDriverException: chrome not reachable
Build info: version: &apos;3.141.59&apos;, revision: &apos;e82be7d358&apos;, time: &apos;2018-11-14T08:17:03&apos;
System info: host: &apos;HEMENDRA&apos;, ip: &apos;192.168.0.103&apos;, os.name: &apos;Windows 11&apos;, os.arch: &apos;amd64&apos;, os.version: &apos;10.0&apos;, java.version: &apos;18.0.1.1&apos;
Driver info: driver.version: EdgeDriver
remote stacktrace: Backtrace:
	GetHandleVerifier [0x00007FF6BBB6DF52+60274]
	Microsoft::Applications::Events::EventProperty::~EventProperty [0x00007FF6BBAFEBB2+818866]
	(No symbol) [0x00007FF6BB78DE16]
	(No symbol) [0x00007FF6BB77DA71]
	(No symbol) [0x00007FF6BB7BDDB5]
	(No symbol) [0x00007FF6BB7B8D24]
	(No symbol) [0x00007FF6BB7B440A]
	(No symbol) [0x00007FF6BB7F7341]
	(No symbol) [0x00007FF6BB7EF343]
	(No symbol) [0x00007FF6BB7C1796]
	(No symbol) [0x00007FF6BB7C0975]
	(No symbol) [0x00007FF6BB7C1F04]
	Microsoft::Applications::Events::EventProperties::SetLevel [0x00007FF6BBA027E7+1593703]
	Microsoft::Applications::Events::EventProperties::SetLevel [0x00007FF6BB8AAC6D+185837]
	Microsoft::Applications::Events::EventProperty::~EventProperty [0x00007FF6BBA3FD57+36951]
	Microsoft::Applications::Events::EventProperty::~EventProperty [0x00007FF6BBA37E65+4453]
	Microsoft::Applications::Events::ILogManager::DispatchEventBroadcast [0x00007FF6BBD3FD73+1319011]
	Microsoft::Applications::Events::EventProperty::~EventProperty [0x00007FF6BBB06C6C+851820]
	Microsoft::Applications::Events::EventProperty::~EventProperty [0x00007FF6BBB02CD4+835540]
	Microsoft::Applications::Events::EventProperty::~EventProperty [0x00007FF6BBB02E2C+835884]
	Microsoft::Applications::Events::EventProperty::~EventProperty [0x00007FF6BBAF8A01+793857]
	BaseThreadInitThunk [0x00007FFB5618269D+29]
	RtlUserThreadStart [0x00007FFB56C6A9F8+40]

	at java.base/jdk.internal.reflect.DirectConstructorHandleAccessor.newInstance(DirectConstructorHandleAccessor.java:67)
	at java.base/java.lang.reflect.Constructor.newInstanceWithCaller(Constructor.java:499)
	at java.base/java.lang.reflect.Constructor.newInstance(Constructor.java:483)
	at org.openqa.selenium.remote.W3CHandshakeResponse.lambda$errorHandler$0(W3CHandshakeResponse.java:62)
	at org.openqa.selenium.remote.HandshakeResponse.lambda$getResponseFunction$0(HandshakeResponse.java:30)
	at org.openqa.selenium.remote.ProtocolHandshake.lambda$createSession$0(ProtocolHandshake.java:126)
	at java.base/java.util.stream.ReferencePipeline$3$1.accept(ReferencePipeline.java:197)
	at java.base/java.util.Spliterators$ArraySpliterator.tryAdvance(Spliterators.java:1002)
	at java.base/java.util.stream.ReferencePipeline.forEachWithCancel(ReferencePipeline.java:129)
	at java.base/java.util.stream.AbstractPipeline.copyIntoWithCancel(AbstractPipeline.java:527)
	at java.base/java.util.stream.AbstractPipeline.copyInto(AbstractPipeline.java:513)
	at java.base/java.util.stream.AbstractPipeline.wrapAndCopyInto(AbstractPipeline.java:499)
	at java.base/java.util.stream.FindOps$FindOp.evaluateSequential(FindOps.java:150)
	at java.base/java.util.stream.AbstractPipeline.evaluate(AbstractPipeline.java:234)
	at java.base/java.util.stream.ReferencePipeline.findFirst(ReferencePipeline.java:647)
	at org.openqa.selenium.remote.ProtocolHandshake.createSession(ProtocolHandshake.java:128)
	at org.openqa.selenium.remote.ProtocolHandshake.createSession(ProtocolHandshake.java:74)
	at org.openqa.selenium.remote.HttpCommandExecutor.execute(HttpCommandExecutor.java:136)
	at org.openqa.selenium.remote.service.DriverCommandExecutor.execute(DriverCommandExecutor.java:83)
	at org.openqa.selenium.remote.RemoteWebDriver.execute(RemoteWebDriver.java:552)
	at org.openqa.selenium.remote.RemoteWebDriver.startSession(RemoteWebDriver.java:213)
	at org.openqa.selenium.remote.RemoteWebDriver.&lt;init&gt;(RemoteWebDriver.java:131)
	at org.openqa.selenium.edge.EdgeDriver.&lt;init&gt;(EdgeDriver.java:141)
	at org.openqa.selenium.edge.EdgeDriver.&lt;init&gt;(EdgeDriver.java:96)
	at baselibrary.Baselibrary11.getLaunchUrl(Baselibrary11.java:13)
	at test.Login_test.getLaunchgithub(Login_test.java:16)
	at java.base/jdk.internal.reflect.DirectMethodHandleAccessor.invoke(DirectMethodHandleAccessor.java:104)
	at java.base/java.lang.reflect.Method.invoke(Method.java:577)
	at org.testng.internal.invokers.MethodInvocationHelper.invokeMethod(MethodInvocationHelper.java:139)
	at org.testng.internal.invokers.MethodInvocationHelper.invokeMethodConsideringTimeout(MethodInvocationHelper.java:69)
	at org.testng.internal.invokers.ConfigInvoker.invokeConfigurationMethod(ConfigInvoker.java:361)
	at org.testng.internal.invokers.ConfigInvoker.invokeConfigurations(ConfigInvoker.java:296)
	at org.testng.TestRunner.invokeTestConfigurations(TestRunner.java:643)
	at org.testng.TestRunner.beforeRun(TestRunner.java:632)
	at org.testng.TestRunner.run(TestRunner.java:594)
	at org.testng.SuiteRunner.runTest(SuiteRunner.java:433)
	at org.testng.SuiteRunner.runSequentially(SuiteRunner.java:427)
	at org.testng.SuiteRunner.privateRun(SuiteRunner.java:387)
	at org.testng.SuiteRunner.run(SuiteRunner.java:330)
	at org.testng.SuiteRunnerWorker.runSuite(SuiteRunnerWorker.java:52)
	at org.testng.SuiteRunnerWorker.run(SuiteRunnerWorker.java:95)
	at org.testng.TestNG.runSuitesSequentially(TestNG.java:1256)
	at org.testng.TestNG.runSuitesLocally(TestNG.java:1176)
	at org.testng.TestNG.runSuites(TestNG.java:1099)
	at org.testng.TestNG.run(TestNG.java:1067)
	at org.testng.remote.AbstractRemoteTestNG.run(AbstractRemoteTestNG.java:115)
	at org.testng.remote.RemoteTestNG.initAndRun(RemoteTestNG.java:251)
	at org.testng.remote.RemoteTestNG.main(RemoteTestNG.java:77)
</pre></div></td>
<td>0</td>
<td>test.Login_test@436813f3</td></tr>
<tr>
<td title='test.Login_test.clickondeleterepo()'><b>clickondeleterepo</b><br>Test class: test.Login_test</td>
<td><div><pre>org.openqa.selenium.WebDriverException: chrome not reachable
Build info: version: &apos;3.141.59&apos;, revision: &apos;e82be7d358&apos;, time: &apos;2018-11-14T08:17:03&apos;
System info: host: &apos;HEMENDRA&apos;, ip: &apos;192.168.0.103&apos;, os.name: &apos;Windows 11&apos;, os.arch: &apos;amd64&apos;, os.version: &apos;10.0&apos;, java.version: &apos;18.0.1.1&apos;
Driver info: driver.version: EdgeDriver
remote stacktrace: Backtrace:
	GetHandleVerifier [0x00007FF6BBB6DF52+60274]
	Microsoft::Applications::Events::EventProperty::~EventProperty [0x00007FF6BBAFEBB2+818866]
	(No symbol) [0x00007FF6BB78DE16]
	(No symbol) [0x00007FF6BB77DA71]
	(No symbol) [0x00007FF6BB7BDDB5]
	(No symbol) [0x00007FF6BB7B8D24]
	(No symbol) [0x00007FF6BB7B440A]
	(No symbol) [0x00007FF6BB7F7341]
	(No symbol) [0x00007FF6BB7EF343]
	(No symbol) [0x00007FF6BB7C1796]
	(No symbol) [0x00007FF6BB7C0975]
	(No symbol) [0x00007FF6BB7C1F04]
	Microsoft::Applications::Events::EventProperties::SetLevel [0x00007FF6BBA027E7+1593703]
	Microsoft::Applications::Events::EventProperties::SetLevel [0x00007FF6BB8AAC6D+185837]
	Microsoft::Applications::Events::EventProperty::~EventProperty [0x00007FF6BBA3FD57+36951]
	Microsoft::Applications::Events::EventProperty::~EventProperty [0x00007FF6BBA37E65+4453]
	Microsoft::Applications::Events::ILogManager::DispatchEventBroadcast [0x00007FF6BBD3FD73+1319011]
	Microsoft::Applications::Events::EventProperty::~EventProperty [0x00007FF6BBB06C6C+851820]
	Microsoft::Applications::Events::EventProperty::~EventProperty [0x00007FF6BBB02CD4+835540]
	Microsoft::Applications::Events::EventProperty::~EventProperty [0x00007FF6BBB02E2C+835884]
	Microsoft::Applications::Events::EventProperty::~EventProperty [0x00007FF6BBAF8A01+793857]
	BaseThreadInitThunk [0x00007FFB5618269D+29]
	RtlUserThreadStart [0x00007FFB56C6A9F8+40]

	at org.openqa.selenium.remote.W3CHandshakeResponse.lambda$errorHandler$0(W3CHandshakeResponse.java:62)
	at org.openqa.selenium.remote.HandshakeResponse.lambda$getResponseFunction$0(HandshakeResponse.java:30)
	at org.openqa.selenium.remote.ProtocolHandshake.lambda$createSession$0(ProtocolHandshake.java:126)
	at java.base/java.util.stream.ReferencePipeline$3$1.accept(ReferencePipeline.java:197)
	at java.base/java.util.Spliterators$ArraySpliterator.tryAdvance(Spliterators.java:1002)
	at java.base/java.util.stream.ReferencePipeline.forEachWithCancel(ReferencePipeline.java:129)
	at java.base/java.util.stream.AbstractPipeline.copyIntoWithCancel(AbstractPipeline.java:527)
	at java.base/java.util.stream.AbstractPipeline.copyInto(AbstractPipeline.java:513)
	at java.base/java.util.stream.AbstractPipeline.wrapAndCopyInto(AbstractPipeline.java:499)
	at java.base/java.util.stream.FindOps$FindOp.evaluateSequential(FindOps.java:150)
	at java.base/java.util.stream.AbstractPipeline.evaluate(AbstractPipeline.java:234)
	at java.base/java.util.stream.ReferencePipeline.findFirst(ReferencePipeline.java:647)
	at org.openqa.selenium.remote.ProtocolHandshake.createSession(ProtocolHandshake.java:128)
	at org.openqa.selenium.remote.ProtocolHandshake.createSession(ProtocolHandshake.java:74)
	at org.openqa.selenium.remote.HttpCommandExecutor.execute(HttpCommandExecutor.java:136)
	at org.openqa.selenium.remote.service.DriverCommandExecutor.execute(DriverCommandExecutor.java:83)
	at org.openqa.selenium.remote.RemoteWebDriver.execute(RemoteWebDriver.java:552)
	at org.openqa.selenium.remote.RemoteWebDriver.startSession(RemoteWebDriver.java:213)
	at org.openqa.selenium.remote.RemoteWebDriver.&lt;init&gt;(RemoteWebDriver.java:131)
	at org.openqa.selenium.edge.EdgeDriver.&lt;init&gt;(EdgeDriver.java:141)
	at org.openqa.selenium.edge.EdgeDriver.&lt;init&gt;(EdgeDriver.java:96)
	at baselibrary.Baselibrary11.getLaunchUrl(Baselibrary11.java:13)
	at test.Login_test.getLaunchgithub(Login_test.java:16)
... Removed 25 stack frames</pre></div><a href='#' onClick='toggleBox("stack-trace851480926", this, "Click to show all stack frames", "Click to hide stack frames")'>Click to show all stack frames</a>
<div class='stack-trace' id='stack-trace851480926'><pre>org.openqa.selenium.WebDriverException: chrome not reachable
Build info: version: &apos;3.141.59&apos;, revision: &apos;e82be7d358&apos;, time: &apos;2018-11-14T08:17:03&apos;
System info: host: &apos;HEMENDRA&apos;, ip: &apos;192.168.0.103&apos;, os.name: &apos;Windows 11&apos;, os.arch: &apos;amd64&apos;, os.version: &apos;10.0&apos;, java.version: &apos;18.0.1.1&apos;
Driver info: driver.version: EdgeDriver
remote stacktrace: Backtrace:
	GetHandleVerifier [0x00007FF6BBB6DF52+60274]
	Microsoft::Applications::Events::EventProperty::~EventProperty [0x00007FF6BBAFEBB2+818866]
	(No symbol) [0x00007FF6BB78DE16]
	(No symbol) [0x00007FF6BB77DA71]
	(No symbol) [0x00007FF6BB7BDDB5]
	(No symbol) [0x00007FF6BB7B8D24]
	(No symbol) [0x00007FF6BB7B440A]
	(No symbol) [0x00007FF6BB7F7341]
	(No symbol) [0x00007FF6BB7EF343]
	(No symbol) [0x00007FF6BB7C1796]
	(No symbol) [0x00007FF6BB7C0975]
	(No symbol) [0x00007FF6BB7C1F04]
	Microsoft::Applications::Events::EventProperties::SetLevel [0x00007FF6BBA027E7+1593703]
	Microsoft::Applications::Events::EventProperties::SetLevel [0x00007FF6BB8AAC6D+185837]
	Microsoft::Applications::Events::EventProperty::~EventProperty [0x00007FF6BBA3FD57+36951]
	Microsoft::Applications::Events::EventProperty::~EventProperty [0x00007FF6BBA37E65+4453]
	Microsoft::Applications::Events::ILogManager::DispatchEventBroadcast [0x00007FF6BBD3FD73+1319011]
	Microsoft::Applications::Events::EventProperty::~EventProperty [0x00007FF6BBB06C6C+851820]
	Microsoft::Applications::Events::EventProperty::~EventProperty [0x00007FF6BBB02CD4+835540]
	Microsoft::Applications::Events::EventProperty::~EventProperty [0x00007FF6BBB02E2C+835884]
	Microsoft::Applications::Events::EventProperty::~EventProperty [0x00007FF6BBAF8A01+793857]
	BaseThreadInitThunk [0x00007FFB5618269D+29]
	RtlUserThreadStart [0x00007FFB56C6A9F8+40]

	at java.base/jdk.internal.reflect.DirectConstructorHandleAccessor.newInstance(DirectConstructorHandleAccessor.java:67)
	at java.base/java.lang.reflect.Constructor.newInstanceWithCaller(Constructor.java:499)
	at java.base/java.lang.reflect.Constructor.newInstance(Constructor.java:483)
	at org.openqa.selenium.remote.W3CHandshakeResponse.lambda$errorHandler$0(W3CHandshakeResponse.java:62)
	at org.openqa.selenium.remote.HandshakeResponse.lambda$getResponseFunction$0(HandshakeResponse.java:30)
	at org.openqa.selenium.remote.ProtocolHandshake.lambda$createSession$0(ProtocolHandshake.java:126)
	at java.base/java.util.stream.ReferencePipeline$3$1.accept(ReferencePipeline.java:197)
	at java.base/java.util.Spliterators$ArraySpliterator.tryAdvance(Spliterators.java:1002)
	at java.base/java.util.stream.ReferencePipeline.forEachWithCancel(ReferencePipeline.java:129)
	at java.base/java.util.stream.AbstractPipeline.copyIntoWithCancel(AbstractPipeline.java:527)
	at java.base/java.util.stream.AbstractPipeline.copyInto(AbstractPipeline.java:513)
	at java.base/java.util.stream.AbstractPipeline.wrapAndCopyInto(AbstractPipeline.java:499)
	at java.base/java.util.stream.FindOps$FindOp.evaluateSequential(FindOps.java:150)
	at java.base/java.util.stream.AbstractPipeline.evaluate(AbstractPipeline.java:234)
	at java.base/java.util.stream.ReferencePipeline.findFirst(ReferencePipeline.java:647)
	at org.openqa.selenium.remote.ProtocolHandshake.createSession(ProtocolHandshake.java:128)
	at org.openqa.selenium.remote.ProtocolHandshake.createSession(ProtocolHandshake.java:74)
	at org.openqa.selenium.remote.HttpCommandExecutor.execute(HttpCommandExecutor.java:136)
	at org.openqa.selenium.remote.service.DriverCommandExecutor.execute(DriverCommandExecutor.java:83)
	at org.openqa.selenium.remote.RemoteWebDriver.execute(RemoteWebDriver.java:552)
	at org.openqa.selenium.remote.RemoteWebDriver.startSession(RemoteWebDriver.java:213)
	at org.openqa.selenium.remote.RemoteWebDriver.&lt;init&gt;(RemoteWebDriver.java:131)
	at org.openqa.selenium.edge.EdgeDriver.&lt;init&gt;(EdgeDriver.java:141)
	at org.openqa.selenium.edge.EdgeDriver.&lt;init&gt;(EdgeDriver.java:96)
	at baselibrary.Baselibrary11.getLaunchUrl(Baselibrary11.java:13)
	at test.Login_test.getLaunchgithub(Login_test.java:16)
	at java.base/jdk.internal.reflect.DirectMethodHandleAccessor.invoke(DirectMethodHandleAccessor.java:104)
	at java.base/java.lang.reflect.Method.invoke(Method.java:577)
	at org.testng.internal.invokers.MethodInvocationHelper.invokeMethod(MethodInvocationHelper.java:139)
	at org.testng.internal.invokers.MethodInvocationHelper.invokeMethodConsideringTimeout(MethodInvocationHelper.java:69)
	at org.testng.internal.invokers.ConfigInvoker.invokeConfigurationMethod(ConfigInvoker.java:361)
	at org.testng.internal.invokers.ConfigInvoker.invokeConfigurations(ConfigInvoker.java:296)
	at org.testng.TestRunner.invokeTestConfigurations(TestRunner.java:643)
	at org.testng.TestRunner.beforeRun(TestRunner.java:632)
	at org.testng.TestRunner.run(TestRunner.java:594)
	at org.testng.SuiteRunner.runTest(SuiteRunner.java:433)
	at org.testng.SuiteRunner.runSequentially(SuiteRunner.java:427)
	at org.testng.SuiteRunner.privateRun(SuiteRunner.java:387)
	at org.testng.SuiteRunner.run(SuiteRunner.java:330)
	at org.testng.SuiteRunnerWorker.runSuite(SuiteRunnerWorker.java:52)
	at org.testng.SuiteRunnerWorker.run(SuiteRunnerWorker.java:95)
	at org.testng.TestNG.runSuitesSequentially(TestNG.java:1256)
	at org.testng.TestNG.runSuitesLocally(TestNG.java:1176)
	at org.testng.TestNG.runSuites(TestNG.java:1099)
	at org.testng.TestNG.run(TestNG.java:1067)
	at org.testng.remote.AbstractRemoteTestNG.run(AbstractRemoteTestNG.java:115)
	at org.testng.remote.RemoteTestNG.initAndRun(RemoteTestNG.java:251)
	at org.testng.remote.RemoteTestNG.main(RemoteTestNG.java:77)
</pre></div></td>
<td>0</td>
<td>test.Login_test@436813f3</td></tr>
<tr>
<td title='test.Login_test.clickondeleterepobutton()'><b>clickondeleterepobutton</b><br>Test class: test.Login_test</td>
<td><div><pre>org.openqa.selenium.WebDriverException: chrome not reachable
Build info: version: &apos;3.141.59&apos;, revision: &apos;e82be7d358&apos;, time: &apos;2018-11-14T08:17:03&apos;
System info: host: &apos;HEMENDRA&apos;, ip: &apos;192.168.0.103&apos;, os.name: &apos;Windows 11&apos;, os.arch: &apos;amd64&apos;, os.version: &apos;10.0&apos;, java.version: &apos;18.0.1.1&apos;
Driver info: driver.version: EdgeDriver
remote stacktrace: Backtrace:
	GetHandleVerifier [0x00007FF6BBB6DF52+60274]
	Microsoft::Applications::Events::EventProperty::~EventProperty [0x00007FF6BBAFEBB2+818866]
	(No symbol) [0x00007FF6BB78DE16]
	(No symbol) [0x00007FF6BB77DA71]
	(No symbol) [0x00007FF6BB7BDDB5]
	(No symbol) [0x00007FF6BB7B8D24]
	(No symbol) [0x00007FF6BB7B440A]
	(No symbol) [0x00007FF6BB7F7341]
	(No symbol) [0x00007FF6BB7EF343]
	(No symbol) [0x00007FF6BB7C1796]
	(No symbol) [0x00007FF6BB7C0975]
	(No symbol) [0x00007FF6BB7C1F04]
	Microsoft::Applications::Events::EventProperties::SetLevel [0x00007FF6BBA027E7+1593703]
	Microsoft::Applications::Events::EventProperties::SetLevel [0x00007FF6BB8AAC6D+185837]
	Microsoft::Applications::Events::EventProperty::~EventProperty [0x00007FF6BBA3FD57+36951]
	Microsoft::Applications::Events::EventProperty::~EventProperty [0x00007FF6BBA37E65+4453]
	Microsoft::Applications::Events::ILogManager::DispatchEventBroadcast [0x00007FF6BBD3FD73+1319011]
	Microsoft::Applications::Events::EventProperty::~EventProperty [0x00007FF6BBB06C6C+851820]
	Microsoft::Applications::Events::EventProperty::~EventProperty [0x00007FF6BBB02CD4+835540]
	Microsoft::Applications::Events::EventProperty::~EventProperty [0x00007FF6BBB02E2C+835884]
	Microsoft::Applications::Events::EventProperty::~EventProperty [0x00007FF6BBAF8A01+793857]
	BaseThreadInitThunk [0x00007FFB5618269D+29]
	RtlUserThreadStart [0x00007FFB56C6A9F8+40]

	at org.openqa.selenium.remote.W3CHandshakeResponse.lambda$errorHandler$0(W3CHandshakeResponse.java:62)
	at org.openqa.selenium.remote.HandshakeResponse.lambda$getResponseFunction$0(HandshakeResponse.java:30)
	at org.openqa.selenium.remote.ProtocolHandshake.lambda$createSession$0(ProtocolHandshake.java:126)
	at java.base/java.util.stream.ReferencePipeline$3$1.accept(ReferencePipeline.java:197)
	at java.base/java.util.Spliterators$ArraySpliterator.tryAdvance(Spliterators.java:1002)
	at java.base/java.util.stream.ReferencePipeline.forEachWithCancel(ReferencePipeline.java:129)
	at java.base/java.util.stream.AbstractPipeline.copyIntoWithCancel(AbstractPipeline.java:527)
	at java.base/java.util.stream.AbstractPipeline.copyInto(AbstractPipeline.java:513)
	at java.base/java.util.stream.AbstractPipeline.wrapAndCopyInto(AbstractPipeline.java:499)
	at java.base/java.util.stream.FindOps$FindOp.evaluateSequential(FindOps.java:150)
	at java.base/java.util.stream.AbstractPipeline.evaluate(AbstractPipeline.java:234)
	at java.base/java.util.stream.ReferencePipeline.findFirst(ReferencePipeline.java:647)
	at org.openqa.selenium.remote.ProtocolHandshake.createSession(ProtocolHandshake.java:128)
	at org.openqa.selenium.remote.ProtocolHandshake.createSession(ProtocolHandshake.java:74)
	at org.openqa.selenium.remote.HttpCommandExecutor.execute(HttpCommandExecutor.java:136)
	at org.openqa.selenium.remote.service.DriverCommandExecutor.execute(DriverCommandExecutor.java:83)
	at org.openqa.selenium.remote.RemoteWebDriver.execute(RemoteWebDriver.java:552)
	at org.openqa.selenium.remote.RemoteWebDriver.startSession(RemoteWebDriver.java:213)
	at org.openqa.selenium.remote.RemoteWebDriver.&lt;init&gt;(RemoteWebDriver.java:131)
	at org.openqa.selenium.edge.EdgeDriver.&lt;init&gt;(EdgeDriver.java:141)
	at org.openqa.selenium.edge.EdgeDriver.&lt;init&gt;(EdgeDriver.java:96)
	at baselibrary.Baselibrary11.getLaunchUrl(Baselibrary11.java:13)
	at test.Login_test.getLaunchgithub(Login_test.java:16)
... Removed 25 stack frames</pre></div><a href='#' onClick='toggleBox("stack-trace275754769", this, "Click to show all stack frames", "Click to hide stack frames")'>Click to show all stack frames</a>
<div class='stack-trace' id='stack-trace275754769'><pre>org.openqa.selenium.WebDriverException: chrome not reachable
Build info: version: &apos;3.141.59&apos;, revision: &apos;e82be7d358&apos;, time: &apos;2018-11-14T08:17:03&apos;
System info: host: &apos;HEMENDRA&apos;, ip: &apos;192.168.0.103&apos;, os.name: &apos;Windows 11&apos;, os.arch: &apos;amd64&apos;, os.version: &apos;10.0&apos;, java.version: &apos;18.0.1.1&apos;
Driver info: driver.version: EdgeDriver
remote stacktrace: Backtrace:
	GetHandleVerifier [0x00007FF6BBB6DF52+60274]
	Microsoft::Applications::Events::EventProperty::~EventProperty [0x00007FF6BBAFEBB2+818866]
	(No symbol) [0x00007FF6BB78DE16]
	(No symbol) [0x00007FF6BB77DA71]
	(No symbol) [0x00007FF6BB7BDDB5]
	(No symbol) [0x00007FF6BB7B8D24]
	(No symbol) [0x00007FF6BB7B440A]
	(No symbol) [0x00007FF6BB7F7341]
	(No symbol) [0x00007FF6BB7EF343]
	(No symbol) [0x00007FF6BB7C1796]
	(No symbol) [0x00007FF6BB7C0975]
	(No symbol) [0x00007FF6BB7C1F04]
	Microsoft::Applications::Events::EventProperties::SetLevel [0x00007FF6BBA027E7+1593703]
	Microsoft::Applications::Events::EventProperties::SetLevel [0x00007FF6BB8AAC6D+185837]
	Microsoft::Applications::Events::EventProperty::~EventProperty [0x00007FF6BBA3FD57+36951]
	Microsoft::Applications::Events::EventProperty::~EventProperty [0x00007FF6BBA37E65+4453]
	Microsoft::Applications::Events::ILogManager::DispatchEventBroadcast [0x00007FF6BBD3FD73+1319011]
	Microsoft::Applications::Events::EventProperty::~EventProperty [0x00007FF6BBB06C6C+851820]
	Microsoft::Applications::Events::EventProperty::~EventProperty [0x00007FF6BBB02CD4+835540]
	Microsoft::Applications::Events::EventProperty::~EventProperty [0x00007FF6BBB02E2C+835884]
	Microsoft::Applications::Events::EventProperty::~EventProperty [0x00007FF6BBAF8A01+793857]
	BaseThreadInitThunk [0x00007FFB5618269D+29]
	RtlUserThreadStart [0x00007FFB56C6A9F8+40]

	at java.base/jdk.internal.reflect.DirectConstructorHandleAccessor.newInstance(DirectConstructorHandleAccessor.java:67)
	at java.base/java.lang.reflect.Constructor.newInstanceWithCaller(Constructor.java:499)
	at java.base/java.lang.reflect.Constructor.newInstance(Constructor.java:483)
	at org.openqa.selenium.remote.W3CHandshakeResponse.lambda$errorHandler$0(W3CHandshakeResponse.java:62)
	at org.openqa.selenium.remote.HandshakeResponse.lambda$getResponseFunction$0(HandshakeResponse.java:30)
	at org.openqa.selenium.remote.ProtocolHandshake.lambda$createSession$0(ProtocolHandshake.java:126)
	at java.base/java.util.stream.ReferencePipeline$3$1.accept(ReferencePipeline.java:197)
	at java.base/java.util.Spliterators$ArraySpliterator.tryAdvance(Spliterators.java:1002)
	at java.base/java.util.stream.ReferencePipeline.forEachWithCancel(ReferencePipeline.java:129)
	at java.base/java.util.stream.AbstractPipeline.copyIntoWithCancel(AbstractPipeline.java:527)
	at java.base/java.util.stream.AbstractPipeline.copyInto(AbstractPipeline.java:513)
	at java.base/java.util.stream.AbstractPipeline.wrapAndCopyInto(AbstractPipeline.java:499)
	at java.base/java.util.stream.FindOps$FindOp.evaluateSequential(FindOps.java:150)
	at java.base/java.util.stream.AbstractPipeline.evaluate(AbstractPipeline.java:234)
	at java.base/java.util.stream.ReferencePipeline.findFirst(ReferencePipeline.java:647)
	at org.openqa.selenium.remote.ProtocolHandshake.createSession(ProtocolHandshake.java:128)
	at org.openqa.selenium.remote.ProtocolHandshake.createSession(ProtocolHandshake.java:74)
	at org.openqa.selenium.remote.HttpCommandExecutor.execute(HttpCommandExecutor.java:136)
	at org.openqa.selenium.remote.service.DriverCommandExecutor.execute(DriverCommandExecutor.java:83)
	at org.openqa.selenium.remote.RemoteWebDriver.execute(RemoteWebDriver.java:552)
	at org.openqa.selenium.remote.RemoteWebDriver.startSession(RemoteWebDriver.java:213)
	at org.openqa.selenium.remote.RemoteWebDriver.&lt;init&gt;(RemoteWebDriver.java:131)
	at org.openqa.selenium.edge.EdgeDriver.&lt;init&gt;(EdgeDriver.java:141)
	at org.openqa.selenium.edge.EdgeDriver.&lt;init&gt;(EdgeDriver.java:96)
	at baselibrary.Baselibrary11.getLaunchUrl(Baselibrary11.java:13)
	at test.Login_test.getLaunchgithub(Login_test.java:16)
	at java.base/jdk.internal.reflect.DirectMethodHandleAccessor.invoke(DirectMethodHandleAccessor.java:104)
	at java.base/java.lang.reflect.Method.invoke(Method.java:577)
	at org.testng.internal.invokers.MethodInvocationHelper.invokeMethod(MethodInvocationHelper.java:139)
	at org.testng.internal.invokers.MethodInvocationHelper.invokeMethodConsideringTimeout(MethodInvocationHelper.java:69)
	at org.testng.internal.invokers.ConfigInvoker.invokeConfigurationMethod(ConfigInvoker.java:361)
	at org.testng.internal.invokers.ConfigInvoker.invokeConfigurations(ConfigInvoker.java:296)
	at org.testng.TestRunner.invokeTestConfigurations(TestRunner.java:643)
	at org.testng.TestRunner.beforeRun(TestRunner.java:632)
	at org.testng.TestRunner.run(TestRunner.java:594)
	at org.testng.SuiteRunner.runTest(SuiteRunner.java:433)
	at org.testng.SuiteRunner.runSequentially(SuiteRunner.java:427)
	at org.testng.SuiteRunner.privateRun(SuiteRunner.java:387)
	at org.testng.SuiteRunner.run(SuiteRunner.java:330)
	at org.testng.SuiteRunnerWorker.runSuite(SuiteRunnerWorker.java:52)
	at org.testng.SuiteRunnerWorker.run(SuiteRunnerWorker.java:95)
	at org.testng.TestNG.runSuitesSequentially(TestNG.java:1256)
	at org.testng.TestNG.runSuitesLocally(TestNG.java:1176)
	at org.testng.TestNG.runSuites(TestNG.java:1099)
	at org.testng.TestNG.run(TestNG.java:1067)
	at org.testng.remote.AbstractRemoteTestNG.run(AbstractRemoteTestNG.java:115)
	at org.testng.remote.RemoteTestNG.initAndRun(RemoteTestNG.java:251)
	at org.testng.remote.RemoteTestNG.main(RemoteTestNG.java:77)
</pre></div></td>
<td>0</td>
<td>test.Login_test@436813f3</td></tr>
<tr>
<td title='test.Login_test.clickonHomebutton()'><b>clickonHomebutton</b><br>Test class: test.Login_test</td>
<td><div><pre>org.openqa.selenium.WebDriverException: chrome not reachable
Build info: version: &apos;3.141.59&apos;, revision: &apos;e82be7d358&apos;, time: &apos;2018-11-14T08:17:03&apos;
System info: host: &apos;HEMENDRA&apos;, ip: &apos;192.168.0.103&apos;, os.name: &apos;Windows 11&apos;, os.arch: &apos;amd64&apos;, os.version: &apos;10.0&apos;, java.version: &apos;18.0.1.1&apos;
Driver info: driver.version: EdgeDriver
remote stacktrace: Backtrace:
	GetHandleVerifier [0x00007FF6BBB6DF52+60274]
	Microsoft::Applications::Events::EventProperty::~EventProperty [0x00007FF6BBAFEBB2+818866]
	(No symbol) [0x00007FF6BB78DE16]
	(No symbol) [0x00007FF6BB77DA71]
	(No symbol) [0x00007FF6BB7BDDB5]
	(No symbol) [0x00007FF6BB7B8D24]
	(No symbol) [0x00007FF6BB7B440A]
	(No symbol) [0x00007FF6BB7F7341]
	(No symbol) [0x00007FF6BB7EF343]
	(No symbol) [0x00007FF6BB7C1796]
	(No symbol) [0x00007FF6BB7C0975]
	(No symbol) [0x00007FF6BB7C1F04]
	Microsoft::Applications::Events::EventProperties::SetLevel [0x00007FF6BBA027E7+1593703]
	Microsoft::Applications::Events::EventProperties::SetLevel [0x00007FF6BB8AAC6D+185837]
	Microsoft::Applications::Events::EventProperty::~EventProperty [0x00007FF6BBA3FD57+36951]
	Microsoft::Applications::Events::EventProperty::~EventProperty [0x00007FF6BBA37E65+4453]
	Microsoft::Applications::Events::ILogManager::DispatchEventBroadcast [0x00007FF6BBD3FD73+1319011]
	Microsoft::Applications::Events::EventProperty::~EventProperty [0x00007FF6BBB06C6C+851820]
	Microsoft::Applications::Events::EventProperty::~EventProperty [0x00007FF6BBB02CD4+835540]
	Microsoft::Applications::Events::EventProperty::~EventProperty [0x00007FF6BBB02E2C+835884]
	Microsoft::Applications::Events::EventProperty::~EventProperty [0x00007FF6BBAF8A01+793857]
	BaseThreadInitThunk [0x00007FFB5618269D+29]
	RtlUserThreadStart [0x00007FFB56C6A9F8+40]

	at org.openqa.selenium.remote.W3CHandshakeResponse.lambda$errorHandler$0(W3CHandshakeResponse.java:62)
	at org.openqa.selenium.remote.HandshakeResponse.lambda$getResponseFunction$0(HandshakeResponse.java:30)
	at org.openqa.selenium.remote.ProtocolHandshake.lambda$createSession$0(ProtocolHandshake.java:126)
	at java.base/java.util.stream.ReferencePipeline$3$1.accept(ReferencePipeline.java:197)
	at java.base/java.util.Spliterators$ArraySpliterator.tryAdvance(Spliterators.java:1002)
	at java.base/java.util.stream.ReferencePipeline.forEachWithCancel(ReferencePipeline.java:129)
	at java.base/java.util.stream.AbstractPipeline.copyIntoWithCancel(AbstractPipeline.java:527)
	at java.base/java.util.stream.AbstractPipeline.copyInto(AbstractPipeline.java:513)
	at java.base/java.util.stream.AbstractPipeline.wrapAndCopyInto(AbstractPipeline.java:499)
	at java.base/java.util.stream.FindOps$FindOp.evaluateSequential(FindOps.java:150)
	at java.base/java.util.stream.AbstractPipeline.evaluate(AbstractPipeline.java:234)
	at java.base/java.util.stream.ReferencePipeline.findFirst(ReferencePipeline.java:647)
	at org.openqa.selenium.remote.ProtocolHandshake.createSession(ProtocolHandshake.java:128)
	at org.openqa.selenium.remote.ProtocolHandshake.createSession(ProtocolHandshake.java:74)
	at org.openqa.selenium.remote.HttpCommandExecutor.execute(HttpCommandExecutor.java:136)
	at org.openqa.selenium.remote.service.DriverCommandExecutor.execute(DriverCommandExecutor.java:83)
	at org.openqa.selenium.remote.RemoteWebDriver.execute(RemoteWebDriver.java:552)
	at org.openqa.selenium.remote.RemoteWebDriver.startSession(RemoteWebDriver.java:213)
	at org.openqa.selenium.remote.RemoteWebDriver.&lt;init&gt;(RemoteWebDriver.java:131)
	at org.openqa.selenium.edge.EdgeDriver.&lt;init&gt;(EdgeDriver.java:141)
	at org.openqa.selenium.edge.EdgeDriver.&lt;init&gt;(EdgeDriver.java:96)
	at baselibrary.Baselibrary11.getLaunchUrl(Baselibrary11.java:13)
	at test.Login_test.getLaunchgithub(Login_test.java:16)
... Removed 25 stack frames</pre></div><a href='#' onClick='toggleBox("stack-trace651235118", this, "Click to show all stack frames", "Click to hide stack frames")'>Click to show all stack frames</a>
<div class='stack-trace' id='stack-trace651235118'><pre>org.openqa.selenium.WebDriverException: chrome not reachable
Build info: version: &apos;3.141.59&apos;, revision: &apos;e82be7d358&apos;, time: &apos;2018-11-14T08:17:03&apos;
System info: host: &apos;HEMENDRA&apos;, ip: &apos;192.168.0.103&apos;, os.name: &apos;Windows 11&apos;, os.arch: &apos;amd64&apos;, os.version: &apos;10.0&apos;, java.version: &apos;18.0.1.1&apos;
Driver info: driver.version: EdgeDriver
remote stacktrace: Backtrace:
	GetHandleVerifier [0x00007FF6BBB6DF52+60274]
	Microsoft::Applications::Events::EventProperty::~EventProperty [0x00007FF6BBAFEBB2+818866]
	(No symbol) [0x00007FF6BB78DE16]
	(No symbol) [0x00007FF6BB77DA71]
	(No symbol) [0x00007FF6BB7BDDB5]
	(No symbol) [0x00007FF6BB7B8D24]
	(No symbol) [0x00007FF6BB7B440A]
	(No symbol) [0x00007FF6BB7F7341]
	(No symbol) [0x00007FF6BB7EF343]
	(No symbol) [0x00007FF6BB7C1796]
	(No symbol) [0x00007FF6BB7C0975]
	(No symbol) [0x00007FF6BB7C1F04]
	Microsoft::Applications::Events::EventProperties::SetLevel [0x00007FF6BBA027E7+1593703]
	Microsoft::Applications::Events::EventProperties::SetLevel [0x00007FF6BB8AAC6D+185837]
	Microsoft::Applications::Events::EventProperty::~EventProperty [0x00007FF6BBA3FD57+36951]
	Microsoft::Applications::Events::EventProperty::~EventProperty [0x00007FF6BBA37E65+4453]
	Microsoft::Applications::Events::ILogManager::DispatchEventBroadcast [0x00007FF6BBD3FD73+1319011]
	Microsoft::Applications::Events::EventProperty::~EventProperty [0x00007FF6BBB06C6C+851820]
	Microsoft::Applications::Events::EventProperty::~EventProperty [0x00007FF6BBB02CD4+835540]
	Microsoft::Applications::Events::EventProperty::~EventProperty [0x00007FF6BBB02E2C+835884]
	Microsoft::Applications::Events::EventProperty::~EventProperty [0x00007FF6BBAF8A01+793857]
	BaseThreadInitThunk [0x00007FFB5618269D+29]
	RtlUserThreadStart [0x00007FFB56C6A9F8+40]

	at java.base/jdk.internal.reflect.DirectConstructorHandleAccessor.newInstance(DirectConstructorHandleAccessor.java:67)
	at java.base/java.lang.reflect.Constructor.newInstanceWithCaller(Constructor.java:499)
	at java.base/java.lang.reflect.Constructor.newInstance(Constructor.java:483)
	at org.openqa.selenium.remote.W3CHandshakeResponse.lambda$errorHandler$0(W3CHandshakeResponse.java:62)
	at org.openqa.selenium.remote.HandshakeResponse.lambda$getResponseFunction$0(HandshakeResponse.java:30)
	at org.openqa.selenium.remote.ProtocolHandshake.lambda$createSession$0(ProtocolHandshake.java:126)
	at java.base/java.util.stream.ReferencePipeline$3$1.accept(ReferencePipeline.java:197)
	at java.base/java.util.Spliterators$ArraySpliterator.tryAdvance(Spliterators.java:1002)
	at java.base/java.util.stream.ReferencePipeline.forEachWithCancel(ReferencePipeline.java:129)
	at java.base/java.util.stream.AbstractPipeline.copyIntoWithCancel(AbstractPipeline.java:527)
	at java.base/java.util.stream.AbstractPipeline.copyInto(AbstractPipeline.java:513)
	at java.base/java.util.stream.AbstractPipeline.wrapAndCopyInto(AbstractPipeline.java:499)
	at java.base/java.util.stream.FindOps$FindOp.evaluateSequential(FindOps.java:150)
	at java.base/java.util.stream.AbstractPipeline.evaluate(AbstractPipeline.java:234)
	at java.base/java.util.stream.ReferencePipeline.findFirst(ReferencePipeline.java:647)
	at org.openqa.selenium.remote.ProtocolHandshake.createSession(ProtocolHandshake.java:128)
	at org.openqa.selenium.remote.ProtocolHandshake.createSession(ProtocolHandshake.java:74)
	at org.openqa.selenium.remote.HttpCommandExecutor.execute(HttpCommandExecutor.java:136)
	at org.openqa.selenium.remote.service.DriverCommandExecutor.execute(DriverCommandExecutor.java:83)
	at org.openqa.selenium.remote.RemoteWebDriver.execute(RemoteWebDriver.java:552)
	at org.openqa.selenium.remote.RemoteWebDriver.startSession(RemoteWebDriver.java:213)
	at org.openqa.selenium.remote.RemoteWebDriver.&lt;init&gt;(RemoteWebDriver.java:131)
	at org.openqa.selenium.edge.EdgeDriver.&lt;init&gt;(EdgeDriver.java:141)
	at org.openqa.selenium.edge.EdgeDriver.&lt;init&gt;(EdgeDriver.java:96)
	at baselibrary.Baselibrary11.getLaunchUrl(Baselibrary11.java:13)
	at test.Login_test.getLaunchgithub(Login_test.java:16)
	at java.base/jdk.internal.reflect.DirectMethodHandleAccessor.invoke(DirectMethodHandleAccessor.java:104)
	at java.base/java.lang.reflect.Method.invoke(Method.java:577)
	at org.testng.internal.invokers.MethodInvocationHelper.invokeMethod(MethodInvocationHelper.java:139)
	at org.testng.internal.invokers.MethodInvocationHelper.invokeMethodConsideringTimeout(MethodInvocationHelper.java:69)
	at org.testng.internal.invokers.ConfigInvoker.invokeConfigurationMethod(ConfigInvoker.java:361)
	at org.testng.internal.invokers.ConfigInvoker.invokeConfigurations(ConfigInvoker.java:296)
	at org.testng.TestRunner.invokeTestConfigurations(TestRunner.java:643)
	at org.testng.TestRunner.beforeRun(TestRunner.java:632)
	at org.testng.TestRunner.run(TestRunner.java:594)
	at org.testng.SuiteRunner.runTest(SuiteRunner.java:433)
	at org.testng.SuiteRunner.runSequentially(SuiteRunner.java:427)
	at org.testng.SuiteRunner.privateRun(SuiteRunner.java:387)
	at org.testng.SuiteRunner.run(SuiteRunner.java:330)
	at org.testng.SuiteRunnerWorker.runSuite(SuiteRunnerWorker.java:52)
	at org.testng.SuiteRunnerWorker.run(SuiteRunnerWorker.java:95)
	at org.testng.TestNG.runSuitesSequentially(TestNG.java:1256)
	at org.testng.TestNG.runSuitesLocally(TestNG.java:1176)
	at org.testng.TestNG.runSuites(TestNG.java:1099)
	at org.testng.TestNG.run(TestNG.java:1067)
	at org.testng.remote.AbstractRemoteTestNG.run(AbstractRemoteTestNG.java:115)
	at org.testng.remote.RemoteTestNG.initAndRun(RemoteTestNG.java:251)
	at org.testng.remote.RemoteTestNG.main(RemoteTestNG.java:77)
</pre></div></td>
<td>0</td>
<td>test.Login_test@436813f3</td></tr>
</table><p>
</body>
</html>