<?xml version="1.0" encoding="UTF-8"?>
<!-- Generated by org.testng.reporters.JUnitReportReporter -->
<testsuite hostname="Hemendra" failures="0" tests="21" name="test.Login_test" time="66.208" errors="1" timestamp="2023-04-18T00:50:23 IST" skipped="20">
  <testcase classname="test.Login_test" name="getLaunchgithub" time="66.196">
    <error message="chrome not reachable
Build info: version: &#039;3.141.59&#039;, revision: &#039;e82be7d358&#039;, time: &#039;2018-11-14T08:17:03&#039;
System info: host: &#039;HEMENDRA&#039;, ip: &#039;192.168.0.103&#039;, os.name: &#039;Windows 11&#039;, os.arch: &#039;amd64&#039;, os.version: &#039;10.0&#039;, java.version: &#039;18.0.1.1&#039;
Driver info: driver.version: EdgeDriver
remote stacktrace: Backtrace:
	GetHandleVerifier [0x00007FF6BBB6DF52+60274]
	Microsoft::Applications::Events::EventProperty::~EventProperty [0x00007FF6BBAFEBB2+818866]
	(No symbol) [0x00007FF6BB78DE16]
	(No symbol) [0x00007FF6BB77DA71]
	(No symbol) [0x00007FF6BB7BDDB5]
	(No symbol) [0x00007FF6BB7B8D24]
	(No symbol) [0x00007FF6BB7B440A]
	(No symbol) [0x00007FF6BB7F7341]
	(No symbol) [0x00007FF6BB7EF343]
	(No symbol) [0x00007FF6BB7C1796]
	(No symbol) [0x00007FF6BB7C0975]
	(No symbol) [0x00007FF6BB7C1F04]
	Microsoft::Applications::Events::EventProperties::SetLevel [0x00007FF6BBA027E7+1593703]
	Microsoft::Applications::Events::EventProperties::SetLevel [0x00007FF6BB8AAC6D+185837]
	Microsoft::Applications::Events::EventProperty::~EventProperty [0x00007FF6BBA3FD57+36951]
	Microsoft::Applications::Events::EventProperty::~EventProperty [0x00007FF6BBA37E65+4453]
	Microsoft::Applications::Events::ILogManager::DispatchEventBroadcast [0x00007FF6BBD3FD73+1319011]
	Microsoft::Applications::Events::EventProperty::~EventProperty [0x00007FF6BBB06C6C+851820]
	Microsoft::Applications::Events::EventProperty::~EventProperty [0x00007FF6BBB02CD4+835540]
	Microsoft::Applications::Events::EventProperty::~EventProperty [0x00007FF6BBB02E2C+835884]
	Microsoft::Applications::Events::EventProperty::~EventProperty [0x00007FF6BBAF8A01+793857]
	BaseThreadInitThunk [0x00007FFB5618269D+29]
	RtlUserThreadStart [0x00007FFB56C6A9F8+40]
" type="org.openqa.selenium.WebDriverException">
      <![CDATA[org.openqa.selenium.WebDriverException: chrome not reachable
Build info: version: '3.141.59', revision: 'e82be7d358', time: '2018-11-14T08:17:03'
System info: host: 'HEMENDRA', ip: '192.168.0.103', os.name: 'Windows 11', os.arch: 'amd64', os.version: '10.0', java.version: '18.0.1.1'
Driver info: driver.version: EdgeDriver
remote stacktrace: Backtrace:
GetHandleVerifier [0x00007FF6BBB6DF52+60274]
Microsoft::Applications::Events::EventProperty::~EventProperty [0x00007FF6BBAFEBB2+818866]
(No symbol) [0x00007FF6BB78DE16]
(No symbol) [0x00007FF6BB77DA71]
(No symbol) [0x00007FF6BB7BDDB5]
(No symbol) [0x00007FF6BB7B8D24]
(No symbol) [0x00007FF6BB7B440A]
(No symbol) [0x00007FF6BB7F7341]
(No symbol) [0x00007FF6BB7EF343]
(No symbol) [0x00007FF6BB7C1796]
(No symbol) [0x00007FF6BB7C0975]
(No symbol) [0x00007FF6BB7C1F04]
Microsoft::Applications::Events::EventProperties::SetLevel [0x00007FF6BBA027E7+1593703]
Microsoft::Applications::Events::EventProperties::SetLevel [0x00007FF6BB8AAC6D+185837]
Microsoft::Applications::Events::EventProperty::~EventProperty [0x00007FF6BBA3FD57+36951]
Microsoft::Applications::Events::EventProperty::~EventProperty [0x00007FF6BBA37E65+4453]
Microsoft::Applications::Events::ILogManager::DispatchEventBroadcast [0x00007FF6BBD3FD73+1319011]
Microsoft::Applications::Events::EventProperty::~EventProperty [0x00007FF6BBB06C6C+851820]
Microsoft::Applications::Events::EventProperty::~EventProperty [0x00007FF6BBB02CD4+835540]
Microsoft::Applications::Events::EventProperty::~EventProperty [0x00007FF6BBB02E2C+835884]
Microsoft::Applications::Events::EventProperty::~EventProperty [0x00007FF6BBAF8A01+793857]
BaseThreadInitThunk [0x00007FFB5618269D+29]
RtlUserThreadStart [0x00007FFB56C6A9F8+40]

at java.base/jdk.internal.reflect.DirectConstructorHandleAccessor.newInstance(DirectConstructorHandleAccessor.java:67)
at java.base/java.lang.reflect.Constructor.newInstanceWithCaller(Constructor.java:499)
at java.base/java.lang.reflect.Constructor.newInstance(Constructor.java:483)
at org.openqa.selenium.remote.W3CHandshakeResponse.lambda$errorHandler$0(W3CHandshakeResponse.java:62)
at org.openqa.selenium.remote.HandshakeResponse.lambda$getResponseFunction$0(HandshakeResponse.java:30)
at org.openqa.selenium.remote.ProtocolHandshake.lambda$createSession$0(ProtocolHandshake.java:126)
at java.base/java.util.stream.ReferencePipeline$3$1.accept(ReferencePipeline.java:197)
at java.base/java.util.Spliterators$ArraySpliterator.tryAdvance(Spliterators.java:1002)
at java.base/java.util.stream.ReferencePipeline.forEachWithCancel(ReferencePipeline.java:129)
at java.base/java.util.stream.AbstractPipeline.copyIntoWithCancel(AbstractPipeline.java:527)
at java.base/java.util.stream.AbstractPipeline.copyInto(AbstractPipeline.java:513)
at java.base/java.util.stream.AbstractPipeline.wrapAndCopyInto(AbstractPipeline.java:499)
at java.base/java.util.stream.FindOps$FindOp.evaluateSequential(FindOps.java:150)
at java.base/java.util.stream.AbstractPipeline.evaluate(AbstractPipeline.java:234)
at java.base/java.util.stream.ReferencePipeline.findFirst(ReferencePipeline.java:647)
at org.openqa.selenium.remote.ProtocolHandshake.createSession(ProtocolHandshake.java:128)
at org.openqa.selenium.remote.ProtocolHandshake.createSession(ProtocolHandshake.java:74)
at org.openqa.selenium.remote.HttpCommandExecutor.execute(HttpCommandExecutor.java:136)
at org.openqa.selenium.remote.service.DriverCommandExecutor.execute(DriverCommandExecutor.java:83)
at org.openqa.selenium.remote.RemoteWebDriver.execute(RemoteWebDriver.java:552)
at org.openqa.selenium.remote.RemoteWebDriver.startSession(RemoteWebDriver.java:213)
at org.openqa.selenium.remote.RemoteWebDriver.<init>(RemoteWebDriver.java:131)
at org.openqa.selenium.edge.EdgeDriver.<init>(EdgeDriver.java:141)
at org.openqa.selenium.edge.EdgeDriver.<init>(EdgeDriver.java:96)
at baselibrary.Baselibrary11.getLaunchUrl(Baselibrary11.java:13)
at test.Login_test.getLaunchgithub(Login_test.java:16)
at java.base/jdk.internal.reflect.DirectMethodHandleAccessor.invoke(DirectMethodHandleAccessor.java:104)
at java.base/java.lang.reflect.Method.invoke(Method.java:577)
at org.testng.internal.invokers.MethodInvocationHelper.invokeMethod(MethodInvocationHelper.java:139)
at org.testng.internal.invokers.MethodInvocationHelper.invokeMethodConsideringTimeout(MethodInvocationHelper.java:69)
at org.testng.internal.invokers.ConfigInvoker.invokeConfigurationMethod(ConfigInvoker.java:361)
at org.testng.internal.invokers.ConfigInvoker.invokeConfigurations(ConfigInvoker.java:296)
at org.testng.TestRunner.invokeTestConfigurations(TestRunner.java:643)
at org.testng.TestRunner.beforeRun(TestRunner.java:632)
at org.testng.TestRunner.run(TestRunner.java:594)
at org.testng.SuiteRunner.runTest(SuiteRunner.java:433)
at org.testng.SuiteRunner.runSequentially(SuiteRunner.java:427)
at org.testng.SuiteRunner.privateRun(SuiteRunner.java:387)
at org.testng.SuiteRunner.run(SuiteRunner.java:330)
at org.testng.SuiteRunnerWorker.runSuite(SuiteRunnerWorker.java:52)
at org.testng.SuiteRunnerWorker.run(SuiteRunnerWorker.java:95)
at org.testng.TestNG.runSuitesSequentially(TestNG.java:1256)
at org.testng.TestNG.runSuitesLocally(TestNG.java:1176)
at org.testng.TestNG.runSuites(TestNG.java:1099)
at org.testng.TestNG.run(TestNG.java:1067)
at org.testng.remote.AbstractRemoteTestNG.run(AbstractRemoteTestNG.java:115)
at org.testng.remote.RemoteTestNG.initAndRun(RemoteTestNG.java:251)
at org.testng.remote.RemoteTestNG.main(RemoteTestNG.java:77)
]]>
    </error>
  </testcase> <!-- getLaunchgithub -->
  <system-out/>
  <testcase classname="test.Login_test" name="getVerifyTitle" time="0.000">
    <skipped/>
  </testcase> <!-- getVerifyTitle -->
  <system-out/>
  <testcase classname="test.Login_test" name="clickonsign" time="0.001">
    <skipped/>
  </testcase> <!-- clickonsign -->
  <system-out/>
  <testcase classname="test.Login_test" name="sendusername" time="0.001">
    <skipped/>
  </testcase> <!-- sendusername -->
  <system-out/>
  <testcase classname="test.Login_test" name="sendpassword" time="0.001">
    <skipped/>
  </testcase> <!-- sendpassword -->
  <system-out/>
  <testcase classname="test.Login_test" name="clickonsigninbutton" time="0.005">
    <skipped/>
  </testcase> <!-- clickonsigninbutton -->
  <system-out/>
  <testcase classname="test.Login_test" name="clickonnewbutton" time="0.000">
    <skipped/>
  </testcase> <!-- clickonnewbutton -->
  <system-out/>
  <testcase classname="test.Login_test" name="Createrepo" time="0.001">
    <skipped/>
  </testcase> <!-- Createrepo -->
  <system-out/>
  <testcase classname="test.Login_test" name="clickonissue" time="0.000">
    <skipped/>
  </testcase> <!-- clickonissue -->
  <system-out/>
  <testcase classname="test.Login_test" name="clickonnewissue" time="0.002">
    <skipped/>
  </testcase> <!-- clickonnewissue -->
  <system-out/>
  <testcase classname="test.Login_test" name="createnewissue" time="0.000">
    <skipped/>
  </testcase> <!-- createnewissue -->
  <system-out/>
  <testcase classname="test.Login_test" name="clickonnewissue1" time="0.000">
    <skipped/>
  </testcase> <!-- clickonnewissue1 -->
  <system-out/>
  <testcase classname="test.Login_test" name="createnewissue1" time="0.000">
    <skipped/>
  </testcase> <!-- createnewissue1 -->
  <system-out/>
  <testcase classname="test.Login_test" name="Addcomments" time="0.000">
    <skipped/>
  </testcase> <!-- Addcomments -->
  <system-out/>
  <testcase classname="test.Login_test" name="verifynewlink" time="0.001">
    <skipped/>
  </testcase> <!-- verifynewlink -->
  <system-out/>
  <testcase classname="test.Login_test" name="clickonsetting" time="0.000">
    <skipped/>
  </testcase> <!-- clickonsetting -->
  <system-out/>
  <testcase classname="test.Login_test" name="clickondeleterepo" time="0.000">
    <skipped/>
  </testcase> <!-- clickondeleterepo -->
  <system-out/>
  <testcase classname="test.Login_test" name="clickondeleterepobutton" time="0.000">
    <skipped/>
  </testcase> <!-- clickondeleterepobutton -->
  <system-out/>
  <testcase classname="test.Login_test" name="getsuccesfullmsg" time="0.000">
    <skipped/>
  </testcase> <!-- getsuccesfullmsg -->
  <system-out/>
  <testcase classname="test.Login_test" name="clickonHomebutton" time="0.000">
    <skipped/>
  </testcase> <!-- clickonHomebutton -->
  <system-out/>
  <testcase classname="test.Login_test" name="GetverifyRepo" time="0.000">
    <skipped/>
  </testcase> <!-- GetverifyRepo -->
  <system-out/>
</testsuite> <!-- test.Login_test -->
